[ 2015-01-06T12:17:33+08:00 ] 0.0.0.0 /OJ1/index.php/Index/Ranklist?info=3
ERR: 无法加载模块:Ranklist

[ 2015-01-06T12:18:12+08:00 ] 0.0.0.0 /OJ1/index.php/Index/Index/Login
INFO: [ app_begin ] --START--
INFO: ReadHtmlCache Behavior ::run [ RunTime:0.000348s ]
INFO: [ app_begin ] --END-- [ RunTime:0.000394s ]
NOTIC: [8192] mysql_connect(): The mysql extension is deprecated and will be removed in the future: use mysqli or PDO instead G:\WWW\OJ1\ThinkPHP\Lib\Driver\Db\DbMysql.class.php 第 55 行.
SQL: SHOW COLUMNS FROM `user` [ RunTime:0.129067s ]
NOTIC: [8192] preg_replace(): The /e modifier is deprecated, use preg_replace_callback instead G:\WWW\OJ1\ThinkPHP\Lib\Core\Db.class.php 第 604 行.
SQL: SELECT * FROM `user` WHERE ( `username` = 'test' ) LIMIT 1   [ RunTime:0.000465s ]

[ 2015-01-06T12:19:27+08:00 ] 0.0.0.0 /OJ1/index.php/Index/Index/Checkvalue
INFO: [ app_begin ] --START--
INFO: ReadHtmlCache Behavior ::run [ RunTime:0.000422s ]
INFO: [ app_begin ] --END-- [ RunTime:0.000462s ]

[ 2015-01-06T12:20:03+08:00 ] 0.0.0.0 /OJ1/index.php/Index/Index/Login
INFO: [ app_begin ] --START--
INFO: ReadHtmlCache Behavior ::run [ RunTime:0.000380s ]
INFO: [ app_begin ] --END-- [ RunTime:0.000423s ]
NOTIC: [8192] mysql_connect(): The mysql extension is deprecated and will be removed in the future: use mysqli or PDO instead G:\WWW\OJ1\ThinkPHP\Lib\Driver\Db\DbMysql.class.php 第 55 行.
SQL: SHOW COLUMNS FROM `user` [ RunTime:0.003328s ]
NOTIC: [8192] preg_replace(): The /e modifier is deprecated, use preg_replace_callback instead G:\WWW\OJ1\ThinkPHP\Lib\Core\Db.class.php 第 604 行.
SQL: SELECT * FROM `user` WHERE ( `username` = 'test' ) LIMIT 1   [ RunTime:0.000365s ]

[ 2015-01-06T12:20:15+08:00 ] 0.0.0.0 /OJ1/index.php/Contest/verify
ERR: 无法加载模块:verify

[ 2015-01-06T12:20:18+08:00 ] 0.0.0.0 /OJ1/index.php/Contest/Index/Form
INFO: [ app_begin ] --START--
INFO: ReadHtmlCache Behavior ::run [ RunTime:0.000348s ]
INFO: [ app_begin ] --END-- [ RunTime:0.000394s ]
NOTIC: [8192] mysql_connect(): The mysql extension is deprecated and will be removed in the future: use mysqli or PDO instead G:\WWW\OJ1\ThinkPHP\Lib\Driver\Db\DbMysql.class.php 第 55 行.
SQL: SHOW COLUMNS FROM `contest` [ RunTime:0.003061s ]
NOTIC: [8192] preg_replace(): The /e modifier is deprecated, use preg_replace_callback instead G:\WWW\OJ1\ThinkPHP\Lib\Core\Db.class.php 第 604 行.
SQL: SELECT * FROM `contest` WHERE ( `cid` = 1 )  [ RunTime:0.014426s ]

[ 2015-01-06T12:20:18+08:00 ] 0.0.0.0 /OJ1/index.php/Contest/Index/verify
ERR: 非法操作:verify

[ 2015-01-06T12:20:19+08:00 ] 0.0.0.0 /OJ1/index.php/Contest/Index/Newscount
INFO: [ app_begin ] --START--
INFO: ReadHtmlCache Behavior ::run [ RunTime:0.000459s ]
INFO: [ app_begin ] --END-- [ RunTime:0.000503s ]
NOTIC: [8192] mysql_connect(): The mysql extension is deprecated and will be removed in the future: use mysqli or PDO instead G:\WWW\OJ1\ThinkPHP\Lib\Driver\Db\DbMysql.class.php 第 55 行.
SQL: select * from news where cid=1 [ RunTime:0.000345s ]

[ 2015-01-06T12:20:20+08:00 ] 0.0.0.0 /OJ1/index.php/Contest/verify
ERR: 无法加载模块:verify

[ 2015-01-06T12:20:22+08:00 ] 0.0.0.0 /OJ1/index.php/Index/verify
ERR: 无法加载模块:verify

[ 2015-01-06T12:21:19+08:00 ] 0.0.0.0 /OJ1/index.php/Index/Index/Problemlist
ERR: 模板不存在[./php/Tpl/Index/Index/Problemlist.html]

[ 2015-01-06T12:21:26+08:00 ] 0.0.0.0 /OJ1/index.php/Index/Index/Problemlist
ERR: 模板不存在[./php/Tpl/Index/Index/Problemlist.html]

[ 2015-01-06T12:22:27+08:00 ] 0.0.0.0 /OJ1/index.php/Index/Problemlist?page=2
ERR: 无法加载模块:Problemlist

[ 2015-01-06T12:22:50+08:00 ] 0.0.0.0 /OJ1/index.php/Index/Problemlist?info=a
ERR: 无法加载模块:Problemlist

[ 2015-01-06T12:27:29+08:00 ] 0.0.0.0 /OJ1/index.php/Index/Index/Checkvalue
INFO: [ app_begin ] --START--
INFO: ReadHtmlCache Behavior ::run [ RunTime:0.000399s ]
INFO: [ app_begin ] --END-- [ RunTime:0.000443s ]

[ 2015-01-06T12:28:17+08:00 ] 0.0.0.0 /OJ1/index.php/Index/Index/Login
INFO: [ app_begin ] --START--
INFO: ReadHtmlCache Behavior ::run [ RunTime:0.000397s ]
INFO: [ app_begin ] --END-- [ RunTime:0.000442s ]
NOTIC: [8192] mysql_connect(): The mysql extension is deprecated and will be removed in the future: use mysqli or PDO instead G:\WWW\OJ1\ThinkPHP\Lib\Driver\Db\DbMysql.class.php 第 55 行.
SQL: SHOW COLUMNS FROM `user` [ RunTime:0.003408s ]
NOTIC: [8192] preg_replace(): The /e modifier is deprecated, use preg_replace_callback instead G:\WWW\OJ1\ThinkPHP\Lib\Core\Db.class.php 第 604 行.
SQL: SELECT * FROM `user` WHERE ( `username` = 'test' ) LIMIT 1   [ RunTime:0.000318s ]

[ 2015-01-06T12:30:21+08:00 ] 0.0.0.0 /OJ1/index.php/Index/Index/Checkvalue
INFO: [ app_begin ] --START--
INFO: ReadHtmlCache Behavior ::run [ RunTime:0.000404s ]
INFO: [ app_begin ] --END-- [ RunTime:0.000442s ]

[ 2015-01-06T12:30:27+08:00 ] 0.0.0.0 /OJ1/index.php/Index/Index/Login
INFO: [ app_begin ] --START--
INFO: ReadHtmlCache Behavior ::run [ RunTime:0.000352s ]
INFO: [ app_begin ] --END-- [ RunTime:0.000397s ]
NOTIC: [8192] mysql_connect(): The mysql extension is deprecated and will be removed in the future: use mysqli or PDO instead G:\WWW\OJ1\ThinkPHP\Lib\Driver\Db\DbMysql.class.php 第 55 行.
SQL: SHOW COLUMNS FROM `user` [ RunTime:0.003294s ]
NOTIC: [8192] preg_replace(): The /e modifier is deprecated, use preg_replace_callback instead G:\WWW\OJ1\ThinkPHP\Lib\Core\Db.class.php 第 604 行.
SQL: SELECT * FROM `user` WHERE ( `username` = 'test' ) LIMIT 1   [ RunTime:0.000319s ]

[ 2015-01-06T12:31:52+08:00 ] 0.0.0.0 /OJ1/index.php/Index/Index/Checkvalue
INFO: [ app_begin ] --START--
INFO: ReadHtmlCache Behavior ::run [ RunTime:0.000439s ]
INFO: [ app_begin ] --END-- [ RunTime:0.000482s ]

[ 2015-01-06T12:32:09+08:00 ] 0.0.0.0 /OJ1/index.php/Index/Index/Login
INFO: [ app_begin ] --START--
INFO: ReadHtmlCache Behavior ::run [ RunTime:0.000398s ]
INFO: [ app_begin ] --END-- [ RunTime:0.000444s ]
NOTIC: [8192] mysql_connect(): The mysql extension is deprecated and will be removed in the future: use mysqli or PDO instead G:\WWW\OJ1\ThinkPHP\Lib\Driver\Db\DbMysql.class.php 第 55 行.
SQL: SHOW COLUMNS FROM `user` [ RunTime:0.003030s ]
NOTIC: [8192] preg_replace(): The /e modifier is deprecated, use preg_replace_callback instead G:\WWW\OJ1\ThinkPHP\Lib\Core\Db.class.php 第 604 行.
SQL: SELECT * FROM `user` WHERE ( `username` = 'z309241990' ) LIMIT 1   [ RunTime:0.000278s ]

[ 2015-01-06T12:34:51+08:00 ] 0.0.0.0 /OJ1/index.php/Index/Index/Checkvalue
INFO: [ app_begin ] --START--
INFO: ReadHtmlCache Behavior ::run [ RunTime:0.000362s ]
INFO: [ app_begin ] --END-- [ RunTime:0.000399s ]

[ 2015-01-06T12:34:54+08:00 ] 0.0.0.0 /OJ1/index.php/Index/Index/Login
INFO: [ app_begin ] --START--
INFO: ReadHtmlCache Behavior ::run [ RunTime:0.000428s ]
INFO: [ app_begin ] --END-- [ RunTime:0.000478s ]
NOTIC: [8192] mysql_connect(): The mysql extension is deprecated and will be removed in the future: use mysqli or PDO instead G:\WWW\OJ1\ThinkPHP\Lib\Driver\Db\DbMysql.class.php 第 55 行.
SQL: SHOW COLUMNS FROM `user` [ RunTime:0.002995s ]
NOTIC: [8192] preg_replace(): The /e modifier is deprecated, use preg_replace_callback instead G:\WWW\OJ1\ThinkPHP\Lib\Core\Db.class.php 第 604 行.
SQL: SELECT * FROM `user` WHERE ( `username` = 'test' ) LIMIT 1   [ RunTime:0.000262s ]

[ 2015-01-06T12:35:27+08:00 ] 0.0.0.0 /OJ1/index.php/Index/Index/Checkvalue
INFO: [ app_begin ] --START--
INFO: ReadHtmlCache Behavior ::run [ RunTime:0.000383s ]
INFO: [ app_begin ] --END-- [ RunTime:0.000421s ]

[ 2015-01-06T12:37:42+08:00 ] 0.0.0.0 /OJ1/index.php/Index/Index/Login
INFO: [ app_begin ] --START--
INFO: ReadHtmlCache Behavior ::run [ RunTime:0.000341s ]
INFO: [ app_begin ] --END-- [ RunTime:0.000381s ]
NOTIC: [8192] mysql_connect(): The mysql extension is deprecated and will be removed in the future: use mysqli or PDO instead G:\WWW\OJ1\ThinkPHP\Lib\Driver\Db\DbMysql.class.php 第 55 行.
SQL: SHOW COLUMNS FROM `user` [ RunTime:0.003225s ]
NOTIC: [8192] preg_replace(): The /e modifier is deprecated, use preg_replace_callback instead G:\WWW\OJ1\ThinkPHP\Lib\Core\Db.class.php 第 604 行.
SQL: SELECT * FROM `user` WHERE ( `username` = 'test' ) LIMIT 1   [ RunTime:0.000417s ]

[ 2015-01-06T12:39:16+08:00 ] 0.0.0.0 /OJ1/index.php/Index/Index/Checkvalue
INFO: [ app_begin ] --START--
INFO: ReadHtmlCache Behavior ::run [ RunTime:0.000348s ]
INFO: [ app_begin ] --END-- [ RunTime:0.000400s ]

[ 2015-01-06T12:39:26+08:00 ] 0.0.0.0 /OJ1/index.php/Index/Index/Login
INFO: [ app_begin ] --START--
INFO: ReadHtmlCache Behavior ::run [ RunTime:0.000443s ]
INFO: [ app_begin ] --END-- [ RunTime:0.000516s ]
NOTIC: [8192] mysql_connect(): The mysql extension is deprecated and will be removed in the future: use mysqli or PDO instead G:\WWW\OJ1\ThinkPHP\Lib\Driver\Db\DbMysql.class.php 第 55 行.
SQL: SHOW COLUMNS FROM `user` [ RunTime:0.003190s ]
NOTIC: [8192] preg_replace(): The /e modifier is deprecated, use preg_replace_callback instead G:\WWW\OJ1\ThinkPHP\Lib\Core\Db.class.php 第 604 行.
SQL: SELECT * FROM `user` WHERE ( `username` = 'test' ) LIMIT 1   [ RunTime:0.000365s ]

[ 2015-01-06T12:42:40+08:00 ] 0.0.0.0 /OJ1/index.php/Index/verify
ERR: 无法加载模块:verify

[ 2015-01-06T12:42:41+08:00 ] 0.0.0.0 /OJ1/index.php/Index/verify
ERR: 无法加载模块:verify

[ 2015-01-06T12:42:45+08:00 ] 0.0.0.0 /OJ1/index.php/Index/Index/Checkvalue
INFO: [ app_begin ] --START--
INFO: ReadHtmlCache Behavior ::run [ RunTime:0.000366s ]
INFO: [ app_begin ] --END-- [ RunTime:0.000406s ]

[ 2015-01-06T12:43:11+08:00 ] 0.0.0.0 /OJ1/index.php/Index/Index/Login
INFO: [ app_begin ] --START--
INFO: ReadHtmlCache Behavior ::run [ RunTime:0.000373s ]
INFO: [ app_begin ] --END-- [ RunTime:0.000418s ]
NOTIC: [8192] mysql_connect(): The mysql extension is deprecated and will be removed in the future: use mysqli or PDO instead G:\WWW\OJ1\ThinkPHP\Lib\Driver\Db\DbMysql.class.php 第 55 行.
SQL: SHOW COLUMNS FROM `user` [ RunTime:0.003233s ]
NOTIC: [8192] preg_replace(): The /e modifier is deprecated, use preg_replace_callback instead G:\WWW\OJ1\ThinkPHP\Lib\Core\Db.class.php 第 604 行.
SQL: SELECT * FROM `user` WHERE ( `username` = 'scs' ) LIMIT 1   [ RunTime:0.000378s ]

[ 2015-01-06T12:43:26+08:00 ] 0.0.0.0 /OJ1/index.php/Contest/verify
ERR: 无法加载模块:verify

[ 2015-01-06T12:43:27+08:00 ] 0.0.0.0 /OJ1/index.php/Contest/Index/Form
INFO: [ app_begin ] --START--
INFO: ReadHtmlCache Behavior ::run [ RunTime:0.000381s ]
INFO: [ app_begin ] --END-- [ RunTime:0.000427s ]
NOTIC: [8192] mysql_connect(): The mysql extension is deprecated and will be removed in the future: use mysqli or PDO instead G:\WWW\OJ1\ThinkPHP\Lib\Driver\Db\DbMysql.class.php 第 55 行.
SQL: SHOW COLUMNS FROM `contest` [ RunTime:0.039651s ]
NOTIC: [8192] preg_replace(): The /e modifier is deprecated, use preg_replace_callback instead G:\WWW\OJ1\ThinkPHP\Lib\Core\Db.class.php 第 604 行.
SQL: SELECT * FROM `contest` WHERE ( `cid` = 2 )  [ RunTime:0.000373s ]
SQL: SHOW COLUMNS FROM `contest_user` [ RunTime:0.022004s ]
NOTIC: [8192] preg_replace(): The /e modifier is deprecated, use preg_replace_callback instead G:\WWW\OJ1\ThinkPHP\Lib\Core\Db.class.php 第 604 行.
SQL: SELECT * FROM `contest_user` WHERE ( `uid` = 6 ) AND ( `cid` = 2 )  [ RunTime:0.066564s ]

[ 2015-01-06T12:43:32+08:00 ] 0.0.0.0 /OJ1/index.php/Contest/Index/Form
INFO: [ app_begin ] --START--
INFO: ReadHtmlCache Behavior ::run [ RunTime:0.000455s ]
INFO: [ app_begin ] --END-- [ RunTime:0.000505s ]
NOTIC: [8192] mysql_connect(): The mysql extension is deprecated and will be removed in the future: use mysqli or PDO instead G:\WWW\OJ1\ThinkPHP\Lib\Driver\Db\DbMysql.class.php 第 55 行.
SQL: SHOW COLUMNS FROM `contest` [ RunTime:0.002948s ]
NOTIC: [8192] preg_replace(): The /e modifier is deprecated, use preg_replace_callback instead G:\WWW\OJ1\ThinkPHP\Lib\Core\Db.class.php 第 604 行.
SQL: SELECT * FROM `contest` WHERE ( `cid` = 3 )  [ RunTime:0.000333s ]
NOTIC: [8] Undefined index: item G:\WWW\OJ1\php\Lib\Action\Contest\IndexAction.class.php 第 63 行.

[ 2015-01-06T12:43:35+08:00 ] 0.0.0.0 /OJ1/index.php/Contest/Index/Form
INFO: [ app_begin ] --START--
INFO: ReadHtmlCache Behavior ::run [ RunTime:0.000360s ]
INFO: [ app_begin ] --END-- [ RunTime:0.000412s ]
NOTIC: [8192] mysql_connect(): The mysql extension is deprecated and will be removed in the future: use mysqli or PDO instead G:\WWW\OJ1\ThinkPHP\Lib\Driver\Db\DbMysql.class.php 第 55 行.
SQL: SHOW COLUMNS FROM `contest` [ RunTime:0.011473s ]
NOTIC: [8192] preg_replace(): The /e modifier is deprecated, use preg_replace_callback instead G:\WWW\OJ1\ThinkPHP\Lib\Core\Db.class.php 第 604 行.
SQL: SELECT * FROM `contest` WHERE ( `cid` = 3 )  [ RunTime:0.000340s ]
NOTIC: [8] Undefined index: item G:\WWW\OJ1\php\Lib\Action\Contest\IndexAction.class.php 第 63 行.

[ 2015-01-06T12:43:40+08:00 ] 0.0.0.0 /OJ1/index.php/Contest/Index/Form
INFO: [ app_begin ] --START--
INFO: ReadHtmlCache Behavior ::run [ RunTime:0.000372s ]
INFO: [ app_begin ] --END-- [ RunTime:0.000417s ]
NOTIC: [8192] mysql_connect(): The mysql extension is deprecated and will be removed in the future: use mysqli or PDO instead G:\WWW\OJ1\ThinkPHP\Lib\Driver\Db\DbMysql.class.php 第 55 行.
SQL: SHOW COLUMNS FROM `contest` [ RunTime:0.002831s ]
NOTIC: [8192] preg_replace(): The /e modifier is deprecated, use preg_replace_callback instead G:\WWW\OJ1\ThinkPHP\Lib\Core\Db.class.php 第 604 行.
SQL: SELECT * FROM `contest` WHERE ( `cid` = 3 )  [ RunTime:0.000303s ]
NOTIC: [8] Undefined index: item G:\WWW\OJ1\php\Lib\Action\Contest\IndexAction.class.php 第 63 行.

[ 2015-01-06T12:43:42+08:00 ] 0.0.0.0 /OJ1/index.php/Contest/Index/Form
INFO: [ app_begin ] --START--
INFO: ReadHtmlCache Behavior ::run [ RunTime:0.000440s ]
INFO: [ app_begin ] --END-- [ RunTime:0.000495s ]
NOTIC: [8192] mysql_connect(): The mysql extension is deprecated and will be removed in the future: use mysqli or PDO instead G:\WWW\OJ1\ThinkPHP\Lib\Driver\Db\DbMysql.class.php 第 55 行.
SQL: SHOW COLUMNS FROM `contest` [ RunTime:0.003053s ]
NOTIC: [8192] preg_replace(): The /e modifier is deprecated, use preg_replace_callback instead G:\WWW\OJ1\ThinkPHP\Lib\Core\Db.class.php 第 604 行.
SQL: SELECT * FROM `contest` WHERE ( `cid` = 3 )  [ RunTime:0.000326s ]
NOTIC: [8] Undefined index: item G:\WWW\OJ1\php\Lib\Action\Contest\IndexAction.class.php 第 63 行.

[ 2015-01-06T12:43:50+08:00 ] 0.0.0.0 /OJ1/index.php/Contest/Index/Form
INFO: [ app_begin ] --START--
INFO: ReadHtmlCache Behavior ::run [ RunTime:0.000422s ]
INFO: [ app_begin ] --END-- [ RunTime:0.000471s ]
NOTIC: [8192] mysql_connect(): The mysql extension is deprecated and will be removed in the future: use mysqli or PDO instead G:\WWW\OJ1\ThinkPHP\Lib\Driver\Db\DbMysql.class.php 第 55 行.
SQL: SHOW COLUMNS FROM `contest` [ RunTime:0.002972s ]
NOTIC: [8192] preg_replace(): The /e modifier is deprecated, use preg_replace_callback instead G:\WWW\OJ1\ThinkPHP\Lib\Core\Db.class.php 第 604 行.
SQL: SELECT * FROM `contest` WHERE ( `cid` = 1 )  [ RunTime:0.000314s ]

[ 2015-01-06T12:43:50+08:00 ] 0.0.0.0 /OJ1/index.php/Contest/Index/verify
ERR: 非法操作:verify

[ 2015-01-06T12:43:51+08:00 ] 0.0.0.0 /OJ1/index.php/Contest/Index/Newscount
INFO: [ app_begin ] --START--
INFO: ReadHtmlCache Behavior ::run [ RunTime:0.000342s ]
INFO: [ app_begin ] --END-- [ RunTime:0.000383s ]
NOTIC: [8192] mysql_connect(): The mysql extension is deprecated and will be removed in the future: use mysqli or PDO instead G:\WWW\OJ1\ThinkPHP\Lib\Driver\Db\DbMysql.class.php 第 55 行.
SQL: select * from news where cid=1 [ RunTime:0.000416s ]

[ 2015-01-06T12:43:51+08:00 ] 0.0.0.0 /OJ1/index.php/Contest/Index/verify
ERR: 非法操作:verify

[ 2015-01-06T12:43:52+08:00 ] 0.0.0.0 /OJ1/index.php/Contest/Index/verify
ERR: 非法操作:verify

[ 2015-01-06T12:43:53+08:00 ] 0.0.0.0 /OJ1/index.php/Contest/Index/verify
ERR: 非法操作:verify

[ 2015-01-06T12:43:54+08:00 ] 0.0.0.0 /OJ1/index.php/Contest/Index/Newscount
INFO: [ app_begin ] --START--
INFO: ReadHtmlCache Behavior ::run [ RunTime:0.000448s ]
INFO: [ app_begin ] --END-- [ RunTime:0.000497s ]
NOTIC: [8192] mysql_connect(): The mysql extension is deprecated and will be removed in the future: use mysqli or PDO instead G:\WWW\OJ1\ThinkPHP\Lib\Driver\Db\DbMysql.class.php 第 55 行.
SQL: select * from news where cid=1 [ RunTime:0.000296s ]

[ 2015-01-06T12:43:55+08:00 ] 0.0.0.0 /OJ1/index.php/Contest/Index/Newscount
INFO: [ app_begin ] --START--
INFO: ReadHtmlCache Behavior ::run [ RunTime:0.000456s ]
INFO: [ app_begin ] --END-- [ RunTime:0.000514s ]
NOTIC: [8192] mysql_connect(): The mysql extension is deprecated and will be removed in the future: use mysqli or PDO instead G:\WWW\OJ1\ThinkPHP\Lib\Driver\Db\DbMysql.class.php 第 55 行.
SQL: select * from news where cid=1 [ RunTime:0.000384s ]

[ 2015-01-06T12:43:56+08:00 ] 0.0.0.0 /OJ1/index.php/Contest/Index/Newscount
INFO: [ app_begin ] --START--
INFO: ReadHtmlCache Behavior ::run [ RunTime:0.000554s ]
INFO: [ app_begin ] --END-- [ RunTime:0.000629s ]
NOTIC: [8192] mysql_connect(): The mysql extension is deprecated and will be removed in the future: use mysqli or PDO instead G:\WWW\OJ1\ThinkPHP\Lib\Driver\Db\DbMysql.class.php 第 55 行.
SQL: select * from news where cid=1 [ RunTime:0.000383s ]

[ 2015-01-06T12:43:57+08:00 ] 0.0.0.0 /OJ1/index.php/Contest/Index/verify
ERR: 非法操作:verify

[ 2015-01-06T12:43:58+08:00 ] 0.0.0.0 /OJ1/index.php/Contest/Index/verify
ERR: 非法操作:verify

[ 2015-01-06T12:43:58+08:00 ] 0.0.0.0 /OJ1/index.php/Contest/Index/verify
ERR: 非法操作:verify

[ 2015-01-06T12:43:59+08:00 ] 0.0.0.0 /OJ1/index.php/Contest/Index/verify
ERR: 非法操作:verify

[ 2015-01-06T12:44:00+08:00 ] 0.0.0.0 /OJ1/index.php/Contest/Index/verify
ERR: 非法操作:verify

[ 2015-01-06T12:44:01+08:00 ] 0.0.0.0 /OJ1/index.php/Contest/Index/verify
ERR: 非法操作:verify

[ 2015-01-06T12:44:01+08:00 ] 0.0.0.0 /OJ1/index.php/Contest/Index/verify
ERR: 非法操作:verify

[ 2015-01-06T12:44:02+08:00 ] 0.0.0.0 /OJ1/index.php/Contest/Index/verify
ERR: 非法操作:verify

[ 2015-01-06T12:44:02+08:00 ] 0.0.0.0 /OJ1/index.php/Contest/Index/verify
ERR: 非法操作:verify

[ 2015-01-06T12:44:03+08:00 ] 0.0.0.0 /OJ1/index.php/Contest/Index/verify
ERR: 非法操作:verify

[ 2015-01-06T12:44:04+08:00 ] 0.0.0.0 /OJ1/index.php/Contest/Index/Newscount
INFO: [ app_begin ] --START--
INFO: ReadHtmlCache Behavior ::run [ RunTime:0.000447s ]
INFO: [ app_begin ] --END-- [ RunTime:0.000489s ]
NOTIC: [8192] mysql_connect(): The mysql extension is deprecated and will be removed in the future: use mysqli or PDO instead G:\WWW\OJ1\ThinkPHP\Lib\Driver\Db\DbMysql.class.php 第 55 行.
SQL: select * from news where cid=1 [ RunTime:0.000286s ]

[ 2015-01-06T12:44:05+08:00 ] 0.0.0.0 /OJ1/index.php/Contest/Index/Newscount
INFO: [ app_begin ] --START--
INFO: ReadHtmlCache Behavior ::run [ RunTime:0.000354s ]
INFO: [ app_begin ] --END-- [ RunTime:0.000402s ]
NOTIC: [8192] mysql_connect(): The mysql extension is deprecated and will be removed in the future: use mysqli or PDO instead G:\WWW\OJ1\ThinkPHP\Lib\Driver\Db\DbMysql.class.php 第 55 行.
SQL: select * from news where cid=1 [ RunTime:0.000452s ]

[ 2015-01-06T12:44:06+08:00 ] 0.0.0.0 /OJ1/index.php/Contest/Index/Newscount
INFO: [ app_begin ] --START--
INFO: ReadHtmlCache Behavior ::run [ RunTime:0.000389s ]
INFO: [ app_begin ] --END-- [ RunTime:0.000442s ]
NOTIC: [8192] mysql_connect(): The mysql extension is deprecated and will be removed in the future: use mysqli or PDO instead G:\WWW\OJ1\ThinkPHP\Lib\Driver\Db\DbMysql.class.php 第 55 行.
SQL: select * from news where cid=1 [ RunTime:0.000433s ]

[ 2015-01-06T12:44:07+08:00 ] 0.0.0.0 /OJ1/index.php/Contest/Index/Newscount
INFO: [ app_begin ] --START--
INFO: ReadHtmlCache Behavior ::run [ RunTime:0.000436s ]
INFO: [ app_begin ] --END-- [ RunTime:0.000488s ]
NOTIC: [8192] mysql_connect(): The mysql extension is deprecated and will be removed in the future: use mysqli or PDO instead G:\WWW\OJ1\ThinkPHP\Lib\Driver\Db\DbMysql.class.php 第 55 行.
SQL: select * from news where cid=1 [ RunTime:0.000285s ]

[ 2015-01-06T13:07:07+08:00 ] 0.0.0.0 /OJ1/index.php/Contest/verify
ERR: 无法加载模块:verify

[ 2015-01-06T13:07:09+08:00 ] 0.0.0.0 /OJ1/index.php/Contest/Index/Form
INFO: [ app_begin ] --START--
INFO: ReadHtmlCache Behavior ::run [ RunTime:0.000364s ]
INFO: [ app_begin ] --END-- [ RunTime:0.000411s ]
NOTIC: [8192] mysql_connect(): The mysql extension is deprecated and will be removed in the future: use mysqli or PDO instead G:\WWW\OJ1\ThinkPHP\Lib\Driver\Db\DbMysql.class.php 第 55 行.
SQL: SHOW COLUMNS FROM `contest` [ RunTime:0.002876s ]
NOTIC: [8192] preg_replace(): The /e modifier is deprecated, use preg_replace_callback instead G:\WWW\OJ1\ThinkPHP\Lib\Core\Db.class.php 第 604 行.
SQL: SELECT * FROM `contest` WHERE ( `cid` = 1 )  [ RunTime:0.000306s ]

[ 2015-01-06T13:07:09+08:00 ] 0.0.0.0 /OJ1/index.php/Contest/Index/verify
ERR: 非法操作:verify

[ 2015-01-06T13:07:10+08:00 ] 0.0.0.0 /OJ1/index.php/Contest/Index/Newscount
INFO: [ app_begin ] --START--
INFO: ReadHtmlCache Behavior ::run [ RunTime:0.000361s ]
INFO: [ app_begin ] --END-- [ RunTime:0.000406s ]
NOTIC: [8192] mysql_connect(): The mysql extension is deprecated and will be removed in the future: use mysqli or PDO instead G:\WWW\OJ1\ThinkPHP\Lib\Driver\Db\DbMysql.class.php 第 55 行.
SQL: select * from news where cid=1 [ RunTime:0.000318s ]

[ 2015-01-06T13:07:10+08:00 ] 0.0.0.0 /OJ1/index.php/Contest/Index/verify
ERR: 非法操作:verify

[ 2015-01-06T13:07:11+08:00 ] 0.0.0.0 /OJ1/index.php/Contest/Index/Newscount
INFO: [ app_begin ] --START--
INFO: ReadHtmlCache Behavior ::run [ RunTime:0.000387s ]
INFO: [ app_begin ] --END-- [ RunTime:0.000427s ]
NOTIC: [8192] mysql_connect(): The mysql extension is deprecated and will be removed in the future: use mysqli or PDO instead G:\WWW\OJ1\ThinkPHP\Lib\Driver\Db\DbMysql.class.php 第 55 行.
SQL: select * from news where cid=1 [ RunTime:0.000390s ]

[ 2015-01-06T13:07:12+08:00 ] 0.0.0.0 /OJ1/index.php/Contest/Index/Newscount
INFO: [ app_begin ] --START--
INFO: ReadHtmlCache Behavior ::run [ RunTime:0.000400s ]
INFO: [ app_begin ] --END-- [ RunTime:0.000449s ]
NOTIC: [8192] mysql_connect(): The mysql extension is deprecated and will be removed in the future: use mysqli or PDO instead G:\WWW\OJ1\ThinkPHP\Lib\Driver\Db\DbMysql.class.php 第 55 行.
SQL: select * from news where cid=1 [ RunTime:0.000297s ]

[ 2015-01-06T13:07:13+08:00 ] 0.0.0.0 /OJ1/index.php/Contest/Index/Newscount
INFO: [ app_begin ] --START--
INFO: ReadHtmlCache Behavior ::run [ RunTime:0.000389s ]
INFO: [ app_begin ] --END-- [ RunTime:0.000437s ]
NOTIC: [8192] mysql_connect(): The mysql extension is deprecated and will be removed in the future: use mysqli or PDO instead G:\WWW\OJ1\ThinkPHP\Lib\Driver\Db\DbMysql.class.php 第 55 行.
SQL: select * from news where cid=1 [ RunTime:0.000297s ]

[ 2015-01-06T13:07:14+08:00 ] 0.0.0.0 /OJ1/index.php/Contest/Index/Newscount
INFO: [ app_begin ] --START--
INFO: ReadHtmlCache Behavior ::run [ RunTime:0.000352s ]
INFO: [ app_begin ] --END-- [ RunTime:0.000402s ]
NOTIC: [8192] mysql_connect(): The mysql extension is deprecated and will be removed in the future: use mysqli or PDO instead G:\WWW\OJ1\ThinkPHP\Lib\Driver\Db\DbMysql.class.php 第 55 行.
SQL: select * from news where cid=1 [ RunTime:0.000316s ]

[ 2015-01-06T13:07:15+08:00 ] 0.0.0.0 /OJ1/index.php/Contest/Index/Newscount
INFO: [ app_begin ] --START--
INFO: ReadHtmlCache Behavior ::run [ RunTime:0.000380s ]
INFO: [ app_begin ] --END-- [ RunTime:0.000429s ]
NOTIC: [8192] mysql_connect(): The mysql extension is deprecated and will be removed in the future: use mysqli or PDO instead G:\WWW\OJ1\ThinkPHP\Lib\Driver\Db\DbMysql.class.php 第 55 行.
SQL: select * from news where cid=1 [ RunTime:0.000349s ]

[ 2015-01-06T13:07:16+08:00 ] 0.0.0.0 /OJ1/index.php/Contest/Index/Newscount
INFO: [ app_begin ] --START--
INFO: ReadHtmlCache Behavior ::run [ RunTime:0.000342s ]
INFO: [ app_begin ] --END-- [ RunTime:0.000388s ]
NOTIC: [8192] mysql_connect(): The mysql extension is deprecated and will be removed in the future: use mysqli or PDO instead G:\WWW\OJ1\ThinkPHP\Lib\Driver\Db\DbMysql.class.php 第 55 行.
SQL: select * from news where cid=1 [ RunTime:0.000357s ]

[ 2015-01-06T13:07:17+08:00 ] 0.0.0.0 /OJ1/index.php/Contest/Index/Newscount
INFO: [ app_begin ] --START--
INFO: ReadHtmlCache Behavior ::run [ RunTime:0.000441s ]
INFO: [ app_begin ] --END-- [ RunTime:0.000493s ]
NOTIC: [8192] mysql_connect(): The mysql extension is deprecated and will be removed in the future: use mysqli or PDO instead G:\WWW\OJ1\ThinkPHP\Lib\Driver\Db\DbMysql.class.php 第 55 行.
SQL: select * from news where cid=1 [ RunTime:0.000350s ]

[ 2015-01-06T13:07:18+08:00 ] 0.0.0.0 /OJ1/index.php/Contest/Index/Newscount
INFO: [ app_begin ] --START--
INFO: ReadHtmlCache Behavior ::run [ RunTime:0.000529s ]
INFO: [ app_begin ] --END-- [ RunTime:0.000608s ]
NOTIC: [8192] mysql_connect(): The mysql extension is deprecated and will be removed in the future: use mysqli or PDO instead G:\WWW\OJ1\ThinkPHP\Lib\Driver\Db\DbMysql.class.php 第 55 行.
SQL: select * from news where cid=1 [ RunTime:0.000395s ]

[ 2015-01-06T13:07:19+08:00 ] 0.0.0.0 /OJ1/index.php/Contest/Index/Newscount
INFO: [ app_begin ] --START--
INFO: ReadHtmlCache Behavior ::run [ RunTime:0.000411s ]
INFO: [ app_begin ] --END-- [ RunTime:0.000465s ]
NOTIC: [8192] mysql_connect(): The mysql extension is deprecated and will be removed in the future: use mysqli or PDO instead G:\WWW\OJ1\ThinkPHP\Lib\Driver\Db\DbMysql.class.php 第 55 行.
SQL: select * from news where cid=1 [ RunTime:0.000391s ]

[ 2015-01-06T13:07:20+08:00 ] 0.0.0.0 /OJ1/index.php/Contest/Index/Newscount
INFO: [ app_begin ] --START--
INFO: ReadHtmlCache Behavior ::run [ RunTime:0.000385s ]
INFO: [ app_begin ] --END-- [ RunTime:0.000435s ]
NOTIC: [8192] mysql_connect(): The mysql extension is deprecated and will be removed in the future: use mysqli or PDO instead G:\WWW\OJ1\ThinkPHP\Lib\Driver\Db\DbMysql.class.php 第 55 行.
SQL: select * from news where cid=1 [ RunTime:0.000378s ]

[ 2015-01-06T13:07:21+08:00 ] 0.0.0.0 /OJ1/index.php/Contest/Index/Newscount
INFO: [ app_begin ] --START--
INFO: ReadHtmlCache Behavior ::run [ RunTime:0.000450s ]
INFO: [ app_begin ] --END-- [ RunTime:0.000501s ]
NOTIC: [8192] mysql_connect(): The mysql extension is deprecated and will be removed in the future: use mysqli or PDO instead G:\WWW\OJ1\ThinkPHP\Lib\Driver\Db\DbMysql.class.php 第 55 行.
SQL: select * from news where cid=1 [ RunTime:0.000327s ]

[ 2015-01-06T13:07:22+08:00 ] 0.0.0.0 /OJ1/index.php/Contest/Index/Newscount
INFO: [ app_begin ] --START--
INFO: ReadHtmlCache Behavior ::run [ RunTime:0.000517s ]
INFO: [ app_begin ] --END-- [ RunTime:0.000575s ]
NOTIC: [8192] mysql_connect(): The mysql extension is deprecated and will be removed in the future: use mysqli or PDO instead G:\WWW\OJ1\ThinkPHP\Lib\Driver\Db\DbMysql.class.php 第 55 行.
SQL: select * from news where cid=1 [ RunTime:0.000365s ]

[ 2015-01-06T13:07:23+08:00 ] 0.0.0.0 /OJ1/index.php/Contest/Index/Newscount
INFO: [ app_begin ] --START--
INFO: ReadHtmlCache Behavior ::run [ RunTime:0.000406s ]
INFO: [ app_begin ] --END-- [ RunTime:0.000463s ]
NOTIC: [8192] mysql_connect(): The mysql extension is deprecated and will be removed in the future: use mysqli or PDO instead G:\WWW\OJ1\ThinkPHP\Lib\Driver\Db\DbMysql.class.php 第 55 行.
SQL: select * from news where cid=1 [ RunTime:0.000300s ]

[ 2015-01-06T13:07:24+08:00 ] 0.0.0.0 /OJ1/index.php/Contest/Index/Newscount
INFO: [ app_begin ] --START--
INFO: ReadHtmlCache Behavior ::run [ RunTime:0.000530s ]
INFO: [ app_begin ] --END-- [ RunTime:0.000622s ]
NOTIC: [8192] mysql_connect(): The mysql extension is deprecated and will be removed in the future: use mysqli or PDO instead G:\WWW\OJ1\ThinkPHP\Lib\Driver\Db\DbMysql.class.php 第 55 行.
SQL: select * from news where cid=1 [ RunTime:0.000304s ]

[ 2015-01-06T13:07:25+08:00 ] 0.0.0.0 /OJ1/index.php/Contest/Index/Newscount
INFO: [ app_begin ] --START--
INFO: ReadHtmlCache Behavior ::run [ RunTime:0.000413s ]
INFO: [ app_begin ] --END-- [ RunTime:0.000467s ]
NOTIC: [8192] mysql_connect(): The mysql extension is deprecated and will be removed in the future: use mysqli or PDO instead G:\WWW\OJ1\ThinkPHP\Lib\Driver\Db\DbMysql.class.php 第 55 行.
SQL: select * from news where cid=1 [ RunTime:0.000378s ]

[ 2015-01-06T13:07:26+08:00 ] 0.0.0.0 /OJ1/index.php/Contest/Index/Newscount
INFO: [ app_begin ] --START--
INFO: ReadHtmlCache Behavior ::run [ RunTime:0.000371s ]
INFO: [ app_begin ] --END-- [ RunTime:0.000427s ]
NOTIC: [8192] mysql_connect(): The mysql extension is deprecated and will be removed in the future: use mysqli or PDO instead G:\WWW\OJ1\ThinkPHP\Lib\Driver\Db\DbMysql.class.php 第 55 行.
SQL: select * from news where cid=1 [ RunTime:0.000479s ]

[ 2015-01-06T13:07:27+08:00 ] 0.0.0.0 /OJ1/index.php/Contest/Index/Newscount
INFO: [ app_begin ] --START--
INFO: ReadHtmlCache Behavior ::run [ RunTime:0.000358s ]
INFO: [ app_begin ] --END-- [ RunTime:0.000409s ]
NOTIC: [8192] mysql_connect(): The mysql extension is deprecated and will be removed in the future: use mysqli or PDO instead G:\WWW\OJ1\ThinkPHP\Lib\Driver\Db\DbMysql.class.php 第 55 行.
SQL: select * from news where cid=1 [ RunTime:0.000380s ]

[ 2015-01-06T13:07:28+08:00 ] 0.0.0.0 /OJ1/index.php/Contest/Index/Newscount
INFO: [ app_begin ] --START--
INFO: ReadHtmlCache Behavior ::run [ RunTime:0.000384s ]
INFO: [ app_begin ] --END-- [ RunTime:0.000441s ]
NOTIC: [8192] mysql_connect(): The mysql extension is deprecated and will be removed in the future: use mysqli or PDO instead G:\WWW\OJ1\ThinkPHP\Lib\Driver\Db\DbMysql.class.php 第 55 行.
SQL: select * from news where cid=1 [ RunTime:0.000376s ]

[ 2015-01-06T13:07:29+08:00 ] 0.0.0.0 /OJ1/index.php/Contest/Index/Newscount
INFO: [ app_begin ] --START--
INFO: ReadHtmlCache Behavior ::run [ RunTime:0.000368s ]
INFO: [ app_begin ] --END-- [ RunTime:0.000420s ]
NOTIC: [8192] mysql_connect(): The mysql extension is deprecated and will be removed in the future: use mysqli or PDO instead G:\WWW\OJ1\ThinkPHP\Lib\Driver\Db\DbMysql.class.php 第 55 行.
SQL: select * from news where cid=1 [ RunTime:0.000336s ]

[ 2015-01-06T13:07:30+08:00 ] 0.0.0.0 /OJ1/index.php/Contest/Index/Newscount
INFO: [ app_begin ] --START--
INFO: ReadHtmlCache Behavior ::run [ RunTime:0.000369s ]
INFO: [ app_begin ] --END-- [ RunTime:0.000420s ]
NOTIC: [8192] mysql_connect(): The mysql extension is deprecated and will be removed in the future: use mysqli or PDO instead G:\WWW\OJ1\ThinkPHP\Lib\Driver\Db\DbMysql.class.php 第 55 行.
SQL: select * from news where cid=1 [ RunTime:0.000412s ]

[ 2015-01-06T13:07:31+08:00 ] 0.0.0.0 /OJ1/index.php/Contest/Index/Newscount
INFO: [ app_begin ] --START--
INFO: ReadHtmlCache Behavior ::run [ RunTime:0.000381s ]
INFO: [ app_begin ] --END-- [ RunTime:0.000428s ]
NOTIC: [8192] mysql_connect(): The mysql extension is deprecated and will be removed in the future: use mysqli or PDO instead G:\WWW\OJ1\ThinkPHP\Lib\Driver\Db\DbMysql.class.php 第 55 行.
SQL: select * from news where cid=1 [ RunTime:0.000338s ]

[ 2015-01-06T13:07:32+08:00 ] 0.0.0.0 /OJ1/index.php/Contest/Index/Newscount
INFO: [ app_begin ] --START--
INFO: ReadHtmlCache Behavior ::run [ RunTime:0.000417s ]
INFO: [ app_begin ] --END-- [ RunTime:0.000467s ]
NOTIC: [8192] mysql_connect(): The mysql extension is deprecated and will be removed in the future: use mysqli or PDO instead G:\WWW\OJ1\ThinkPHP\Lib\Driver\Db\DbMysql.class.php 第 55 行.
SQL: select * from news where cid=1 [ RunTime:0.000341s ]

[ 2015-01-06T13:07:33+08:00 ] 0.0.0.0 /OJ1/index.php/Contest/Index/Newscount
INFO: [ app_begin ] --START--
INFO: ReadHtmlCache Behavior ::run [ RunTime:0.000361s ]
INFO: [ app_begin ] --END-- [ RunTime:0.000407s ]
NOTIC: [8192] mysql_connect(): The mysql extension is deprecated and will be removed in the future: use mysqli or PDO instead G:\WWW\OJ1\ThinkPHP\Lib\Driver\Db\DbMysql.class.php 第 55 行.
SQL: select * from news where cid=1 [ RunTime:0.000315s ]

[ 2015-01-06T13:07:34+08:00 ] 0.0.0.0 /OJ1/index.php/Contest/Index/Newscount
INFO: [ app_begin ] --START--
INFO: ReadHtmlCache Behavior ::run [ RunTime:0.000358s ]
INFO: [ app_begin ] --END-- [ RunTime:0.000408s ]
NOTIC: [8192] mysql_connect(): The mysql extension is deprecated and will be removed in the future: use mysqli or PDO instead G:\WWW\OJ1\ThinkPHP\Lib\Driver\Db\DbMysql.class.php 第 55 行.
SQL: select * from news where cid=1 [ RunTime:0.000351s ]

[ 2015-01-06T13:07:35+08:00 ] 0.0.0.0 /OJ1/index.php/Contest/Index/Newscount
INFO: [ app_begin ] --START--
INFO: ReadHtmlCache Behavior ::run [ RunTime:0.000370s ]
INFO: [ app_begin ] --END-- [ RunTime:0.000429s ]
NOTIC: [8192] mysql_connect(): The mysql extension is deprecated and will be removed in the future: use mysqli or PDO instead G:\WWW\OJ1\ThinkPHP\Lib\Driver\Db\DbMysql.class.php 第 55 行.
SQL: select * from news where cid=1 [ RunTime:0.000374s ]

[ 2015-01-06T13:07:36+08:00 ] 0.0.0.0 /OJ1/index.php/Contest/Index/Newscount
INFO: [ app_begin ] --START--
INFO: ReadHtmlCache Behavior ::run [ RunTime:0.000559s ]
INFO: [ app_begin ] --END-- [ RunTime:0.000637s ]
NOTIC: [8192] mysql_connect(): The mysql extension is deprecated and will be removed in the future: use mysqli or PDO instead G:\WWW\OJ1\ThinkPHP\Lib\Driver\Db\DbMysql.class.php 第 55 行.
SQL: select * from news where cid=1 [ RunTime:0.000295s ]

[ 2015-01-06T13:07:37+08:00 ] 0.0.0.0 /OJ1/index.php/Contest/Index/Newscount
INFO: [ app_begin ] --START--
INFO: ReadHtmlCache Behavior ::run [ RunTime:0.000378s ]
INFO: [ app_begin ] --END-- [ RunTime:0.000430s ]
NOTIC: [8192] mysql_connect(): The mysql extension is deprecated and will be removed in the future: use mysqli or PDO instead G:\WWW\OJ1\ThinkPHP\Lib\Driver\Db\DbMysql.class.php 第 55 行.
SQL: select * from news where cid=1 [ RunTime:0.267451s ]

[ 2015-01-06T13:07:38+08:00 ] 0.0.0.0 /OJ1/index.php/Contest/Index/Newscount
INFO: [ app_begin ] --START--
INFO: ReadHtmlCache Behavior ::run [ RunTime:0.000364s ]
INFO: [ app_begin ] --END-- [ RunTime:0.000418s ]
NOTIC: [8192] mysql_connect(): The mysql extension is deprecated and will be removed in the future: use mysqli or PDO instead G:\WWW\OJ1\ThinkPHP\Lib\Driver\Db\DbMysql.class.php 第 55 行.
SQL: select * from news where cid=1 [ RunTime:0.000592s ]

[ 2015-01-06T13:07:39+08:00 ] 0.0.0.0 /OJ1/index.php/Contest/Index/Newscount
INFO: [ app_begin ] --START--
INFO: ReadHtmlCache Behavior ::run [ RunTime:0.000351s ]
INFO: [ app_begin ] --END-- [ RunTime:0.000398s ]
NOTIC: [8192] mysql_connect(): The mysql extension is deprecated and will be removed in the future: use mysqli or PDO instead G:\WWW\OJ1\ThinkPHP\Lib\Driver\Db\DbMysql.class.php 第 55 行.
SQL: select * from news where cid=1 [ RunTime:0.000647s ]

[ 2015-01-06T13:07:40+08:00 ] 0.0.0.0 /OJ1/index.php/Contest/Index/Newscount
INFO: [ app_begin ] --START--
INFO: ReadHtmlCache Behavior ::run [ RunTime:0.000367s ]
INFO: [ app_begin ] --END-- [ RunTime:0.000412s ]
NOTIC: [8192] mysql_connect(): The mysql extension is deprecated and will be removed in the future: use mysqli or PDO instead G:\WWW\OJ1\ThinkPHP\Lib\Driver\Db\DbMysql.class.php 第 55 行.
SQL: select * from news where cid=1 [ RunTime:0.000323s ]

[ 2015-01-06T13:07:41+08:00 ] 0.0.0.0 /OJ1/index.php/Contest/Index/Newscount
INFO: [ app_begin ] --START--
INFO: ReadHtmlCache Behavior ::run [ RunTime:0.000350s ]
INFO: [ app_begin ] --END-- [ RunTime:0.000396s ]
NOTIC: [8192] mysql_connect(): The mysql extension is deprecated and will be removed in the future: use mysqli or PDO instead G:\WWW\OJ1\ThinkPHP\Lib\Driver\Db\DbMysql.class.php 第 55 行.
SQL: select * from news where cid=1 [ RunTime:0.000665s ]

[ 2015-01-06T13:07:42+08:00 ] 0.0.0.0 /OJ1/index.php/Contest/Index/Newscount
INFO: [ app_begin ] --START--
INFO: ReadHtmlCache Behavior ::run [ RunTime:0.000346s ]
INFO: [ app_begin ] --END-- [ RunTime:0.000392s ]
NOTIC: [8192] mysql_connect(): The mysql extension is deprecated and will be removed in the future: use mysqli or PDO instead G:\WWW\OJ1\ThinkPHP\Lib\Driver\Db\DbMysql.class.php 第 55 行.
SQL: select * from news where cid=1 [ RunTime:0.000586s ]

[ 2015-01-06T13:07:43+08:00 ] 0.0.0.0 /OJ1/index.php/Contest/Index/Newscount
INFO: [ app_begin ] --START--
INFO: ReadHtmlCache Behavior ::run [ RunTime:0.000414s ]
INFO: [ app_begin ] --END-- [ RunTime:0.000464s ]
NOTIC: [8192] mysql_connect(): The mysql extension is deprecated and will be removed in the future: use mysqli or PDO instead G:\WWW\OJ1\ThinkPHP\Lib\Driver\Db\DbMysql.class.php 第 55 行.
SQL: select * from news where cid=1 [ RunTime:0.000446s ]

[ 2015-01-06T13:07:44+08:00 ] 0.0.0.0 /OJ1/index.php/Contest/Index/Newscount
INFO: [ app_begin ] --START--
INFO: ReadHtmlCache Behavior ::run [ RunTime:0.000356s ]
INFO: [ app_begin ] --END-- [ RunTime:0.000403s ]
NOTIC: [8192] mysql_connect(): The mysql extension is deprecated and will be removed in the future: use mysqli or PDO instead G:\WWW\OJ1\ThinkPHP\Lib\Driver\Db\DbMysql.class.php 第 55 行.
SQL: select * from news where cid=1 [ RunTime:0.000322s ]

[ 2015-01-06T13:07:45+08:00 ] 0.0.0.0 /OJ1/index.php/Contest/Index/Newscount
INFO: [ app_begin ] --START--
INFO: ReadHtmlCache Behavior ::run [ RunTime:0.000356s ]
INFO: [ app_begin ] --END-- [ RunTime:0.000399s ]
NOTIC: [8192] mysql_connect(): The mysql extension is deprecated and will be removed in the future: use mysqli or PDO instead G:\WWW\OJ1\ThinkPHP\Lib\Driver\Db\DbMysql.class.php 第 55 行.
SQL: select * from news where cid=1 [ RunTime:0.000372s ]

[ 2015-01-06T13:07:46+08:00 ] 0.0.0.0 /OJ1/index.php/Contest/Index/Newscount
INFO: [ app_begin ] --START--
INFO: ReadHtmlCache Behavior ::run [ RunTime:0.000439s ]
INFO: [ app_begin ] --END-- [ RunTime:0.000496s ]
NOTIC: [8192] mysql_connect(): The mysql extension is deprecated and will be removed in the future: use mysqli or PDO instead G:\WWW\OJ1\ThinkPHP\Lib\Driver\Db\DbMysql.class.php 第 55 行.
SQL: select * from news where cid=1 [ RunTime:0.000451s ]

[ 2015-01-06T13:07:47+08:00 ] 0.0.0.0 /OJ1/index.php/Contest/Index/Newscount
INFO: [ app_begin ] --START--
INFO: ReadHtmlCache Behavior ::run [ RunTime:0.000387s ]
INFO: [ app_begin ] --END-- [ RunTime:0.000439s ]
NOTIC: [8192] mysql_connect(): The mysql extension is deprecated and will be removed in the future: use mysqli or PDO instead G:\WWW\OJ1\ThinkPHP\Lib\Driver\Db\DbMysql.class.php 第 55 行.
SQL: select * from news where cid=1 [ RunTime:0.000314s ]

[ 2015-01-06T13:07:48+08:00 ] 0.0.0.0 /OJ1/index.php/Contest/Index/Newscount
INFO: [ app_begin ] --START--
INFO: ReadHtmlCache Behavior ::run [ RunTime:0.000428s ]
INFO: [ app_begin ] --END-- [ RunTime:0.000487s ]
NOTIC: [8192] mysql_connect(): The mysql extension is deprecated and will be removed in the future: use mysqli or PDO instead G:\WWW\OJ1\ThinkPHP\Lib\Driver\Db\DbMysql.class.php 第 55 行.
SQL: select * from news where cid=1 [ RunTime:0.000296s ]

[ 2015-01-06T13:07:49+08:00 ] 0.0.0.0 /OJ1/index.php/Contest/Index/Newscount
INFO: [ app_begin ] --START--
INFO: ReadHtmlCache Behavior ::run [ RunTime:0.000373s ]
INFO: [ app_begin ] --END-- [ RunTime:0.000426s ]
NOTIC: [8192] mysql_connect(): The mysql extension is deprecated and will be removed in the future: use mysqli or PDO instead G:\WWW\OJ1\ThinkPHP\Lib\Driver\Db\DbMysql.class.php 第 55 行.
SQL: select * from news where cid=1 [ RunTime:0.000406s ]

[ 2015-01-06T13:07:50+08:00 ] 0.0.0.0 /OJ1/index.php/Contest/Index/Newscount
INFO: [ app_begin ] --START--
INFO: ReadHtmlCache Behavior ::run [ RunTime:0.000434s ]
INFO: [ app_begin ] --END-- [ RunTime:0.000485s ]
NOTIC: [8192] mysql_connect(): The mysql extension is deprecated and will be removed in the future: use mysqli or PDO instead G:\WWW\OJ1\ThinkPHP\Lib\Driver\Db\DbMysql.class.php 第 55 行.
SQL: select * from news where cid=1 [ RunTime:0.000364s ]

[ 2015-01-06T13:07:51+08:00 ] 0.0.0.0 /OJ1/index.php/Contest/Index/Newscount
INFO: [ app_begin ] --START--
INFO: ReadHtmlCache Behavior ::run [ RunTime:0.000357s ]
INFO: [ app_begin ] --END-- [ RunTime:0.000406s ]
NOTIC: [8192] mysql_connect(): The mysql extension is deprecated and will be removed in the future: use mysqli or PDO instead G:\WWW\OJ1\ThinkPHP\Lib\Driver\Db\DbMysql.class.php 第 55 行.
SQL: select * from news where cid=1 [ RunTime:0.000389s ]

[ 2015-01-06T13:07:52+08:00 ] 0.0.0.0 /OJ1/index.php/Contest/Index/Newscount
INFO: [ app_begin ] --START--
INFO: ReadHtmlCache Behavior ::run [ RunTime:0.000403s ]
INFO: [ app_begin ] --END-- [ RunTime:0.000451s ]
NOTIC: [8192] mysql_connect(): The mysql extension is deprecated and will be removed in the future: use mysqli or PDO instead G:\WWW\OJ1\ThinkPHP\Lib\Driver\Db\DbMysql.class.php 第 55 行.
SQL: select * from news where cid=1 [ RunTime:0.000328s ]

[ 2015-01-06T13:07:53+08:00 ] 0.0.0.0 /OJ1/index.php/Contest/Index/Newscount
INFO: [ app_begin ] --START--
INFO: ReadHtmlCache Behavior ::run [ RunTime:0.000428s ]
INFO: [ app_begin ] --END-- [ RunTime:0.000481s ]
NOTIC: [8192] mysql_connect(): The mysql extension is deprecated and will be removed in the future: use mysqli or PDO instead G:\WWW\OJ1\ThinkPHP\Lib\Driver\Db\DbMysql.class.php 第 55 行.
SQL: select * from news where cid=1 [ RunTime:0.000369s ]

[ 2015-01-06T13:07:54+08:00 ] 0.0.0.0 /OJ1/index.php/Contest/Index/Newscount
INFO: [ app_begin ] --START--
INFO: ReadHtmlCache Behavior ::run [ RunTime:0.000346s ]
INFO: [ app_begin ] --END-- [ RunTime:0.000392s ]
NOTIC: [8192] mysql_connect(): The mysql extension is deprecated and will be removed in the future: use mysqli or PDO instead G:\WWW\OJ1\ThinkPHP\Lib\Driver\Db\DbMysql.class.php 第 55 行.
SQL: select * from news where cid=1 [ RunTime:0.000342s ]

[ 2015-01-06T13:07:55+08:00 ] 0.0.0.0 /OJ1/index.php/Contest/Index/Newscount
INFO: [ app_begin ] --START--
INFO: ReadHtmlCache Behavior ::run [ RunTime:0.000451s ]
INFO: [ app_begin ] --END-- [ RunTime:0.000504s ]
NOTIC: [8192] mysql_connect(): The mysql extension is deprecated and will be removed in the future: use mysqli or PDO instead G:\WWW\OJ1\ThinkPHP\Lib\Driver\Db\DbMysql.class.php 第 55 行.
SQL: select * from news where cid=1 [ RunTime:0.000344s ]

[ 2015-01-06T13:07:56+08:00 ] 0.0.0.0 /OJ1/index.php/Contest/Index/Newscount
INFO: [ app_begin ] --START--
INFO: ReadHtmlCache Behavior ::run [ RunTime:0.000408s ]
INFO: [ app_begin ] --END-- [ RunTime:0.000454s ]
NOTIC: [8192] mysql_connect(): The mysql extension is deprecated and will be removed in the future: use mysqli or PDO instead G:\WWW\OJ1\ThinkPHP\Lib\Driver\Db\DbMysql.class.php 第 55 行.
SQL: select * from news where cid=1 [ RunTime:0.000403s ]

[ 2015-01-06T13:07:57+08:00 ] 0.0.0.0 /OJ1/index.php/Contest/Index/Newscount
INFO: [ app_begin ] --START--
INFO: ReadHtmlCache Behavior ::run [ RunTime:0.000389s ]
INFO: [ app_begin ] --END-- [ RunTime:0.000437s ]
NOTIC: [8192] mysql_connect(): The mysql extension is deprecated and will be removed in the future: use mysqli or PDO instead G:\WWW\OJ1\ThinkPHP\Lib\Driver\Db\DbMysql.class.php 第 55 行.
SQL: select * from news where cid=1 [ RunTime:0.000425s ]

[ 2015-01-06T13:07:58+08:00 ] 0.0.0.0 /OJ1/index.php/Contest/Index/Newscount
INFO: [ app_begin ] --START--
INFO: ReadHtmlCache Behavior ::run [ RunTime:0.000431s ]
INFO: [ app_begin ] --END-- [ RunTime:0.000484s ]
NOTIC: [8192] mysql_connect(): The mysql extension is deprecated and will be removed in the future: use mysqli or PDO instead G:\WWW\OJ1\ThinkPHP\Lib\Driver\Db\DbMysql.class.php 第 55 行.
SQL: select * from news where cid=1 [ RunTime:0.000375s ]

[ 2015-01-06T13:07:59+08:00 ] 0.0.0.0 /OJ1/index.php/Contest/Index/Newscount
INFO: [ app_begin ] --START--
INFO: ReadHtmlCache Behavior ::run [ RunTime:0.000358s ]
INFO: [ app_begin ] --END-- [ RunTime:0.000405s ]
NOTIC: [8192] mysql_connect(): The mysql extension is deprecated and will be removed in the future: use mysqli or PDO instead G:\WWW\OJ1\ThinkPHP\Lib\Driver\Db\DbMysql.class.php 第 55 行.
SQL: select * from news where cid=1 [ RunTime:0.000318s ]

[ 2015-01-06T13:08:00+08:00 ] 0.0.0.0 /OJ1/index.php/Contest/Index/Newscount
INFO: [ app_begin ] --START--
INFO: ReadHtmlCache Behavior ::run [ RunTime:0.000337s ]
INFO: [ app_begin ] --END-- [ RunTime:0.000385s ]
NOTIC: [8192] mysql_connect(): The mysql extension is deprecated and will be removed in the future: use mysqli or PDO instead G:\WWW\OJ1\ThinkPHP\Lib\Driver\Db\DbMysql.class.php 第 55 行.
SQL: select * from news where cid=1 [ RunTime:0.000431s ]

[ 2015-01-06T13:08:01+08:00 ] 0.0.0.0 /OJ1/index.php/Contest/Index/Newscount
INFO: [ app_begin ] --START--
INFO: ReadHtmlCache Behavior ::run [ RunTime:0.000388s ]
INFO: [ app_begin ] --END-- [ RunTime:0.000439s ]
NOTIC: [8192] mysql_connect(): The mysql extension is deprecated and will be removed in the future: use mysqli or PDO instead G:\WWW\OJ1\ThinkPHP\Lib\Driver\Db\DbMysql.class.php 第 55 行.
SQL: select * from news where cid=1 [ RunTime:0.000352s ]

[ 2015-01-06T13:08:02+08:00 ] 0.0.0.0 /OJ1/index.php/Contest/Index/Newscount
INFO: [ app_begin ] --START--
INFO: ReadHtmlCache Behavior ::run [ RunTime:0.000400s ]
INFO: [ app_begin ] --END-- [ RunTime:0.000448s ]
NOTIC: [8192] mysql_connect(): The mysql extension is deprecated and will be removed in the future: use mysqli or PDO instead G:\WWW\OJ1\ThinkPHP\Lib\Driver\Db\DbMysql.class.php 第 55 行.
SQL: select * from news where cid=1 [ RunTime:0.000316s ]

[ 2015-01-06T13:08:03+08:00 ] 0.0.0.0 /OJ1/index.php/Contest/Index/Newscount
INFO: [ app_begin ] --START--
INFO: ReadHtmlCache Behavior ::run [ RunTime:0.000389s ]
INFO: [ app_begin ] --END-- [ RunTime:0.000444s ]
NOTIC: [8192] mysql_connect(): The mysql extension is deprecated and will be removed in the future: use mysqli or PDO instead G:\WWW\OJ1\ThinkPHP\Lib\Driver\Db\DbMysql.class.php 第 55 行.
SQL: select * from news where cid=1 [ RunTime:0.000294s ]

[ 2015-01-06T13:08:04+08:00 ] 0.0.0.0 /OJ1/index.php/Contest/Index/Newscount
INFO: [ app_begin ] --START--
INFO: ReadHtmlCache Behavior ::run [ RunTime:0.000431s ]
INFO: [ app_begin ] --END-- [ RunTime:0.000483s ]
NOTIC: [8192] mysql_connect(): The mysql extension is deprecated and will be removed in the future: use mysqli or PDO instead G:\WWW\OJ1\ThinkPHP\Lib\Driver\Db\DbMysql.class.php 第 55 行.
SQL: select * from news where cid=1 [ RunTime:0.000308s ]

[ 2015-01-06T13:08:05+08:00 ] 0.0.0.0 /OJ1/index.php/Contest/Index/Newscount
INFO: [ app_begin ] --START--
INFO: ReadHtmlCache Behavior ::run [ RunTime:0.000354s ]
INFO: [ app_begin ] --END-- [ RunTime:0.000408s ]
NOTIC: [8192] mysql_connect(): The mysql extension is deprecated and will be removed in the future: use mysqli or PDO instead G:\WWW\OJ1\ThinkPHP\Lib\Driver\Db\DbMysql.class.php 第 55 行.
SQL: select * from news where cid=1 [ RunTime:0.000346s ]

[ 2015-01-06T13:08:06+08:00 ] 0.0.0.0 /OJ1/index.php/Contest/Index/Newscount
INFO: [ app_begin ] --START--
INFO: ReadHtmlCache Behavior ::run [ RunTime:0.000364s ]
INFO: [ app_begin ] --END-- [ RunTime:0.000411s ]
NOTIC: [8192] mysql_connect(): The mysql extension is deprecated and will be removed in the future: use mysqli or PDO instead G:\WWW\OJ1\ThinkPHP\Lib\Driver\Db\DbMysql.class.php 第 55 行.
SQL: select * from news where cid=1 [ RunTime:0.000354s ]

[ 2015-01-06T13:08:07+08:00 ] 0.0.0.0 /OJ1/index.php/Contest/Index/Newscount
INFO: [ app_begin ] --START--
INFO: ReadHtmlCache Behavior ::run [ RunTime:0.000351s ]
INFO: [ app_begin ] --END-- [ RunTime:0.000397s ]
NOTIC: [8192] mysql_connect(): The mysql extension is deprecated and will be removed in the future: use mysqli or PDO instead G:\WWW\OJ1\ThinkPHP\Lib\Driver\Db\DbMysql.class.php 第 55 行.
SQL: select * from news where cid=1 [ RunTime:0.000324s ]

[ 2015-01-06T13:08:08+08:00 ] 0.0.0.0 /OJ1/index.php/Contest/Index/Newscount
INFO: [ app_begin ] --START--
INFO: ReadHtmlCache Behavior ::run [ RunTime:0.000346s ]
INFO: [ app_begin ] --END-- [ RunTime:0.000393s ]
NOTIC: [8192] mysql_connect(): The mysql extension is deprecated and will be removed in the future: use mysqli or PDO instead G:\WWW\OJ1\ThinkPHP\Lib\Driver\Db\DbMysql.class.php 第 55 行.
SQL: select * from news where cid=1 [ RunTime:0.000346s ]

[ 2015-01-06T13:08:09+08:00 ] 0.0.0.0 /OJ1/index.php/Contest/Index/Newscount
INFO: [ app_begin ] --START--
INFO: ReadHtmlCache Behavior ::run [ RunTime:0.000381s ]
INFO: [ app_begin ] --END-- [ RunTime:0.000426s ]
NOTIC: [8192] mysql_connect(): The mysql extension is deprecated and will be removed in the future: use mysqli or PDO instead G:\WWW\OJ1\ThinkPHP\Lib\Driver\Db\DbMysql.class.php 第 55 行.
SQL: select * from news where cid=1 [ RunTime:0.000432s ]

[ 2015-01-06T13:08:10+08:00 ] 0.0.0.0 /OJ1/index.php/Contest/Index/Newscount
INFO: [ app_begin ] --START--
INFO: ReadHtmlCache Behavior ::run [ RunTime:0.000331s ]
INFO: [ app_begin ] --END-- [ RunTime:0.000397s ]
NOTIC: [8192] mysql_connect(): The mysql extension is deprecated and will be removed in the future: use mysqli or PDO instead G:\WWW\OJ1\ThinkPHP\Lib\Driver\Db\DbMysql.class.php 第 55 行.
SQL: select * from news where cid=1 [ RunTime:0.000337s ]

[ 2015-01-06T13:08:11+08:00 ] 0.0.0.0 /OJ1/index.php/Contest/Index/Newscount
INFO: [ app_begin ] --START--
INFO: ReadHtmlCache Behavior ::run [ RunTime:0.000377s ]
INFO: [ app_begin ] --END-- [ RunTime:0.000426s ]
NOTIC: [8192] mysql_connect(): The mysql extension is deprecated and will be removed in the future: use mysqli or PDO instead G:\WWW\OJ1\ThinkPHP\Lib\Driver\Db\DbMysql.class.php 第 55 行.
SQL: select * from news where cid=1 [ RunTime:0.000392s ]

[ 2015-01-06T13:08:12+08:00 ] 0.0.0.0 /OJ1/index.php/Contest/Index/Newscount
INFO: [ app_begin ] --START--
INFO: ReadHtmlCache Behavior ::run [ RunTime:0.000348s ]
INFO: [ app_begin ] --END-- [ RunTime:0.000394s ]
NOTIC: [8192] mysql_connect(): The mysql extension is deprecated and will be removed in the future: use mysqli or PDO instead G:\WWW\OJ1\ThinkPHP\Lib\Driver\Db\DbMysql.class.php 第 55 行.
SQL: select * from news where cid=1 [ RunTime:0.000382s ]

[ 2015-01-06T13:08:13+08:00 ] 0.0.0.0 /OJ1/index.php/Contest/Index/Newscount
INFO: [ app_begin ] --START--
INFO: ReadHtmlCache Behavior ::run [ RunTime:0.000372s ]
INFO: [ app_begin ] --END-- [ RunTime:0.000424s ]
NOTIC: [8192] mysql_connect(): The mysql extension is deprecated and will be removed in the future: use mysqli or PDO instead G:\WWW\OJ1\ThinkPHP\Lib\Driver\Db\DbMysql.class.php 第 55 行.
SQL: select * from news where cid=1 [ RunTime:0.000339s ]

[ 2015-01-06T13:08:14+08:00 ] 0.0.0.0 /OJ1/index.php/Contest/Index/Newscount
INFO: [ app_begin ] --START--
INFO: ReadHtmlCache Behavior ::run [ RunTime:0.000345s ]
INFO: [ app_begin ] --END-- [ RunTime:0.000393s ]
NOTIC: [8192] mysql_connect(): The mysql extension is deprecated and will be removed in the future: use mysqli or PDO instead G:\WWW\OJ1\ThinkPHP\Lib\Driver\Db\DbMysql.class.php 第 55 行.
SQL: select * from news where cid=1 [ RunTime:0.000325s ]

[ 2015-01-06T13:08:15+08:00 ] 0.0.0.0 /OJ1/index.php/Contest/Index/Newscount
INFO: [ app_begin ] --START--
INFO: ReadHtmlCache Behavior ::run [ RunTime:0.000592s ]
INFO: [ app_begin ] --END-- [ RunTime:0.000684s ]
NOTIC: [8192] mysql_connect(): The mysql extension is deprecated and will be removed in the future: use mysqli or PDO instead G:\WWW\OJ1\ThinkPHP\Lib\Driver\Db\DbMysql.class.php 第 55 行.
SQL: select * from news where cid=1 [ RunTime:0.000345s ]

[ 2015-01-06T13:08:16+08:00 ] 0.0.0.0 /OJ1/index.php/Contest/Index/Newscount
INFO: [ app_begin ] --START--
INFO: ReadHtmlCache Behavior ::run [ RunTime:0.000349s ]
INFO: [ app_begin ] --END-- [ RunTime:0.000396s ]
NOTIC: [8192] mysql_connect(): The mysql extension is deprecated and will be removed in the future: use mysqli or PDO instead G:\WWW\OJ1\ThinkPHP\Lib\Driver\Db\DbMysql.class.php 第 55 行.
SQL: select * from news where cid=1 [ RunTime:0.000306s ]

[ 2015-01-06T13:08:17+08:00 ] 0.0.0.0 /OJ1/index.php/Contest/Index/Newscount
INFO: [ app_begin ] --START--
INFO: ReadHtmlCache Behavior ::run [ RunTime:0.000393s ]
INFO: [ app_begin ] --END-- [ RunTime:0.000440s ]
NOTIC: [8192] mysql_connect(): The mysql extension is deprecated and will be removed in the future: use mysqli or PDO instead G:\WWW\OJ1\ThinkPHP\Lib\Driver\Db\DbMysql.class.php 第 55 行.
SQL: select * from news where cid=1 [ RunTime:0.000404s ]

[ 2015-01-06T13:08:18+08:00 ] 0.0.0.0 /OJ1/index.php/Contest/Index/Newscount
INFO: [ app_begin ] --START--
INFO: ReadHtmlCache Behavior ::run [ RunTime:0.000400s ]
INFO: [ app_begin ] --END-- [ RunTime:0.000445s ]
NOTIC: [8192] mysql_connect(): The mysql extension is deprecated and will be removed in the future: use mysqli or PDO instead G:\WWW\OJ1\ThinkPHP\Lib\Driver\Db\DbMysql.class.php 第 55 行.
SQL: select * from news where cid=1 [ RunTime:0.000318s ]

[ 2015-01-06T13:08:19+08:00 ] 0.0.0.0 /OJ1/index.php/Contest/Index/Newscount
INFO: [ app_begin ] --START--
INFO: ReadHtmlCache Behavior ::run [ RunTime:0.000319s ]
INFO: [ app_begin ] --END-- [ RunTime:0.000360s ]
NOTIC: [8192] mysql_connect(): The mysql extension is deprecated and will be removed in the future: use mysqli or PDO instead G:\WWW\OJ1\ThinkPHP\Lib\Driver\Db\DbMysql.class.php 第 55 行.
SQL: select * from news where cid=1 [ RunTime:0.000434s ]

[ 2015-01-06T13:08:19+08:00 ] 0.0.0.0 /OJ1/index.php/Contest/Index/verify
ERR: 非法操作:verify

[ 2015-01-06T13:08:19+08:00 ] 0.0.0.0 /OJ1/index.php/Contest/Index/verify
ERR: 非法操作:verify

[ 2015-01-06T13:08:21+08:00 ] 0.0.0.0 /OJ1/index.php/Contest/Index/Newscount
INFO: [ app_begin ] --START--
INFO: ReadHtmlCache Behavior ::run [ RunTime:0.000345s ]
INFO: [ app_begin ] --END-- [ RunTime:0.000383s ]
NOTIC: [8192] mysql_connect(): The mysql extension is deprecated and will be removed in the future: use mysqli or PDO instead G:\WWW\OJ1\ThinkPHP\Lib\Driver\Db\DbMysql.class.php 第 55 行.
SQL: select * from news where cid=1 [ RunTime:0.000341s ]

[ 2015-01-06T13:08:22+08:00 ] 0.0.0.0 /OJ1/index.php/Contest/Index/Newscount
INFO: [ app_begin ] --START--
INFO: ReadHtmlCache Behavior ::run [ RunTime:0.000433s ]
INFO: [ app_begin ] --END-- [ RunTime:0.000484s ]
NOTIC: [8192] mysql_connect(): The mysql extension is deprecated and will be removed in the future: use mysqli or PDO instead G:\WWW\OJ1\ThinkPHP\Lib\Driver\Db\DbMysql.class.php 第 55 行.
SQL: select * from news where cid=1 [ RunTime:0.000431s ]

[ 2015-01-06T13:08:23+08:00 ] 0.0.0.0 /OJ1/index.php/Contest/Index/Newscount
INFO: [ app_begin ] --START--
INFO: ReadHtmlCache Behavior ::run [ RunTime:0.000348s ]
INFO: [ app_begin ] --END-- [ RunTime:0.000395s ]
NOTIC: [8192] mysql_connect(): The mysql extension is deprecated and will be removed in the future: use mysqli or PDO instead G:\WWW\OJ1\ThinkPHP\Lib\Driver\Db\DbMysql.class.php 第 55 行.
SQL: select * from news where cid=1 [ RunTime:0.000361s ]

[ 2015-01-06T13:08:24+08:00 ] 0.0.0.0 /OJ1/index.php/Contest/Index/Newscount
INFO: [ app_begin ] --START--
INFO: ReadHtmlCache Behavior ::run [ RunTime:0.000336s ]
INFO: [ app_begin ] --END-- [ RunTime:0.000382s ]
NOTIC: [8192] mysql_connect(): The mysql extension is deprecated and will be removed in the future: use mysqli or PDO instead G:\WWW\OJ1\ThinkPHP\Lib\Driver\Db\DbMysql.class.php 第 55 行.
SQL: select * from news where cid=1 [ RunTime:0.000428s ]

[ 2015-01-06T13:08:25+08:00 ] 0.0.0.0 /OJ1/index.php/Contest/Index/Newscount
INFO: [ app_begin ] --START--
INFO: ReadHtmlCache Behavior ::run [ RunTime:0.000437s ]
INFO: [ app_begin ] --END-- [ RunTime:0.000489s ]
NOTIC: [8192] mysql_connect(): The mysql extension is deprecated and will be removed in the future: use mysqli or PDO instead G:\WWW\OJ1\ThinkPHP\Lib\Driver\Db\DbMysql.class.php 第 55 行.
SQL: select * from news where cid=1 [ RunTime:0.000451s ]

[ 2015-01-06T13:08:26+08:00 ] 0.0.0.0 /OJ1/index.php/Contest/Index/Newscount
INFO: [ app_begin ] --START--
INFO: ReadHtmlCache Behavior ::run [ RunTime:0.000427s ]
INFO: [ app_begin ] --END-- [ RunTime:0.000479s ]
NOTIC: [8192] mysql_connect(): The mysql extension is deprecated and will be removed in the future: use mysqli or PDO instead G:\WWW\OJ1\ThinkPHP\Lib\Driver\Db\DbMysql.class.php 第 55 行.
SQL: select * from news where cid=1 [ RunTime:0.000327s ]

[ 2015-01-06T13:08:27+08:00 ] 0.0.0.0 /OJ1/index.php/Contest/Index/Newscount
INFO: [ app_begin ] --START--
INFO: ReadHtmlCache Behavior ::run [ RunTime:0.000431s ]
INFO: [ app_begin ] --END-- [ RunTime:0.000480s ]
NOTIC: [8192] mysql_connect(): The mysql extension is deprecated and will be removed in the future: use mysqli or PDO instead G:\WWW\OJ1\ThinkPHP\Lib\Driver\Db\DbMysql.class.php 第 55 行.
SQL: select * from news where cid=1 [ RunTime:0.000346s ]

[ 2015-01-06T13:08:28+08:00 ] 0.0.0.0 /OJ1/index.php/Contest/Index/Newscount
INFO: [ app_begin ] --START--
INFO: ReadHtmlCache Behavior ::run [ RunTime:0.000353s ]
INFO: [ app_begin ] --END-- [ RunTime:0.000399s ]
NOTIC: [8192] mysql_connect(): The mysql extension is deprecated and will be removed in the future: use mysqli or PDO instead G:\WWW\OJ1\ThinkPHP\Lib\Driver\Db\DbMysql.class.php 第 55 行.
SQL: select * from news where cid=1 [ RunTime:0.000317s ]

[ 2015-01-06T13:08:29+08:00 ] 0.0.0.0 /OJ1/index.php/Contest/Index/Newscount
INFO: [ app_begin ] --START--
INFO: ReadHtmlCache Behavior ::run [ RunTime:0.000322s ]
INFO: [ app_begin ] --END-- [ RunTime:0.000363s ]
NOTIC: [8192] mysql_connect(): The mysql extension is deprecated and will be removed in the future: use mysqli or PDO instead G:\WWW\OJ1\ThinkPHP\Lib\Driver\Db\DbMysql.class.php 第 55 行.
SQL: select * from news where cid=1 [ RunTime:0.000316s ]

[ 2015-01-06T13:08:30+08:00 ] 0.0.0.0 /OJ1/index.php/Contest/Index/Newscount
INFO: [ app_begin ] --START--
INFO: ReadHtmlCache Behavior ::run [ RunTime:0.000368s ]
INFO: [ app_begin ] --END-- [ RunTime:0.000412s ]
NOTIC: [8192] mysql_connect(): The mysql extension is deprecated and will be removed in the future: use mysqli or PDO instead G:\WWW\OJ1\ThinkPHP\Lib\Driver\Db\DbMysql.class.php 第 55 行.
SQL: select * from news where cid=1 [ RunTime:0.000350s ]

[ 2015-01-06T13:08:31+08:00 ] 0.0.0.0 /OJ1/index.php/Contest/Index/Newscount
INFO: [ app_begin ] --START--
INFO: ReadHtmlCache Behavior ::run [ RunTime:0.000338s ]
INFO: [ app_begin ] --END-- [ RunTime:0.000383s ]
NOTIC: [8192] mysql_connect(): The mysql extension is deprecated and will be removed in the future: use mysqli or PDO instead G:\WWW\OJ1\ThinkPHP\Lib\Driver\Db\DbMysql.class.php 第 55 行.
SQL: select * from news where cid=1 [ RunTime:0.000295s ]

[ 2015-01-06T13:08:32+08:00 ] 0.0.0.0 /OJ1/index.php/Contest/Index/Newscount
INFO: [ app_begin ] --START--
INFO: ReadHtmlCache Behavior ::run [ RunTime:0.000404s ]
INFO: [ app_begin ] --END-- [ RunTime:0.000459s ]
NOTIC: [8192] mysql_connect(): The mysql extension is deprecated and will be removed in the future: use mysqli or PDO instead G:\WWW\OJ1\ThinkPHP\Lib\Driver\Db\DbMysql.class.php 第 55 行.
SQL: select * from news where cid=1 [ RunTime:0.000310s ]

[ 2015-01-06T13:08:33+08:00 ] 0.0.0.0 /OJ1/index.php/Contest/Index/Newscount
INFO: [ app_begin ] --START--
INFO: ReadHtmlCache Behavior ::run [ RunTime:0.000350s ]
INFO: [ app_begin ] --END-- [ RunTime:0.000399s ]
NOTIC: [8192] mysql_connect(): The mysql extension is deprecated and will be removed in the future: use mysqli or PDO instead G:\WWW\OJ1\ThinkPHP\Lib\Driver\Db\DbMysql.class.php 第 55 行.
SQL: select * from news where cid=1 [ RunTime:0.000339s ]

[ 2015-01-06T13:08:34+08:00 ] 0.0.0.0 /OJ1/index.php/Contest/Index/Newscount
INFO: [ app_begin ] --START--
INFO: ReadHtmlCache Behavior ::run [ RunTime:0.000362s ]
INFO: [ app_begin ] --END-- [ RunTime:0.000409s ]
NOTIC: [8192] mysql_connect(): The mysql extension is deprecated and will be removed in the future: use mysqli or PDO instead G:\WWW\OJ1\ThinkPHP\Lib\Driver\Db\DbMysql.class.php 第 55 行.
SQL: select * from news where cid=1 [ RunTime:0.000341s ]

[ 2015-01-06T13:08:35+08:00 ] 0.0.0.0 /OJ1/index.php/Contest/Index/Newscount
INFO: [ app_begin ] --START--
INFO: ReadHtmlCache Behavior ::run [ RunTime:0.000360s ]
INFO: [ app_begin ] --END-- [ RunTime:0.000413s ]
NOTIC: [8192] mysql_connect(): The mysql extension is deprecated and will be removed in the future: use mysqli or PDO instead G:\WWW\OJ1\ThinkPHP\Lib\Driver\Db\DbMysql.class.php 第 55 行.
SQL: select * from news where cid=1 [ RunTime:0.000344s ]

[ 2015-01-06T13:08:36+08:00 ] 0.0.0.0 /OJ1/index.php/Contest/Index/Newscount
INFO: [ app_begin ] --START--
INFO: ReadHtmlCache Behavior ::run [ RunTime:0.000444s ]
INFO: [ app_begin ] --END-- [ RunTime:0.000501s ]
NOTIC: [8192] mysql_connect(): The mysql extension is deprecated and will be removed in the future: use mysqli or PDO instead G:\WWW\OJ1\ThinkPHP\Lib\Driver\Db\DbMysql.class.php 第 55 行.
SQL: select * from news where cid=1 [ RunTime:0.000338s ]

[ 2015-01-06T13:08:37+08:00 ] 0.0.0.0 /OJ1/index.php/Contest/Index/Newscount
INFO: [ app_begin ] --START--
INFO: ReadHtmlCache Behavior ::run [ RunTime:0.000415s ]
INFO: [ app_begin ] --END-- [ RunTime:0.000472s ]
NOTIC: [8192] mysql_connect(): The mysql extension is deprecated and will be removed in the future: use mysqli or PDO instead G:\WWW\OJ1\ThinkPHP\Lib\Driver\Db\DbMysql.class.php 第 55 行.
SQL: select * from news where cid=1 [ RunTime:0.000301s ]

[ 2015-01-06T13:08:38+08:00 ] 0.0.0.0 /OJ1/index.php/Contest/Index/Newscount
INFO: [ app_begin ] --START--
INFO: ReadHtmlCache Behavior ::run [ RunTime:0.000467s ]
INFO: [ app_begin ] --END-- [ RunTime:0.000518s ]
NOTIC: [8192] mysql_connect(): The mysql extension is deprecated and will be removed in the future: use mysqli or PDO instead G:\WWW\OJ1\ThinkPHP\Lib\Driver\Db\DbMysql.class.php 第 55 行.
SQL: select * from news where cid=1 [ RunTime:0.000336s ]

[ 2015-01-06T13:08:39+08:00 ] 0.0.0.0 /OJ1/index.php/Contest/Index/Newscount
INFO: [ app_begin ] --START--
INFO: ReadHtmlCache Behavior ::run [ RunTime:0.000379s ]
INFO: [ app_begin ] --END-- [ RunTime:0.000425s ]
NOTIC: [8192] mysql_connect(): The mysql extension is deprecated and will be removed in the future: use mysqli or PDO instead G:\WWW\OJ1\ThinkPHP\Lib\Driver\Db\DbMysql.class.php 第 55 行.
SQL: select * from news where cid=1 [ RunTime:0.000423s ]

[ 2015-01-06T13:08:40+08:00 ] 0.0.0.0 /OJ1/index.php/Contest/Index/Newscount
INFO: [ app_begin ] --START--
INFO: ReadHtmlCache Behavior ::run [ RunTime:0.000346s ]
INFO: [ app_begin ] --END-- [ RunTime:0.000391s ]
NOTIC: [8192] mysql_connect(): The mysql extension is deprecated and will be removed in the future: use mysqli or PDO instead G:\WWW\OJ1\ThinkPHP\Lib\Driver\Db\DbMysql.class.php 第 55 行.
SQL: select * from news where cid=1 [ RunTime:0.000335s ]

[ 2015-01-06T13:08:41+08:00 ] 0.0.0.0 /OJ1/index.php/Contest/Index/Newscount
INFO: [ app_begin ] --START--
INFO: ReadHtmlCache Behavior ::run [ RunTime:0.000402s ]
INFO: [ app_begin ] --END-- [ RunTime:0.000448s ]
NOTIC: [8192] mysql_connect(): The mysql extension is deprecated and will be removed in the future: use mysqli or PDO instead G:\WWW\OJ1\ThinkPHP\Lib\Driver\Db\DbMysql.class.php 第 55 行.
SQL: select * from news where cid=1 [ RunTime:0.000337s ]

[ 2015-01-06T13:08:42+08:00 ] 0.0.0.0 /OJ1/index.php/Contest/Index/Newscount
INFO: [ app_begin ] --START--
INFO: ReadHtmlCache Behavior ::run [ RunTime:0.000351s ]
INFO: [ app_begin ] --END-- [ RunTime:0.000400s ]
NOTIC: [8192] mysql_connect(): The mysql extension is deprecated and will be removed in the future: use mysqli or PDO instead G:\WWW\OJ1\ThinkPHP\Lib\Driver\Db\DbMysql.class.php 第 55 行.
SQL: select * from news where cid=1 [ RunTime:0.000386s ]

[ 2015-01-06T13:08:43+08:00 ] 0.0.0.0 /OJ1/index.php/Contest/Index/Newscount
INFO: [ app_begin ] --START--
INFO: ReadHtmlCache Behavior ::run [ RunTime:0.000349s ]
INFO: [ app_begin ] --END-- [ RunTime:0.000393s ]
NOTIC: [8192] mysql_connect(): The mysql extension is deprecated and will be removed in the future: use mysqli or PDO instead G:\WWW\OJ1\ThinkPHP\Lib\Driver\Db\DbMysql.class.php 第 55 行.
SQL: select * from news where cid=1 [ RunTime:0.000338s ]

[ 2015-01-06T13:08:44+08:00 ] 0.0.0.0 /OJ1/index.php/Contest/Index/Newscount
INFO: [ app_begin ] --START--
INFO: ReadHtmlCache Behavior ::run [ RunTime:0.000399s ]
INFO: [ app_begin ] --END-- [ RunTime:0.000442s ]
NOTIC: [8192] mysql_connect(): The mysql extension is deprecated and will be removed in the future: use mysqli or PDO instead G:\WWW\OJ1\ThinkPHP\Lib\Driver\Db\DbMysql.class.php 第 55 行.
SQL: select * from news where cid=1 [ RunTime:0.000345s ]

[ 2015-01-06T13:08:45+08:00 ] 0.0.0.0 /OJ1/index.php/Contest/Index/Newscount
INFO: [ app_begin ] --START--
INFO: ReadHtmlCache Behavior ::run [ RunTime:0.000342s ]
INFO: [ app_begin ] --END-- [ RunTime:0.000388s ]
NOTIC: [8192] mysql_connect(): The mysql extension is deprecated and will be removed in the future: use mysqli or PDO instead G:\WWW\OJ1\ThinkPHP\Lib\Driver\Db\DbMysql.class.php 第 55 行.
SQL: select * from news where cid=1 [ RunTime:0.000410s ]

[ 2015-01-06T13:08:46+08:00 ] 0.0.0.0 /OJ1/index.php/Contest/Index/Newscount
INFO: [ app_begin ] --START--
INFO: ReadHtmlCache Behavior ::run [ RunTime:0.000361s ]
INFO: [ app_begin ] --END-- [ RunTime:0.000407s ]
NOTIC: [8192] mysql_connect(): The mysql extension is deprecated and will be removed in the future: use mysqli or PDO instead G:\WWW\OJ1\ThinkPHP\Lib\Driver\Db\DbMysql.class.php 第 55 行.
SQL: select * from news where cid=1 [ RunTime:0.000364s ]

[ 2015-01-06T13:08:47+08:00 ] 0.0.0.0 /OJ1/index.php/Contest/Index/Newscount
INFO: [ app_begin ] --START--
INFO: ReadHtmlCache Behavior ::run [ RunTime:0.000344s ]
INFO: [ app_begin ] --END-- [ RunTime:0.000389s ]
NOTIC: [8192] mysql_connect(): The mysql extension is deprecated and will be removed in the future: use mysqli or PDO instead G:\WWW\OJ1\ThinkPHP\Lib\Driver\Db\DbMysql.class.php 第 55 行.
SQL: select * from news where cid=1 [ RunTime:0.000331s ]

[ 2015-01-06T13:08:48+08:00 ] 0.0.0.0 /OJ1/index.php/Contest/Index/Newscount
INFO: [ app_begin ] --START--
INFO: ReadHtmlCache Behavior ::run [ RunTime:0.000342s ]
INFO: [ app_begin ] --END-- [ RunTime:0.000386s ]
NOTIC: [8192] mysql_connect(): The mysql extension is deprecated and will be removed in the future: use mysqli or PDO instead G:\WWW\OJ1\ThinkPHP\Lib\Driver\Db\DbMysql.class.php 第 55 行.
SQL: select * from news where cid=1 [ RunTime:0.000306s ]

[ 2015-01-06T13:08:49+08:00 ] 0.0.0.0 /OJ1/index.php/Contest/Index/Newscount
INFO: [ app_begin ] --START--
INFO: ReadHtmlCache Behavior ::run [ RunTime:0.000441s ]
INFO: [ app_begin ] --END-- [ RunTime:0.000493s ]
NOTIC: [8192] mysql_connect(): The mysql extension is deprecated and will be removed in the future: use mysqli or PDO instead G:\WWW\OJ1\ThinkPHP\Lib\Driver\Db\DbMysql.class.php 第 55 行.
SQL: select * from news where cid=1 [ RunTime:0.000301s ]

[ 2015-01-06T13:08:49+08:00 ] 0.0.0.0 /OJ1/index.php/Contest/Index/verify
ERR: 非法操作:verify

[ 2015-01-06T13:08:49+08:00 ] 0.0.0.0 /OJ1/index.php/Contest/Index/verify
ERR: 非法操作:verify

[ 2015-01-06T13:08:50+08:00 ] 0.0.0.0 /OJ1/index.php/Contest/Index/verify
ERR: 非法操作:verify

[ 2015-01-06T13:08:51+08:00 ] 0.0.0.0 /OJ1/index.php/Contest/Index/Newscount
INFO: [ app_begin ] --START--
INFO: ReadHtmlCache Behavior ::run [ RunTime:0.000343s ]
INFO: [ app_begin ] --END-- [ RunTime:0.000382s ]
NOTIC: [8192] mysql_connect(): The mysql extension is deprecated and will be removed in the future: use mysqli or PDO instead G:\WWW\OJ1\ThinkPHP\Lib\Driver\Db\DbMysql.class.php 第 55 行.
SQL: select * from news where cid=1 [ RunTime:0.000296s ]

[ 2015-01-06T13:08:52+08:00 ] 0.0.0.0 /OJ1/index.php/Contest/Index/Newscount
INFO: [ app_begin ] --START--
INFO: ReadHtmlCache Behavior ::run [ RunTime:0.000334s ]
INFO: [ app_begin ] --END-- [ RunTime:0.000379s ]
NOTIC: [8192] mysql_connect(): The mysql extension is deprecated and will be removed in the future: use mysqli or PDO instead G:\WWW\OJ1\ThinkPHP\Lib\Driver\Db\DbMysql.class.php 第 55 行.
SQL: select * from news where cid=1 [ RunTime:0.000396s ]

[ 2015-01-06T13:08:53+08:00 ] 0.0.0.0 /OJ1/index.php/Contest/Index/Newscount
INFO: [ app_begin ] --START--
INFO: ReadHtmlCache Behavior ::run [ RunTime:0.000344s ]
INFO: [ app_begin ] --END-- [ RunTime:0.000389s ]
NOTIC: [8192] mysql_connect(): The mysql extension is deprecated and will be removed in the future: use mysqli or PDO instead G:\WWW\OJ1\ThinkPHP\Lib\Driver\Db\DbMysql.class.php 第 55 行.
SQL: select * from news where cid=1 [ RunTime:0.000407s ]

[ 2015-01-06T13:08:54+08:00 ] 0.0.0.0 /OJ1/index.php/Contest/Index/Newscount
INFO: [ app_begin ] --START--
INFO: ReadHtmlCache Behavior ::run [ RunTime:0.000369s ]
INFO: [ app_begin ] --END-- [ RunTime:0.000417s ]
NOTIC: [8192] mysql_connect(): The mysql extension is deprecated and will be removed in the future: use mysqli or PDO instead G:\WWW\OJ1\ThinkPHP\Lib\Driver\Db\DbMysql.class.php 第 55 行.
SQL: select * from news where cid=1 [ RunTime:0.000324s ]

[ 2015-01-06T13:08:55+08:00 ] 0.0.0.0 /OJ1/index.php/Contest/Index/Newscount
INFO: [ app_begin ] --START--
INFO: ReadHtmlCache Behavior ::run [ RunTime:0.000371s ]
INFO: [ app_begin ] --END-- [ RunTime:0.000416s ]
NOTIC: [8192] mysql_connect(): The mysql extension is deprecated and will be removed in the future: use mysqli or PDO instead G:\WWW\OJ1\ThinkPHP\Lib\Driver\Db\DbMysql.class.php 第 55 行.
SQL: select * from news where cid=1 [ RunTime:0.000332s ]

[ 2015-01-06T13:08:56+08:00 ] 0.0.0.0 /OJ1/index.php/Contest/Index/Newscount
INFO: [ app_begin ] --START--
INFO: ReadHtmlCache Behavior ::run [ RunTime:0.000353s ]
INFO: [ app_begin ] --END-- [ RunTime:0.000399s ]
NOTIC: [8192] mysql_connect(): The mysql extension is deprecated and will be removed in the future: use mysqli or PDO instead G:\WWW\OJ1\ThinkPHP\Lib\Driver\Db\DbMysql.class.php 第 55 行.
SQL: select * from news where cid=1 [ RunTime:0.000440s ]

[ 2015-01-06T13:08:57+08:00 ] 0.0.0.0 /OJ1/index.php/Contest/Index/Newscount
INFO: [ app_begin ] --START--
INFO: ReadHtmlCache Behavior ::run [ RunTime:0.000390s ]
INFO: [ app_begin ] --END-- [ RunTime:0.000450s ]
NOTIC: [8192] mysql_connect(): The mysql extension is deprecated and will be removed in the future: use mysqli or PDO instead G:\WWW\OJ1\ThinkPHP\Lib\Driver\Db\DbMysql.class.php 第 55 行.
SQL: select * from news where cid=1 [ RunTime:0.000411s ]

[ 2015-01-06T13:08:58+08:00 ] 0.0.0.0 /OJ1/index.php/Contest/Index/Newscount
INFO: [ app_begin ] --START--
INFO: ReadHtmlCache Behavior ::run [ RunTime:0.000502s ]
INFO: [ app_begin ] --END-- [ RunTime:0.000558s ]
NOTIC: [8192] mysql_connect(): The mysql extension is deprecated and will be removed in the future: use mysqli or PDO instead G:\WWW\OJ1\ThinkPHP\Lib\Driver\Db\DbMysql.class.php 第 55 行.
SQL: select * from news where cid=1 [ RunTime:0.000351s ]

[ 2015-01-06T13:08:59+08:00 ] 0.0.0.0 /OJ1/index.php/Contest/Index/Newscount
INFO: [ app_begin ] --START--
INFO: ReadHtmlCache Behavior ::run [ RunTime:0.000377s ]
INFO: [ app_begin ] --END-- [ RunTime:0.000427s ]
NOTIC: [8192] mysql_connect(): The mysql extension is deprecated and will be removed in the future: use mysqli or PDO instead G:\WWW\OJ1\ThinkPHP\Lib\Driver\Db\DbMysql.class.php 第 55 行.
SQL: select * from news where cid=1 [ RunTime:0.000321s ]

[ 2015-01-06T13:09:00+08:00 ] 0.0.0.0 /OJ1/index.php/Contest/Index/Newscount
INFO: [ app_begin ] --START--
INFO: ReadHtmlCache Behavior ::run [ RunTime:0.000397s ]
INFO: [ app_begin ] --END-- [ RunTime:0.000443s ]
NOTIC: [8192] mysql_connect(): The mysql extension is deprecated and will be removed in the future: use mysqli or PDO instead G:\WWW\OJ1\ThinkPHP\Lib\Driver\Db\DbMysql.class.php 第 55 行.
SQL: select * from news where cid=1 [ RunTime:0.000281s ]

[ 2015-01-06T13:09:01+08:00 ] 0.0.0.0 /OJ1/index.php/Contest/Index/Newscount
INFO: [ app_begin ] --START--
INFO: ReadHtmlCache Behavior ::run [ RunTime:0.000383s ]
INFO: [ app_begin ] --END-- [ RunTime:0.000430s ]
NOTIC: [8192] mysql_connect(): The mysql extension is deprecated and will be removed in the future: use mysqli or PDO instead G:\WWW\OJ1\ThinkPHP\Lib\Driver\Db\DbMysql.class.php 第 55 行.
SQL: select * from news where cid=1 [ RunTime:0.000372s ]

[ 2015-01-06T13:09:02+08:00 ] 0.0.0.0 /OJ1/index.php/Contest/Index/Newscount
INFO: [ app_begin ] --START--
INFO: ReadHtmlCache Behavior ::run [ RunTime:0.000396s ]
INFO: [ app_begin ] --END-- [ RunTime:0.000441s ]
NOTIC: [8192] mysql_connect(): The mysql extension is deprecated and will be removed in the future: use mysqli or PDO instead G:\WWW\OJ1\ThinkPHP\Lib\Driver\Db\DbMysql.class.php 第 55 行.
SQL: select * from news where cid=1 [ RunTime:0.000336s ]

[ 2015-01-06T13:09:03+08:00 ] 0.0.0.0 /OJ1/index.php/Contest/Index/Newscount
INFO: [ app_begin ] --START--
INFO: ReadHtmlCache Behavior ::run [ RunTime:0.000381s ]
INFO: [ app_begin ] --END-- [ RunTime:0.000428s ]
NOTIC: [8192] mysql_connect(): The mysql extension is deprecated and will be removed in the future: use mysqli or PDO instead G:\WWW\OJ1\ThinkPHP\Lib\Driver\Db\DbMysql.class.php 第 55 行.
SQL: select * from news where cid=1 [ RunTime:0.000362s ]

[ 2015-01-06T13:09:04+08:00 ] 0.0.0.0 /OJ1/index.php/Contest/Index/Newscount
INFO: [ app_begin ] --START--
INFO: ReadHtmlCache Behavior ::run [ RunTime:0.000377s ]
INFO: [ app_begin ] --END-- [ RunTime:0.000421s ]
NOTIC: [8192] mysql_connect(): The mysql extension is deprecated and will be removed in the future: use mysqli or PDO instead G:\WWW\OJ1\ThinkPHP\Lib\Driver\Db\DbMysql.class.php 第 55 行.
SQL: select * from news where cid=1 [ RunTime:0.000322s ]

[ 2015-01-06T13:09:05+08:00 ] 0.0.0.0 /OJ1/index.php/Contest/Index/Newscount
INFO: [ app_begin ] --START--
INFO: ReadHtmlCache Behavior ::run [ RunTime:0.000351s ]
INFO: [ app_begin ] --END-- [ RunTime:0.000399s ]
NOTIC: [8192] mysql_connect(): The mysql extension is deprecated and will be removed in the future: use mysqli or PDO instead G:\WWW\OJ1\ThinkPHP\Lib\Driver\Db\DbMysql.class.php 第 55 行.
SQL: select * from news where cid=1 [ RunTime:0.000406s ]

[ 2015-01-06T13:09:06+08:00 ] 0.0.0.0 /OJ1/index.php/Contest/Index/Newscount
INFO: [ app_begin ] --START--
INFO: ReadHtmlCache Behavior ::run [ RunTime:0.000349s ]
INFO: [ app_begin ] --END-- [ RunTime:0.000395s ]
NOTIC: [8192] mysql_connect(): The mysql extension is deprecated and will be removed in the future: use mysqli or PDO instead G:\WWW\OJ1\ThinkPHP\Lib\Driver\Db\DbMysql.class.php 第 55 行.
SQL: select * from news where cid=1 [ RunTime:0.000383s ]

[ 2015-01-06T13:09:07+08:00 ] 0.0.0.0 /OJ1/index.php/Contest/Index/Newscount
INFO: [ app_begin ] --START--
INFO: ReadHtmlCache Behavior ::run [ RunTime:0.000347s ]
INFO: [ app_begin ] --END-- [ RunTime:0.000389s ]
NOTIC: [8192] mysql_connect(): The mysql extension is deprecated and will be removed in the future: use mysqli or PDO instead G:\WWW\OJ1\ThinkPHP\Lib\Driver\Db\DbMysql.class.php 第 55 行.
SQL: select * from news where cid=1 [ RunTime:0.000380s ]

[ 2015-01-06T13:09:08+08:00 ] 0.0.0.0 /OJ1/index.php/Contest/Index/Newscount
INFO: [ app_begin ] --START--
INFO: ReadHtmlCache Behavior ::run [ RunTime:0.000370s ]
INFO: [ app_begin ] --END-- [ RunTime:0.000418s ]
NOTIC: [8192] mysql_connect(): The mysql extension is deprecated and will be removed in the future: use mysqli or PDO instead G:\WWW\OJ1\ThinkPHP\Lib\Driver\Db\DbMysql.class.php 第 55 行.
SQL: select * from news where cid=1 [ RunTime:0.000325s ]

[ 2015-01-06T13:09:09+08:00 ] 0.0.0.0 /OJ1/index.php/Contest/Index/Newscount
INFO: [ app_begin ] --START--
INFO: ReadHtmlCache Behavior ::run [ RunTime:0.000348s ]
INFO: [ app_begin ] --END-- [ RunTime:0.000393s ]
NOTIC: [8192] mysql_connect(): The mysql extension is deprecated and will be removed in the future: use mysqli or PDO instead G:\WWW\OJ1\ThinkPHP\Lib\Driver\Db\DbMysql.class.php 第 55 行.
SQL: select * from news where cid=1 [ RunTime:0.000312s ]

[ 2015-01-06T13:09:10+08:00 ] 0.0.0.0 /OJ1/index.php/Contest/Index/Newscount
INFO: [ app_begin ] --START--
INFO: ReadHtmlCache Behavior ::run [ RunTime:0.000347s ]
INFO: [ app_begin ] --END-- [ RunTime:0.000391s ]
NOTIC: [8192] mysql_connect(): The mysql extension is deprecated and will be removed in the future: use mysqli or PDO instead G:\WWW\OJ1\ThinkPHP\Lib\Driver\Db\DbMysql.class.php 第 55 行.
SQL: select * from news where cid=1 [ RunTime:0.000373s ]

[ 2015-01-06T13:09:10+08:00 ] 0.0.0.0 /OJ1/index.php/Contest/Index/verify
ERR: 非法操作:verify

[ 2015-01-06T13:09:12+08:00 ] 0.0.0.0 /OJ1/index.php/Contest/Index/Newscount
INFO: [ app_begin ] --START--
INFO: ReadHtmlCache Behavior ::run [ RunTime:0.000360s ]
INFO: [ app_begin ] --END-- [ RunTime:0.000404s ]
NOTIC: [8192] mysql_connect(): The mysql extension is deprecated and will be removed in the future: use mysqli or PDO instead G:\WWW\OJ1\ThinkPHP\Lib\Driver\Db\DbMysql.class.php 第 55 行.
SQL: select * from news where cid=1 [ RunTime:0.000372s ]

[ 2015-01-06T13:09:13+08:00 ] 0.0.0.0 /OJ1/index.php/Contest/Index/Newscount
INFO: [ app_begin ] --START--
INFO: ReadHtmlCache Behavior ::run [ RunTime:0.000389s ]
INFO: [ app_begin ] --END-- [ RunTime:0.000441s ]
NOTIC: [8192] mysql_connect(): The mysql extension is deprecated and will be removed in the future: use mysqli or PDO instead G:\WWW\OJ1\ThinkPHP\Lib\Driver\Db\DbMysql.class.php 第 55 行.
SQL: select * from news where cid=1 [ RunTime:0.000315s ]

[ 2015-01-06T13:09:14+08:00 ] 0.0.0.0 /OJ1/index.php/Contest/Index/Newscount
INFO: [ app_begin ] --START--
INFO: ReadHtmlCache Behavior ::run [ RunTime:0.000445s ]
INFO: [ app_begin ] --END-- [ RunTime:0.000501s ]
NOTIC: [8192] mysql_connect(): The mysql extension is deprecated and will be removed in the future: use mysqli or PDO instead G:\WWW\OJ1\ThinkPHP\Lib\Driver\Db\DbMysql.class.php 第 55 行.
SQL: select * from news where cid=1 [ RunTime:0.000378s ]

[ 2015-01-06T13:09:15+08:00 ] 0.0.0.0 /OJ1/index.php/Contest/Index/Newscount
INFO: [ app_begin ] --START--
INFO: ReadHtmlCache Behavior ::run [ RunTime:0.000374s ]
INFO: [ app_begin ] --END-- [ RunTime:0.000422s ]
NOTIC: [8192] mysql_connect(): The mysql extension is deprecated and will be removed in the future: use mysqli or PDO instead G:\WWW\OJ1\ThinkPHP\Lib\Driver\Db\DbMysql.class.php 第 55 行.
SQL: select * from news where cid=1 [ RunTime:0.000358s ]

[ 2015-01-06T13:09:16+08:00 ] 0.0.0.0 /OJ1/index.php/Contest/Index/Newscount
INFO: [ app_begin ] --START--
INFO: ReadHtmlCache Behavior ::run [ RunTime:0.000356s ]
INFO: [ app_begin ] --END-- [ RunTime:0.000403s ]
NOTIC: [8192] mysql_connect(): The mysql extension is deprecated and will be removed in the future: use mysqli or PDO instead G:\WWW\OJ1\ThinkPHP\Lib\Driver\Db\DbMysql.class.php 第 55 行.
SQL: select * from news where cid=1 [ RunTime:0.000336s ]

[ 2015-01-06T13:09:17+08:00 ] 0.0.0.0 /OJ1/index.php/Contest/Index/Newscount
INFO: [ app_begin ] --START--
INFO: ReadHtmlCache Behavior ::run [ RunTime:0.000358s ]
INFO: [ app_begin ] --END-- [ RunTime:0.000408s ]
NOTIC: [8192] mysql_connect(): The mysql extension is deprecated and will be removed in the future: use mysqli or PDO instead G:\WWW\OJ1\ThinkPHP\Lib\Driver\Db\DbMysql.class.php 第 55 行.
SQL: select * from news where cid=1 [ RunTime:0.000320s ]

[ 2015-01-06T13:09:18+08:00 ] 0.0.0.0 /OJ1/index.php/Contest/Index/Newscount
INFO: [ app_begin ] --START--
INFO: ReadHtmlCache Behavior ::run [ RunTime:0.000339s ]
INFO: [ app_begin ] --END-- [ RunTime:0.000386s ]
NOTIC: [8192] mysql_connect(): The mysql extension is deprecated and will be removed in the future: use mysqli or PDO instead G:\WWW\OJ1\ThinkPHP\Lib\Driver\Db\DbMysql.class.php 第 55 行.
SQL: select * from news where cid=1 [ RunTime:0.000315s ]

[ 2015-01-06T13:09:19+08:00 ] 0.0.0.0 /OJ1/index.php/Contest/Index/Newscount
INFO: [ app_begin ] --START--
INFO: ReadHtmlCache Behavior ::run [ RunTime:0.000435s ]
INFO: [ app_begin ] --END-- [ RunTime:0.000492s ]
NOTIC: [8192] mysql_connect(): The mysql extension is deprecated and will be removed in the future: use mysqli or PDO instead G:\WWW\OJ1\ThinkPHP\Lib\Driver\Db\DbMysql.class.php 第 55 行.
SQL: select * from news where cid=1 [ RunTime:0.000501s ]

[ 2015-01-06T13:18:46+08:00 ] 0.0.0.0 /OJ1/index.php/Index/Submit
INFO: [ app_begin ] --START--
INFO: ReadHtmlCache Behavior ::run [ RunTime:0.000340s ]
INFO: [ app_begin ] --END-- [ RunTime:0.000378s ]
ERR: 无法加载模块:Submit

[ 2015-01-06T13:18:55+08:00 ] 0.0.0.0 /OJ1/index.php/Index/Submit
INFO: [ app_begin ] --START--
INFO: ReadHtmlCache Behavior ::run [ RunTime:0.000341s ]
INFO: [ app_begin ] --END-- [ RunTime:0.000381s ]
ERR: 无法加载模块:Submit

[ 2015-01-06T13:18:55+08:00 ] 0.0.0.0 /OJ1/index.php/Index/Submit
INFO: [ app_begin ] --START--
INFO: ReadHtmlCache Behavior ::run [ RunTime:0.000337s ]
INFO: [ app_begin ] --END-- [ RunTime:0.000375s ]
ERR: 无法加载模块:Submit

[ 2015-01-06T13:18:55+08:00 ] 0.0.0.0 /OJ1/index.php/Index/Submit
INFO: [ app_begin ] --START--
INFO: ReadHtmlCache Behavior ::run [ RunTime:0.000338s ]
INFO: [ app_begin ] --END-- [ RunTime:0.000376s ]
ERR: 无法加载模块:Submit

[ 2015-01-06T13:19:33+08:00 ] 0.0.0.0 /OJ1/index.php/Index/Submit
INFO: [ app_begin ] --START--
INFO: ReadHtmlCache Behavior ::run [ RunTime:0.000353s ]
INFO: [ app_begin ] --END-- [ RunTime:0.000394s ]
ERR: 无法加载模块:Submit

[ 2015-01-06T13:19:45+08:00 ] 0.0.0.0 /OJ1/index.php/Index/Submit
INFO: [ app_begin ] --START--
INFO: ReadHtmlCache Behavior ::run [ RunTime:0.000390s ]
INFO: [ app_begin ] --END-- [ RunTime:0.000427s ]
ERR: 无法加载模块:Submit

[ 2015-01-06T13:20:59+08:00 ] 0.0.0.0 /OJ1/index.php/Index/Submit
INFO: [ app_begin ] --START--
INFO: ReadHtmlCache Behavior ::run [ RunTime:0.000341s ]
INFO: [ app_begin ] --END-- [ RunTime:0.000379s ]
ERR: 无法加载模块:Submit

[ 2015-01-06T13:21:01+08:00 ] 0.0.0.0 /OJ1/index.php/Index/Submit
INFO: [ app_begin ] --START--
INFO: ReadHtmlCache Behavior ::run [ RunTime:0.000334s ]
INFO: [ app_begin ] --END-- [ RunTime:0.000372s ]
ERR: 无法加载模块:Submit

[ 2015-01-06T13:21:54+08:00 ] 0.0.0.0 /OJ1/index.php/Index/Submit
INFO: [ app_begin ] --START--
INFO: ReadHtmlCache Behavior ::run [ RunTime:0.000386s ]
INFO: [ app_begin ] --END-- [ RunTime:0.000430s ]
ERR: 无法加载模块:Submit

[ 2015-01-06T13:22:18+08:00 ] 0.0.0.0 /OJ1/index.php/Index/Index/Submit
INFO: [ app_begin ] --START--
INFO: ReadHtmlCache Behavior ::run [ RunTime:0.000334s ]
INFO: [ app_begin ] --END-- [ RunTime:0.000373s ]
NOTIC: [8192] mysql_connect(): The mysql extension is deprecated and will be removed in the future: use mysqli or PDO instead G:\WWW\OJ1\ThinkPHP\Lib\Driver\Db\DbMysql.class.php 第 55 行.
SQL: SHOW COLUMNS FROM `solution` [ RunTime:0.002822s ]
SQL: SHOW COLUMNS FROM `problem` [ RunTime:0.002531s ]
NOTIC: [8192] preg_replace(): The /e modifier is deprecated, use preg_replace_callback instead G:\WWW\OJ1\ThinkPHP\Lib\Core\Db.class.php 第 604 行.
SQL: SELECT * FROM `problem` WHERE ( pid=2 ) LIMIT 1   [ RunTime:0.000332s ]
SQL: UPDATE `problem` SET `pid`=2,`uid`=1,`pname`='A + B Problem',`desci`='Calculate a+b',`input`='Two integer a,b',`output`='Output a+b',`indata`='1 2',`outdata`='3',`hint`='Sample problem',`source`='local',`author`='admin',`create_time`='2014-12-04 14:06:22',`contest_num`=0,`level`=0,`memory`=64,`time`=500,`special`=0,`accepted`=0,`submit`=1,`solved`=0,`visibily`=1 WHERE ( pid=2 ) [ RunTime:0.228556s ]
SQL: INSERT INTO `solution` (`uid`,`pid`,`language`,`result`,`code`,`length`) VALUES (6,2,1,0,'asdasd',6) [ RunTime:0.188239s ]

[ 2015-01-06T13:23:06+08:00 ] 0.0.0.0 /OJ1/index.php/Index/Index/Submit
INFO: [ app_begin ] --START--
INFO: ReadHtmlCache Behavior ::run [ RunTime:0.000335s ]
INFO: [ app_begin ] --END-- [ RunTime:0.000374s ]
NOTIC: [8192] mysql_connect(): The mysql extension is deprecated and will be removed in the future: use mysqli or PDO instead G:\WWW\OJ1\ThinkPHP\Lib\Driver\Db\DbMysql.class.php 第 55 行.
SQL: SHOW COLUMNS FROM `solution` [ RunTime:0.002870s ]
SQL: SHOW COLUMNS FROM `problem` [ RunTime:0.002683s ]

[ 2015-01-06T13:23:07+08:00 ] 0.0.0.0 /OJ1/index.php/Index/Index/Submit
INFO: [ app_begin ] --START--
INFO: ReadHtmlCache Behavior ::run [ RunTime:0.000344s ]
INFO: [ app_begin ] --END-- [ RunTime:0.000391s ]
NOTIC: [8192] mysql_connect(): The mysql extension is deprecated and will be removed in the future: use mysqli or PDO instead G:\WWW\OJ1\ThinkPHP\Lib\Driver\Db\DbMysql.class.php 第 55 行.
SQL: SHOW COLUMNS FROM `solution` [ RunTime:0.002838s ]
SQL: SHOW COLUMNS FROM `problem` [ RunTime:0.002626s ]

[ 2015-01-06T13:23:10+08:00 ] 0.0.0.0 /OJ1/index.php/Index/Index/Submit
INFO: [ app_begin ] --START--
INFO: ReadHtmlCache Behavior ::run [ RunTime:0.000372s ]
INFO: [ app_begin ] --END-- [ RunTime:0.000418s ]
NOTIC: [8192] mysql_connect(): The mysql extension is deprecated and will be removed in the future: use mysqli or PDO instead G:\WWW\OJ1\ThinkPHP\Lib\Driver\Db\DbMysql.class.php 第 55 行.
SQL: SHOW COLUMNS FROM `solution` [ RunTime:0.002895s ]
SQL: SHOW COLUMNS FROM `problem` [ RunTime:0.002729s ]

[ 2015-01-06T13:23:22+08:00 ] 0.0.0.0 /OJ1/index.php/Index/Index/Submit
INFO: [ app_begin ] --START--
INFO: ReadHtmlCache Behavior ::run [ RunTime:0.000334s ]
INFO: [ app_begin ] --END-- [ RunTime:0.000382s ]
NOTIC: [8192] mysql_connect(): The mysql extension is deprecated and will be removed in the future: use mysqli or PDO instead G:\WWW\OJ1\ThinkPHP\Lib\Driver\Db\DbMysql.class.php 第 55 行.
SQL: SHOW COLUMNS FROM `solution` [ RunTime:0.002826s ]
SQL: SHOW COLUMNS FROM `problem` [ RunTime:0.002570s ]

[ 2015-01-06T13:23:45+08:00 ] 0.0.0.0 /OJ1/index.php/Index/Index/Submit
INFO: [ app_begin ] --START--
INFO: ReadHtmlCache Behavior ::run [ RunTime:0.000339s ]
INFO: [ app_begin ] --END-- [ RunTime:0.000390s ]
NOTIC: [8192] mysql_connect(): The mysql extension is deprecated and will be removed in the future: use mysqli or PDO instead G:\WWW\OJ1\ThinkPHP\Lib\Driver\Db\DbMysql.class.php 第 55 行.
SQL: SHOW COLUMNS FROM `solution` [ RunTime:0.002853s ]
SQL: SHOW COLUMNS FROM `problem` [ RunTime:0.002566s ]

