[ 2015-02-23T00:20:03+08:00 ] 192.168.1.103 /oj/index.php/Contest/Index/Register
INFO: [ app_begin ] --START--
INFO: ReadHtmlCache Behavior ::run [ RunTime:0.000575s ]
INFO: [ app_begin ] --END-- [ RunTime:0.000740s ]
NOTIC: [8192] mysql_connect(): The mysql extension is deprecated and will be removed in the future: use mysqli or PDO instead /var/www/html/oj/ThinkPHP/Lib/Driver/Db/DbMysql.class.php 第 55 行.
SQL: select tid from user where uid=4; [ RunTime:0.001763s ]
NOTIC: [8] Use of undefined constant id - assumed 'id' /var/www/html/oj/php/Lib/Action/Contest/IndexAction.class.php 第 343 行.

[ 2015-02-23T00:20:06+08:00 ] 192.168.1.103 /oj/index.php/Index/Index/Checkvalue
INFO: [ app_begin ] --START--
INFO: ReadHtmlCache Behavior ::run [ RunTime:0.000343s ]
INFO: [ app_begin ] --END-- [ RunTime:0.000428s ]

[ 2015-02-23T00:20:14+08:00 ] 192.168.1.103 /oj/index.php/Index/Index/Login
INFO: [ app_begin ] --START--
INFO: ReadHtmlCache Behavior ::run [ RunTime:0.000430s ]
INFO: [ app_begin ] --END-- [ RunTime:0.000506s ]
NOTIC: [8192] mysql_connect(): The mysql extension is deprecated and will be removed in the future: use mysqli or PDO instead /var/www/html/oj/ThinkPHP/Lib/Driver/Db/DbMysql.class.php 第 55 行.
SQL: SHOW COLUMNS FROM `user` [ RunTime:0.001415s ]
NOTIC: [8192] preg_replace(): The /e modifier is deprecated, use preg_replace_callback instead /var/www/html/oj/ThinkPHP/Lib/Core/Db.class.php 第 604 行.
SQL: SELECT * FROM `user` WHERE ( `username` = 'z309241990' ) LIMIT 1   [ RunTime:0.000498s ]

[ 2015-02-23T01:10:54+08:00 ] 192.168.1.103 /oj/index.php/Contest/Index/Register
INFO: [ app_begin ] --START--
INFO: ReadHtmlCache Behavior ::run [ RunTime:0.000523s ]
INFO: [ app_begin ] --END-- [ RunTime:0.000685s ]
NOTIC: [8192] mysql_connect(): The mysql extension is deprecated and will be removed in the future: use mysqli or PDO instead /var/www/html/oj/ThinkPHP/Lib/Driver/Db/DbMysql.class.php 第 55 行.
SQL: select tid from user where uid=12; [ RunTime:0.000227s ]
NOTIC: [8] Use of undefined constant id - assumed 'id' /var/www/html/oj/php/Lib/Action/Contest/IndexAction.class.php 第 345 行.

[ 2015-02-23T01:11:13+08:00 ] 192.168.1.103 /oj/index.php/Contest/Index/Register
INFO: [ app_begin ] --START--
INFO: ReadHtmlCache Behavior ::run [ RunTime:0.000367s ]
INFO: [ app_begin ] --END-- [ RunTime:0.000410s ]
NOTIC: [8192] mysql_connect(): The mysql extension is deprecated and will be removed in the future: use mysqli or PDO instead /var/www/html/oj/ThinkPHP/Lib/Driver/Db/DbMysql.class.php 第 55 行.
SQL: select tid from user where uid=12; [ RunTime:0.000297s ]
NOTIC: [8] Use of undefined constant id - assumed 'id' /var/www/html/oj/php/Lib/Action/Contest/IndexAction.class.php 第 345 行.

[ 2015-02-23T01:11:18+08:00 ] 192.168.1.103 /oj/index.php/Contest/Index/Register
INFO: [ app_begin ] --START--
INFO: ReadHtmlCache Behavior ::run [ RunTime:0.000721s ]
INFO: [ app_begin ] --END-- [ RunTime:0.000766s ]
NOTIC: [8192] mysql_connect(): The mysql extension is deprecated and will be removed in the future: use mysqli or PDO instead /var/www/html/oj/ThinkPHP/Lib/Driver/Db/DbMysql.class.php 第 55 行.
SQL: select tid from user where uid=12; [ RunTime:0.000227s ]
NOTIC: [8] Use of undefined constant id - assumed 'id' /var/www/html/oj/php/Lib/Action/Contest/IndexAction.class.php 第 345 行.

[ 2015-02-23T14:26:15+08:00 ] 192.168.1.103 /oj/index.php/Index/Index/Login
INFO: [ app_begin ] --START--
INFO: ReadHtmlCache Behavior ::run [ RunTime:0.000731s ]
INFO: [ app_begin ] --END-- [ RunTime:0.000845s ]
NOTIC: [8192] mysql_connect(): The mysql extension is deprecated and will be removed in the future: use mysqli or PDO instead /var/www/html/oj/ThinkPHP/Lib/Driver/Db/DbMysql.class.php 第 55 行.
SQL: SHOW COLUMNS FROM `user` [ RunTime:0.072315s ]
NOTIC: [8192] preg_replace(): The /e modifier is deprecated, use preg_replace_callback instead /var/www/html/oj/ThinkPHP/Lib/Core/Db.class.php 第 604 行.
SQL: SELECT * FROM `user` WHERE ( `username` = 'z309241990' ) LIMIT 1   [ RunTime:0.000664s ]

[ 2015-02-23T14:40:08+08:00 ] 192.168.1.103 /oj/index.php/Contest/Index/Register
INFO: [ app_begin ] --START--
INFO: ReadHtmlCache Behavior ::run [ RunTime:0.000509s ]
INFO: [ app_begin ] --END-- [ RunTime:0.000604s ]
NOTIC: [8192] mysql_connect(): The mysql extension is deprecated and will be removed in the future: use mysqli or PDO instead /var/www/html/oj/ThinkPHP/Lib/Driver/Db/DbMysql.class.php 第 55 行.
SQL: select tid from user where uid=12; [ RunTime:0.000224s ]
NOTIC: [8] Use of undefined constant id - assumed 'id' /var/www/html/oj/php/Lib/Action/Contest/IndexAction.class.php 第 345 行.

[ 2015-02-23T14:40:15+08:00 ] 192.168.1.103 /oj/index.php/Contest/Index/Register
INFO: [ app_begin ] --START--
INFO: ReadHtmlCache Behavior ::run [ RunTime:0.000452s ]
INFO: [ app_begin ] --END-- [ RunTime:0.000535s ]
NOTIC: [8192] mysql_connect(): The mysql extension is deprecated and will be removed in the future: use mysqli or PDO instead /var/www/html/oj/ThinkPHP/Lib/Driver/Db/DbMysql.class.php 第 55 行.
SQL: select tid from user where uid=12; [ RunTime:0.000284s ]
NOTIC: [8] Use of undefined constant id - assumed 'id' /var/www/html/oj/php/Lib/Action/Contest/IndexAction.class.php 第 345 行.

[ 2015-02-23T14:42:41+08:00 ] 192.168.1.103 /oj/index.php/Index/Index/Checkvalue
INFO: [ app_begin ] --START--
INFO: ReadHtmlCache Behavior ::run [ RunTime:0.000280s ]
INFO: [ app_begin ] --END-- [ RunTime:0.000320s ]

[ 2015-02-23T14:43:02+08:00 ] 192.168.1.103 /oj/index.php/Contest/Index/Register
INFO: [ app_begin ] --START--
INFO: ReadHtmlCache Behavior ::run [ RunTime:0.000347s ]
INFO: [ app_begin ] --END-- [ RunTime:0.000388s ]
NOTIC: [8] Use of undefined constant id - assumed 'id' /var/www/html/oj/php/Lib/Action/Contest/IndexAction.class.php 第 348 行.

[ 2015-02-23T14:43:13+08:00 ] 192.168.1.103 /oj/index.php/Index/Index/Login
INFO: [ app_begin ] --START--
INFO: ReadHtmlCache Behavior ::run [ RunTime:0.000624s ]
INFO: [ app_begin ] --END-- [ RunTime:0.000721s ]
NOTIC: [8192] mysql_connect(): The mysql extension is deprecated and will be removed in the future: use mysqli or PDO instead /var/www/html/oj/ThinkPHP/Lib/Driver/Db/DbMysql.class.php 第 55 行.
SQL: SHOW COLUMNS FROM `user` [ RunTime:0.001136s ]
NOTIC: [8192] preg_replace(): The /e modifier is deprecated, use preg_replace_callback instead /var/www/html/oj/ThinkPHP/Lib/Core/Db.class.php 第 604 行.
SQL: SELECT * FROM `user` WHERE ( `username` = 'test' ) LIMIT 1   [ RunTime:0.000429s ]

[ 2015-02-23T14:43:49+08:00 ] 192.168.1.103 /oj/index.php/Contest/Index/Register
INFO: [ app_begin ] --START--
INFO: ReadHtmlCache Behavior ::run [ RunTime:0.000329s ]
INFO: [ app_begin ] --END-- [ RunTime:0.000373s ]
NOTIC: [8192] mysql_connect(): The mysql extension is deprecated and will be removed in the future: use mysqli or PDO instead /var/www/html/oj/ThinkPHP/Lib/Driver/Db/DbMysql.class.php 第 55 行.
SQL: select tid from user where uid=1; [ RunTime:0.000288s ]
NOTIC: [8] Use of undefined constant id - assumed 'id' /var/www/html/oj/php/Lib/Action/Contest/IndexAction.class.php 第 345 行.

[ 2015-02-23T14:44:02+08:00 ] 192.168.1.103 /oj/index.php/Contest/Index/Register
INFO: [ app_begin ] --START--
INFO: ReadHtmlCache Behavior ::run [ RunTime:0.000355s ]
INFO: [ app_begin ] --END-- [ RunTime:0.000399s ]
NOTIC: [8192] mysql_connect(): The mysql extension is deprecated and will be removed in the future: use mysqli or PDO instead /var/www/html/oj/ThinkPHP/Lib/Driver/Db/DbMysql.class.php 第 55 行.
SQL: select tid from user where uid=1; [ RunTime:0.000264s ]
NOTIC: [8] Use of undefined constant id - assumed 'id' /var/www/html/oj/php/Lib/Action/Contest/IndexAction.class.php 第 345 行.

[ 2015-02-23T14:46:27+08:00 ] 192.168.1.103 /oj/index.php/Contest/Index/Register
INFO: [ app_begin ] --START--
INFO: ReadHtmlCache Behavior ::run [ RunTime:0.000313s ]
INFO: [ app_begin ] --END-- [ RunTime:0.000355s ]
NOTIC: [8192] mysql_connect(): The mysql extension is deprecated and will be removed in the future: use mysqli or PDO instead /var/www/html/oj/ThinkPHP/Lib/Driver/Db/DbMysql.class.php 第 55 行.
SQL: select tid from user where uid=1; [ RunTime:0.000326s ]
NOTIC: [8] Use of undefined constant id - assumed 'id' /var/www/html/oj/php/Lib/Action/Contest/IndexAction.class.php 第 345 行.

[ 2015-02-23T14:46:58+08:00 ] 192.168.1.103 /oj/index.php/Contest/Index/Register
INFO: [ app_begin ] --START--
INFO: ReadHtmlCache Behavior ::run [ RunTime:0.000314s ]
INFO: [ app_begin ] --END-- [ RunTime:0.000357s ]
NOTIC: [8192] mysql_connect(): The mysql extension is deprecated and will be removed in the future: use mysqli or PDO instead /var/www/html/oj/ThinkPHP/Lib/Driver/Db/DbMysql.class.php 第 55 行.
SQL: select tid from user where uid=1; [ RunTime:0.000198s ]
NOTIC: [8] Use of undefined constant id - assumed 'id' /var/www/html/oj/php/Lib/Action/Contest/IndexAction.class.php 第 345 行.

[ 2015-02-23T14:47:17+08:00 ] 192.168.1.103 /oj/index.php/Contest/Index/Register
INFO: [ app_begin ] --START--
INFO: ReadHtmlCache Behavior ::run [ RunTime:0.000311s ]
INFO: [ app_begin ] --END-- [ RunTime:0.000353s ]
NOTIC: [8192] mysql_connect(): The mysql extension is deprecated and will be removed in the future: use mysqli or PDO instead /var/www/html/oj/ThinkPHP/Lib/Driver/Db/DbMysql.class.php 第 55 行.
SQL: select tid from user where uid=1; [ RunTime:0.000231s ]
NOTIC: [8] Use of undefined constant id - assumed 'id' /var/www/html/oj/php/Lib/Action/Contest/IndexAction.class.php 第 345 行.

[ 2015-02-23T14:49:16+08:00 ] 192.168.1.103 /oj/index.php/Contest/Index/Register
INFO: [ app_begin ] --START--
INFO: ReadHtmlCache Behavior ::run [ RunTime:0.000314s ]
INFO: [ app_begin ] --END-- [ RunTime:0.000358s ]
NOTIC: [8192] mysql_connect(): The mysql extension is deprecated and will be removed in the future: use mysqli or PDO instead /var/www/html/oj/ThinkPHP/Lib/Driver/Db/DbMysql.class.php 第 55 行.
SQL: select tid from user where uid=1; [ RunTime:0.000240s ]
NOTIC: [8] Use of undefined constant id - assumed 'id' /var/www/html/oj/php/Lib/Action/Contest/IndexAction.class.php 第 345 行.

[ 2015-02-23T14:49:55+08:00 ] 192.168.1.103 /oj/index.php/Contest/Index/Register
INFO: [ app_begin ] --START--
INFO: ReadHtmlCache Behavior ::run [ RunTime:0.000319s ]
INFO: [ app_begin ] --END-- [ RunTime:0.000364s ]
NOTIC: [8192] mysql_connect(): The mysql extension is deprecated and will be removed in the future: use mysqli or PDO instead /var/www/html/oj/ThinkPHP/Lib/Driver/Db/DbMysql.class.php 第 55 行.
SQL: select tid from user where uid=1; [ RunTime:0.000235s ]
NOTIC: [8] Use of undefined constant id - assumed 'id' /var/www/html/oj/php/Lib/Action/Contest/IndexAction.class.php 第 345 行.

[ 2015-02-23T14:59:11+08:00 ] 192.168.1.103 /oj/index.php/Contest/Index/Register
INFO: [ app_begin ] --START--
INFO: ReadHtmlCache Behavior ::run [ RunTime:0.000310s ]
INFO: [ app_begin ] --END-- [ RunTime:0.000350s ]
NOTIC: [8192] mysql_connect(): The mysql extension is deprecated and will be removed in the future: use mysqli or PDO instead /var/www/html/oj/ThinkPHP/Lib/Driver/Db/DbMysql.class.php 第 55 行.
SQL: select tid from user where uid=1; [ RunTime:0.000216s ]
NOTIC: [8] Use of undefined constant id - assumed 'id' /var/www/html/oj/php/Lib/Action/Contest/IndexAction.class.php 第 345 行.

[ 2015-02-23T15:03:56+08:00 ] 192.168.1.103 /oj/index.php/Contest/Index/Register
INFO: [ app_begin ] --START--
INFO: ReadHtmlCache Behavior ::run [ RunTime:0.000260s ]
INFO: [ app_begin ] --END-- [ RunTime:0.000297s ]
NOTIC: [8192] mysql_connect(): The mysql extension is deprecated and will be removed in the future: use mysqli or PDO instead /var/www/html/oj/ThinkPHP/Lib/Driver/Db/DbMysql.class.php 第 55 行.
SQL: select tid from user where uid=1; [ RunTime:0.000219s ]
NOTIC: [8] Use of undefined constant id - assumed 'id' /var/www/html/oj/php/Lib/Action/Contest/IndexAction.class.php 第 345 行.

[ 2015-02-23T15:04:22+08:00 ] 192.168.1.103 /oj/index.php/Contest/Index/Register
INFO: [ app_begin ] --START--
INFO: ReadHtmlCache Behavior ::run [ RunTime:0.000356s ]
INFO: [ app_begin ] --END-- [ RunTime:0.000397s ]
NOTIC: [8192] mysql_connect(): The mysql extension is deprecated and will be removed in the future: use mysqli or PDO instead /var/www/html/oj/ThinkPHP/Lib/Driver/Db/DbMysql.class.php 第 55 行.
SQL: select tid from user where uid=1; [ RunTime:0.000242s ]
NOTIC: [8] Use of undefined constant id - assumed 'id' /var/www/html/oj/php/Lib/Action/Contest/IndexAction.class.php 第 345 行.

