[ 2015-02-01T01:28:36+08:00 ] 192.168.1.103 /oj/index.php/Contest/Index/Form
INFO: [ app_begin ] --START--
INFO: ReadHtmlCache Behavior ::run [ RunTime:0.000371s ]
INFO: [ app_begin ] --END-- [ RunTime:0.000414s ]
NOTIC: [8192] mysql_connect(): The mysql extension is deprecated and will be removed in the future: use mysqli or PDO instead /var/www/html/oj/ThinkPHP/Lib/Driver/Db/DbMysql.class.php 第 55 行.
SQL: SHOW COLUMNS FROM `contest` [ RunTime:0.000685s ]
NOTIC: [8192] preg_replace(): The /e modifier is deprecated, use preg_replace_callback instead /var/www/html/oj/ThinkPHP/Lib/Core/Db.class.php 第 604 行.
SQL: SELECT * FROM `contest` WHERE ( `cid` = 1 )  [ RunTime:0.000341s ]
NOTIC: [8] Undefined index: item /var/www/html/oj/php/Lib/Action/Contest/IndexAction.class.php 第 63 行.

[ 2015-02-01T01:28:40+08:00 ] 192.168.1.103 /oj/index.php/Contest/Index/Form
INFO: [ app_begin ] --START--
INFO: ReadHtmlCache Behavior ::run [ RunTime:0.000465s ]
INFO: [ app_begin ] --END-- [ RunTime:0.000538s ]
NOTIC: [8192] mysql_connect(): The mysql extension is deprecated and will be removed in the future: use mysqli or PDO instead /var/www/html/oj/ThinkPHP/Lib/Driver/Db/DbMysql.class.php 第 55 行.
SQL: SHOW COLUMNS FROM `contest` [ RunTime:0.000826s ]
NOTIC: [8192] preg_replace(): The /e modifier is deprecated, use preg_replace_callback instead /var/www/html/oj/ThinkPHP/Lib/Core/Db.class.php 第 604 行.
SQL: SELECT * FROM `contest` WHERE ( `cid` = 1 )  [ RunTime:0.000322s ]
NOTIC: [8] Undefined index: item /var/www/html/oj/php/Lib/Action/Contest/IndexAction.class.php 第 63 行.

[ 2015-02-01T01:42:26+08:00 ] 192.168.1.103 /oj/index.php/Contest/Index/Form
INFO: [ app_begin ] --START--
INFO: ReadHtmlCache Behavior ::run [ RunTime:0.000334s ]
INFO: [ app_begin ] --END-- [ RunTime:0.000374s ]
NOTIC: [8192] mysql_connect(): The mysql extension is deprecated and will be removed in the future: use mysqli or PDO instead /var/www/html/oj/ThinkPHP/Lib/Driver/Db/DbMysql.class.php 第 55 行.
SQL: SHOW COLUMNS FROM `contest` [ RunTime:0.000866s ]
NOTIC: [8192] preg_replace(): The /e modifier is deprecated, use preg_replace_callback instead /var/www/html/oj/ThinkPHP/Lib/Core/Db.class.php 第 604 行.
SQL: SELECT * FROM `contest` WHERE ( `cid` = 1 )  [ RunTime:0.000522s ]
NOTIC: [8] Undefined index: item /var/www/html/oj/php/Lib/Action/Contest/IndexAction.class.php 第 64 行.

[ 2015-02-01T01:42:27+08:00 ] 192.168.1.103 /oj/index.php/Contest/Index/Form
INFO: [ app_begin ] --START--
INFO: ReadHtmlCache Behavior ::run [ RunTime:0.000329s ]
INFO: [ app_begin ] --END-- [ RunTime:0.000371s ]
NOTIC: [8192] mysql_connect(): The mysql extension is deprecated and will be removed in the future: use mysqli or PDO instead /var/www/html/oj/ThinkPHP/Lib/Driver/Db/DbMysql.class.php 第 55 行.
SQL: SHOW COLUMNS FROM `contest` [ RunTime:0.000829s ]
NOTIC: [8192] preg_replace(): The /e modifier is deprecated, use preg_replace_callback instead /var/www/html/oj/ThinkPHP/Lib/Core/Db.class.php 第 604 行.
SQL: SELECT * FROM `contest` WHERE ( `cid` = 1 )  [ RunTime:0.000350s ]
NOTIC: [8] Undefined index: item /var/www/html/oj/php/Lib/Action/Contest/IndexAction.class.php 第 64 行.

[ 2015-02-01T01:42:28+08:00 ] 192.168.1.103 /oj/index.php/Contest/Index/Form
INFO: [ app_begin ] --START--
INFO: ReadHtmlCache Behavior ::run [ RunTime:0.000408s ]
INFO: [ app_begin ] --END-- [ RunTime:0.000501s ]
NOTIC: [8192] mysql_connect(): The mysql extension is deprecated and will be removed in the future: use mysqli or PDO instead /var/www/html/oj/ThinkPHP/Lib/Driver/Db/DbMysql.class.php 第 55 行.
SQL: SHOW COLUMNS FROM `contest` [ RunTime:0.000542s ]
NOTIC: [8192] preg_replace(): The /e modifier is deprecated, use preg_replace_callback instead /var/www/html/oj/ThinkPHP/Lib/Core/Db.class.php 第 604 行.
SQL: SELECT * FROM `contest` WHERE ( `cid` = 1 )  [ RunTime:0.000304s ]
NOTIC: [8] Undefined index: item /var/www/html/oj/php/Lib/Action/Contest/IndexAction.class.php 第 64 行.

[ 2015-02-01T01:42:28+08:00 ] 192.168.1.103 /oj/index.php/Contest/Index/Form
INFO: [ app_begin ] --START--
INFO: ReadHtmlCache Behavior ::run [ RunTime:0.000363s ]
INFO: [ app_begin ] --END-- [ RunTime:0.000417s ]
NOTIC: [8192] mysql_connect(): The mysql extension is deprecated and will be removed in the future: use mysqli or PDO instead /var/www/html/oj/ThinkPHP/Lib/Driver/Db/DbMysql.class.php 第 55 行.
SQL: SHOW COLUMNS FROM `contest` [ RunTime:0.000880s ]
NOTIC: [8192] preg_replace(): The /e modifier is deprecated, use preg_replace_callback instead /var/www/html/oj/ThinkPHP/Lib/Core/Db.class.php 第 604 行.
SQL: SELECT * FROM `contest` WHERE ( `cid` = 1 )  [ RunTime:0.000356s ]
NOTIC: [8] Undefined index: item /var/www/html/oj/php/Lib/Action/Contest/IndexAction.class.php 第 64 行.

[ 2015-02-01T01:42:29+08:00 ] 192.168.1.103 /oj/index.php/Contest/Index/Form
INFO: [ app_begin ] --START--
INFO: ReadHtmlCache Behavior ::run [ RunTime:0.000349s ]
INFO: [ app_begin ] --END-- [ RunTime:0.000406s ]
NOTIC: [8192] mysql_connect(): The mysql extension is deprecated and will be removed in the future: use mysqli or PDO instead /var/www/html/oj/ThinkPHP/Lib/Driver/Db/DbMysql.class.php 第 55 行.
SQL: SHOW COLUMNS FROM `contest` [ RunTime:0.000867s ]
NOTIC: [8192] preg_replace(): The /e modifier is deprecated, use preg_replace_callback instead /var/www/html/oj/ThinkPHP/Lib/Core/Db.class.php 第 604 行.
SQL: SELECT * FROM `contest` WHERE ( `cid` = 1 )  [ RunTime:0.000323s ]
NOTIC: [8] Undefined index: item /var/www/html/oj/php/Lib/Action/Contest/IndexAction.class.php 第 64 行.

[ 2015-02-01T01:42:29+08:00 ] 192.168.1.103 /oj/index.php/Contest/Index/Form
INFO: [ app_begin ] --START--
INFO: ReadHtmlCache Behavior ::run [ RunTime:0.000271s ]
INFO: [ app_begin ] --END-- [ RunTime:0.000318s ]
NOTIC: [8192] mysql_connect(): The mysql extension is deprecated and will be removed in the future: use mysqli or PDO instead /var/www/html/oj/ThinkPHP/Lib/Driver/Db/DbMysql.class.php 第 55 行.
SQL: SHOW COLUMNS FROM `contest` [ RunTime:0.000502s ]
NOTIC: [8192] preg_replace(): The /e modifier is deprecated, use preg_replace_callback instead /var/www/html/oj/ThinkPHP/Lib/Core/Db.class.php 第 604 行.
SQL: SELECT * FROM `contest` WHERE ( `cid` = 1 )  [ RunTime:0.000300s ]
NOTIC: [8] Undefined index: item /var/www/html/oj/php/Lib/Action/Contest/IndexAction.class.php 第 64 行.

[ 2015-02-01T01:42:30+08:00 ] 192.168.1.103 /oj/index.php/Contest/Index/Form
INFO: [ app_begin ] --START--
INFO: ReadHtmlCache Behavior ::run [ RunTime:0.000368s ]
INFO: [ app_begin ] --END-- [ RunTime:0.000426s ]
NOTIC: [8192] mysql_connect(): The mysql extension is deprecated and will be removed in the future: use mysqli or PDO instead /var/www/html/oj/ThinkPHP/Lib/Driver/Db/DbMysql.class.php 第 55 行.
SQL: SHOW COLUMNS FROM `contest` [ RunTime:0.001105s ]
NOTIC: [8192] preg_replace(): The /e modifier is deprecated, use preg_replace_callback instead /var/www/html/oj/ThinkPHP/Lib/Core/Db.class.php 第 604 行.
SQL: SELECT * FROM `contest` WHERE ( `cid` = 1 )  [ RunTime:0.000360s ]
NOTIC: [8] Undefined index: item /var/www/html/oj/php/Lib/Action/Contest/IndexAction.class.php 第 64 行.

[ 2015-02-01T01:42:30+08:00 ] 192.168.1.103 /oj/index.php/Contest/Index/Form
INFO: [ app_begin ] --START--
INFO: ReadHtmlCache Behavior ::run [ RunTime:0.000320s ]
INFO: [ app_begin ] --END-- [ RunTime:0.000364s ]
NOTIC: [8192] mysql_connect(): The mysql extension is deprecated and will be removed in the future: use mysqli or PDO instead /var/www/html/oj/ThinkPHP/Lib/Driver/Db/DbMysql.class.php 第 55 行.
SQL: SHOW COLUMNS FROM `contest` [ RunTime:0.000594s ]
NOTIC: [8192] preg_replace(): The /e modifier is deprecated, use preg_replace_callback instead /var/www/html/oj/ThinkPHP/Lib/Core/Db.class.php 第 604 行.
SQL: SELECT * FROM `contest` WHERE ( `cid` = 1 )  [ RunTime:0.000274s ]
NOTIC: [8] Undefined index: item /var/www/html/oj/php/Lib/Action/Contest/IndexAction.class.php 第 64 行.

[ 2015-02-01T01:42:30+08:00 ] 192.168.1.103 /oj/index.php/Contest/Index/Form
INFO: [ app_begin ] --START--
INFO: ReadHtmlCache Behavior ::run [ RunTime:0.000361s ]
INFO: [ app_begin ] --END-- [ RunTime:0.000415s ]
NOTIC: [8192] mysql_connect(): The mysql extension is deprecated and will be removed in the future: use mysqli or PDO instead /var/www/html/oj/ThinkPHP/Lib/Driver/Db/DbMysql.class.php 第 55 行.
SQL: SHOW COLUMNS FROM `contest` [ RunTime:0.000684s ]
NOTIC: [8192] preg_replace(): The /e modifier is deprecated, use preg_replace_callback instead /var/www/html/oj/ThinkPHP/Lib/Core/Db.class.php 第 604 行.
SQL: SELECT * FROM `contest` WHERE ( `cid` = 1 )  [ RunTime:0.000489s ]
NOTIC: [8] Undefined index: item /var/www/html/oj/php/Lib/Action/Contest/IndexAction.class.php 第 64 行.

[ 2015-02-01T01:42:33+08:00 ] 192.168.1.103 /oj/index.php/Contest/Index/Form
INFO: [ app_begin ] --START--
INFO: ReadHtmlCache Behavior ::run [ RunTime:0.000270s ]
INFO: [ app_begin ] --END-- [ RunTime:0.000306s ]
NOTIC: [8192] mysql_connect(): The mysql extension is deprecated and will be removed in the future: use mysqli or PDO instead /var/www/html/oj/ThinkPHP/Lib/Driver/Db/DbMysql.class.php 第 55 行.
SQL: SHOW COLUMNS FROM `contest` [ RunTime:0.000503s ]
NOTIC: [8192] preg_replace(): The /e modifier is deprecated, use preg_replace_callback instead /var/www/html/oj/ThinkPHP/Lib/Core/Db.class.php 第 604 行.
SQL: SELECT * FROM `contest` WHERE ( `cid` = 1 )  [ RunTime:0.000337s ]
NOTIC: [8] Undefined index: item /var/www/html/oj/php/Lib/Action/Contest/IndexAction.class.php 第 64 行.

[ 2015-02-01T01:42:33+08:00 ] 192.168.1.103 /oj/index.php/Contest/Index/Form
INFO: [ app_begin ] --START--
INFO: ReadHtmlCache Behavior ::run [ RunTime:0.000264s ]
INFO: [ app_begin ] --END-- [ RunTime:0.000303s ]
NOTIC: [8192] mysql_connect(): The mysql extension is deprecated and will be removed in the future: use mysqli or PDO instead /var/www/html/oj/ThinkPHP/Lib/Driver/Db/DbMysql.class.php 第 55 行.
SQL: SHOW COLUMNS FROM `contest` [ RunTime:0.000570s ]
NOTIC: [8192] preg_replace(): The /e modifier is deprecated, use preg_replace_callback instead /var/www/html/oj/ThinkPHP/Lib/Core/Db.class.php 第 604 行.
SQL: SELECT * FROM `contest` WHERE ( `cid` = 1 )  [ RunTime:0.000396s ]
NOTIC: [8] Undefined index: item /var/www/html/oj/php/Lib/Action/Contest/IndexAction.class.php 第 64 行.

[ 2015-02-01T01:42:33+08:00 ] 192.168.1.103 /oj/index.php/Contest/Index/Form
INFO: [ app_begin ] --START--
INFO: ReadHtmlCache Behavior ::run [ RunTime:0.000318s ]
INFO: [ app_begin ] --END-- [ RunTime:0.000360s ]
NOTIC: [8192] mysql_connect(): The mysql extension is deprecated and will be removed in the future: use mysqli or PDO instead /var/www/html/oj/ThinkPHP/Lib/Driver/Db/DbMysql.class.php 第 55 行.
SQL: SHOW COLUMNS FROM `contest` [ RunTime:0.000502s ]
NOTIC: [8192] preg_replace(): The /e modifier is deprecated, use preg_replace_callback instead /var/www/html/oj/ThinkPHP/Lib/Core/Db.class.php 第 604 行.
SQL: SELECT * FROM `contest` WHERE ( `cid` = 1 )  [ RunTime:0.000357s ]
NOTIC: [8] Undefined index: item /var/www/html/oj/php/Lib/Action/Contest/IndexAction.class.php 第 64 行.

[ 2015-02-01T01:42:34+08:00 ] 192.168.1.103 /oj/index.php/Contest/Index/Form
INFO: [ app_begin ] --START--
INFO: ReadHtmlCache Behavior ::run [ RunTime:0.000264s ]
INFO: [ app_begin ] --END-- [ RunTime:0.000304s ]
NOTIC: [8192] mysql_connect(): The mysql extension is deprecated and will be removed in the future: use mysqli or PDO instead /var/www/html/oj/ThinkPHP/Lib/Driver/Db/DbMysql.class.php 第 55 行.
SQL: SHOW COLUMNS FROM `contest` [ RunTime:0.000789s ]
NOTIC: [8192] preg_replace(): The /e modifier is deprecated, use preg_replace_callback instead /var/www/html/oj/ThinkPHP/Lib/Core/Db.class.php 第 604 行.
SQL: SELECT * FROM `contest` WHERE ( `cid` = 1 )  [ RunTime:0.000334s ]
NOTIC: [8] Undefined index: item /var/www/html/oj/php/Lib/Action/Contest/IndexAction.class.php 第 64 行.

[ 2015-02-01T01:42:34+08:00 ] 192.168.1.103 /oj/index.php/Contest/Index/Form
INFO: [ app_begin ] --START--
INFO: ReadHtmlCache Behavior ::run [ RunTime:0.000266s ]
INFO: [ app_begin ] --END-- [ RunTime:0.000307s ]
NOTIC: [8192] mysql_connect(): The mysql extension is deprecated and will be removed in the future: use mysqli or PDO instead /var/www/html/oj/ThinkPHP/Lib/Driver/Db/DbMysql.class.php 第 55 行.
SQL: SHOW COLUMNS FROM `contest` [ RunTime:0.000478s ]
NOTIC: [8192] preg_replace(): The /e modifier is deprecated, use preg_replace_callback instead /var/www/html/oj/ThinkPHP/Lib/Core/Db.class.php 第 604 行.
SQL: SELECT * FROM `contest` WHERE ( `cid` = 1 )  [ RunTime:0.000320s ]
NOTIC: [8] Undefined index: item /var/www/html/oj/php/Lib/Action/Contest/IndexAction.class.php 第 64 行.

[ 2015-02-01T01:42:34+08:00 ] 192.168.1.103 /oj/index.php/Contest/Index/Form
INFO: [ app_begin ] --START--
INFO: ReadHtmlCache Behavior ::run [ RunTime:0.000288s ]
INFO: [ app_begin ] --END-- [ RunTime:0.000326s ]
NOTIC: [8192] mysql_connect(): The mysql extension is deprecated and will be removed in the future: use mysqli or PDO instead /var/www/html/oj/ThinkPHP/Lib/Driver/Db/DbMysql.class.php 第 55 行.
SQL: SHOW COLUMNS FROM `contest` [ RunTime:0.001096s ]
NOTIC: [8192] preg_replace(): The /e modifier is deprecated, use preg_replace_callback instead /var/www/html/oj/ThinkPHP/Lib/Core/Db.class.php 第 604 行.
SQL: SELECT * FROM `contest` WHERE ( `cid` = 1 )  [ RunTime:0.000396s ]
NOTIC: [8] Undefined index: item /var/www/html/oj/php/Lib/Action/Contest/IndexAction.class.php 第 64 行.

[ 2015-02-01T01:42:34+08:00 ] 192.168.1.103 /oj/index.php/Contest/Index/Form
INFO: [ app_begin ] --START--
INFO: ReadHtmlCache Behavior ::run [ RunTime:0.000361s ]
INFO: [ app_begin ] --END-- [ RunTime:0.000415s ]
NOTIC: [8192] mysql_connect(): The mysql extension is deprecated and will be removed in the future: use mysqli or PDO instead /var/www/html/oj/ThinkPHP/Lib/Driver/Db/DbMysql.class.php 第 55 行.
SQL: SHOW COLUMNS FROM `contest` [ RunTime:0.000695s ]
NOTIC: [8192] preg_replace(): The /e modifier is deprecated, use preg_replace_callback instead /var/www/html/oj/ThinkPHP/Lib/Core/Db.class.php 第 604 行.
SQL: SELECT * FROM `contest` WHERE ( `cid` = 1 )  [ RunTime:0.000292s ]
NOTIC: [8] Undefined index: item /var/www/html/oj/php/Lib/Action/Contest/IndexAction.class.php 第 64 行.

[ 2015-02-01T01:42:34+08:00 ] 192.168.1.103 /oj/index.php/Contest/Index/Form
INFO: [ app_begin ] --START--
INFO: ReadHtmlCache Behavior ::run [ RunTime:0.000374s ]
INFO: [ app_begin ] --END-- [ RunTime:0.000422s ]
NOTIC: [8192] mysql_connect(): The mysql extension is deprecated and will be removed in the future: use mysqli or PDO instead /var/www/html/oj/ThinkPHP/Lib/Driver/Db/DbMysql.class.php 第 55 行.
SQL: SHOW COLUMNS FROM `contest` [ RunTime:0.000942s ]
NOTIC: [8192] preg_replace(): The /e modifier is deprecated, use preg_replace_callback instead /var/www/html/oj/ThinkPHP/Lib/Core/Db.class.php 第 604 行.
SQL: SELECT * FROM `contest` WHERE ( `cid` = 1 )  [ RunTime:0.000371s ]
NOTIC: [8] Undefined index: item /var/www/html/oj/php/Lib/Action/Contest/IndexAction.class.php 第 64 行.

[ 2015-02-01T01:42:35+08:00 ] 192.168.1.103 /oj/index.php/Contest/Index/Form
INFO: [ app_begin ] --START--
INFO: ReadHtmlCache Behavior ::run [ RunTime:0.000260s ]
INFO: [ app_begin ] --END-- [ RunTime:0.000298s ]
NOTIC: [8192] mysql_connect(): The mysql extension is deprecated and will be removed in the future: use mysqli or PDO instead /var/www/html/oj/ThinkPHP/Lib/Driver/Db/DbMysql.class.php 第 55 行.
SQL: SHOW COLUMNS FROM `contest` [ RunTime:0.000803s ]
NOTIC: [8192] preg_replace(): The /e modifier is deprecated, use preg_replace_callback instead /var/www/html/oj/ThinkPHP/Lib/Core/Db.class.php 第 604 行.
SQL: SELECT * FROM `contest` WHERE ( `cid` = 1 )  [ RunTime:0.000358s ]
NOTIC: [8] Undefined index: item /var/www/html/oj/php/Lib/Action/Contest/IndexAction.class.php 第 64 行.

[ 2015-02-01T01:42:38+08:00 ] 192.168.1.103 /oj/index.php/Contest/Index/Newscount
INFO: [ app_begin ] --START--
INFO: ReadHtmlCache Behavior ::run [ RunTime:0.000906s ]
INFO: [ app_begin ] --END-- [ RunTime:0.001018s ]
NOTIC: [8192] mysql_connect(): The mysql extension is deprecated and will be removed in the future: use mysqli or PDO instead /var/www/html/oj/ThinkPHP/Lib/Driver/Db/DbMysql.class.php 第 55 行.
SQL: select * from news where cid=6 [ RunTime:0.000375s ]

[ 2015-02-01T01:42:39+08:00 ] 192.168.1.103 /oj/index.php/Contest/Index/Newscount
INFO: [ app_begin ] --START--
INFO: ReadHtmlCache Behavior ::run [ RunTime:0.000576s ]
INFO: [ app_begin ] --END-- [ RunTime:0.000639s ]
NOTIC: [8192] mysql_connect(): The mysql extension is deprecated and will be removed in the future: use mysqli or PDO instead /var/www/html/oj/ThinkPHP/Lib/Driver/Db/DbMysql.class.php 第 55 行.
SQL: select * from news where cid=6 [ RunTime:0.000289s ]

[ 2015-02-01T01:42:40+08:00 ] 192.168.1.103 /oj/index.php/Contest/Index/Newscount
INFO: [ app_begin ] --START--
INFO: ReadHtmlCache Behavior ::run [ RunTime:0.000497s ]
INFO: [ app_begin ] --END-- [ RunTime:0.000550s ]
NOTIC: [8192] mysql_connect(): The mysql extension is deprecated and will be removed in the future: use mysqli or PDO instead /var/www/html/oj/ThinkPHP/Lib/Driver/Db/DbMysql.class.php 第 55 行.
SQL: select * from news where cid=6 [ RunTime:0.000235s ]

[ 2015-02-01T01:42:41+08:00 ] 192.168.1.103 /oj/index.php/Contest/Index/Newscount
INFO: [ app_begin ] --START--
INFO: ReadHtmlCache Behavior ::run [ RunTime:0.000478s ]
INFO: [ app_begin ] --END-- [ RunTime:0.000546s ]
NOTIC: [8192] mysql_connect(): The mysql extension is deprecated and will be removed in the future: use mysqli or PDO instead /var/www/html/oj/ThinkPHP/Lib/Driver/Db/DbMysql.class.php 第 55 行.
SQL: select * from news where cid=6 [ RunTime:0.000886s ]

[ 2015-02-01T01:42:42+08:00 ] 192.168.1.103 /oj/index.php/Contest/Index/Form
INFO: [ app_begin ] --START--
INFO: ReadHtmlCache Behavior ::run [ RunTime:0.000342s ]
INFO: [ app_begin ] --END-- [ RunTime:0.000394s ]
NOTIC: [8192] mysql_connect(): The mysql extension is deprecated and will be removed in the future: use mysqli or PDO instead /var/www/html/oj/ThinkPHP/Lib/Driver/Db/DbMysql.class.php 第 55 行.
SQL: SHOW COLUMNS FROM `contest` [ RunTime:0.000946s ]
NOTIC: [8192] preg_replace(): The /e modifier is deprecated, use preg_replace_callback instead /var/www/html/oj/ThinkPHP/Lib/Core/Db.class.php 第 604 行.
SQL: SELECT * FROM `contest` WHERE ( `cid` = 1 )  [ RunTime:0.000351s ]
NOTIC: [8] Undefined index: item /var/www/html/oj/php/Lib/Action/Contest/IndexAction.class.php 第 64 行.

[ 2015-02-01T01:42:43+08:00 ] 192.168.1.103 /oj/index.php/Contest/Index/Form
INFO: [ app_begin ] --START--
INFO: ReadHtmlCache Behavior ::run [ RunTime:0.000256s ]
INFO: [ app_begin ] --END-- [ RunTime:0.000293s ]
NOTIC: [8192] mysql_connect(): The mysql extension is deprecated and will be removed in the future: use mysqli or PDO instead /var/www/html/oj/ThinkPHP/Lib/Driver/Db/DbMysql.class.php 第 55 行.
SQL: SHOW COLUMNS FROM `contest` [ RunTime:0.000501s ]
NOTIC: [8192] preg_replace(): The /e modifier is deprecated, use preg_replace_callback instead /var/www/html/oj/ThinkPHP/Lib/Core/Db.class.php 第 604 行.
SQL: SELECT * FROM `contest` WHERE ( `cid` = 1 )  [ RunTime:0.000288s ]
NOTIC: [8] Undefined index: item /var/www/html/oj/php/Lib/Action/Contest/IndexAction.class.php 第 64 行.

[ 2015-02-01T01:42:43+08:00 ] 192.168.1.103 /oj/index.php/Contest/Index/Form
INFO: [ app_begin ] --START--
INFO: ReadHtmlCache Behavior ::run [ RunTime:0.000406s ]
INFO: [ app_begin ] --END-- [ RunTime:0.000473s ]
NOTIC: [8192] mysql_connect(): The mysql extension is deprecated and will be removed in the future: use mysqli or PDO instead /var/www/html/oj/ThinkPHP/Lib/Driver/Db/DbMysql.class.php 第 55 行.
SQL: SHOW COLUMNS FROM `contest` [ RunTime:0.000673s ]
NOTIC: [8192] preg_replace(): The /e modifier is deprecated, use preg_replace_callback instead /var/www/html/oj/ThinkPHP/Lib/Core/Db.class.php 第 604 行.
SQL: SELECT * FROM `contest` WHERE ( `cid` = 1 )  [ RunTime:0.000399s ]
NOTIC: [8] Undefined index: item /var/www/html/oj/php/Lib/Action/Contest/IndexAction.class.php 第 64 行.

[ 2015-02-01T01:42:44+08:00 ] 192.168.1.103 /oj/index.php/Contest/Index/Form
INFO: [ app_begin ] --START--
INFO: ReadHtmlCache Behavior ::run [ RunTime:0.000393s ]
INFO: [ app_begin ] --END-- [ RunTime:0.000440s ]
NOTIC: [8192] mysql_connect(): The mysql extension is deprecated and will be removed in the future: use mysqli or PDO instead /var/www/html/oj/ThinkPHP/Lib/Driver/Db/DbMysql.class.php 第 55 行.
SQL: SHOW COLUMNS FROM `contest` [ RunTime:0.001251s ]
NOTIC: [8192] preg_replace(): The /e modifier is deprecated, use preg_replace_callback instead /var/www/html/oj/ThinkPHP/Lib/Core/Db.class.php 第 604 行.
SQL: SELECT * FROM `contest` WHERE ( `cid` = 1 )  [ RunTime:0.000391s ]
NOTIC: [8] Undefined index: item /var/www/html/oj/php/Lib/Action/Contest/IndexAction.class.php 第 64 行.

[ 2015-02-01T01:42:57+08:00 ] 192.168.1.103 /oj/index.php/Contest/Index/Form
INFO: [ app_begin ] --START--
INFO: ReadHtmlCache Behavior ::run [ RunTime:0.000395s ]
INFO: [ app_begin ] --END-- [ RunTime:0.000445s ]
NOTIC: [8192] mysql_connect(): The mysql extension is deprecated and will be removed in the future: use mysqli or PDO instead /var/www/html/oj/ThinkPHP/Lib/Driver/Db/DbMysql.class.php 第 55 行.
SQL: SHOW COLUMNS FROM `contest` [ RunTime:0.000831s ]
NOTIC: [8192] preg_replace(): The /e modifier is deprecated, use preg_replace_callback instead /var/www/html/oj/ThinkPHP/Lib/Core/Db.class.php 第 604 行.
SQL: SELECT * FROM `contest` WHERE ( `cid` = 1 )  [ RunTime:0.000592s ]
NOTIC: [8] Undefined index: item /var/www/html/oj/php/Lib/Action/Contest/IndexAction.class.php 第 64 行.

[ 2015-02-01T01:43:07+08:00 ] 192.168.1.103 /oj/index.php/Contest/Index/Form
INFO: [ app_begin ] --START--
INFO: ReadHtmlCache Behavior ::run [ RunTime:0.000333s ]
INFO: [ app_begin ] --END-- [ RunTime:0.000381s ]
NOTIC: [8192] mysql_connect(): The mysql extension is deprecated and will be removed in the future: use mysqli or PDO instead /var/www/html/oj/ThinkPHP/Lib/Driver/Db/DbMysql.class.php 第 55 行.
SQL: SHOW COLUMNS FROM `contest` [ RunTime:0.000656s ]
NOTIC: [8192] preg_replace(): The /e modifier is deprecated, use preg_replace_callback instead /var/www/html/oj/ThinkPHP/Lib/Core/Db.class.php 第 604 行.
SQL: SELECT * FROM `contest` WHERE ( `cid` = 1 )  [ RunTime:0.000360s ]
NOTIC: [8] Undefined index: item /var/www/html/oj/php/Lib/Action/Contest/IndexAction.class.php 第 64 行.

[ 2015-02-01T01:43:08+08:00 ] 192.168.1.103 /oj/index.php/Contest/Index/Form
INFO: [ app_begin ] --START--
INFO: ReadHtmlCache Behavior ::run [ RunTime:0.000253s ]
INFO: [ app_begin ] --END-- [ RunTime:0.000290s ]
NOTIC: [8192] mysql_connect(): The mysql extension is deprecated and will be removed in the future: use mysqli or PDO instead /var/www/html/oj/ThinkPHP/Lib/Driver/Db/DbMysql.class.php 第 55 行.
SQL: SHOW COLUMNS FROM `contest` [ RunTime:0.000569s ]
NOTIC: [8192] preg_replace(): The /e modifier is deprecated, use preg_replace_callback instead /var/www/html/oj/ThinkPHP/Lib/Core/Db.class.php 第 604 行.
SQL: SELECT * FROM `contest` WHERE ( `cid` = 1 )  [ RunTime:0.000278s ]
NOTIC: [8] Undefined index: item /var/www/html/oj/php/Lib/Action/Contest/IndexAction.class.php 第 64 行.

[ 2015-02-01T01:43:09+08:00 ] 192.168.1.103 /oj/index.php/Contest/Index/Form
INFO: [ app_begin ] --START--
INFO: ReadHtmlCache Behavior ::run [ RunTime:0.000335s ]
INFO: [ app_begin ] --END-- [ RunTime:0.000383s ]
NOTIC: [8192] mysql_connect(): The mysql extension is deprecated and will be removed in the future: use mysqli or PDO instead /var/www/html/oj/ThinkPHP/Lib/Driver/Db/DbMysql.class.php 第 55 行.
SQL: SHOW COLUMNS FROM `contest` [ RunTime:0.000984s ]
NOTIC: [8192] preg_replace(): The /e modifier is deprecated, use preg_replace_callback instead /var/www/html/oj/ThinkPHP/Lib/Core/Db.class.php 第 604 行.
SQL: SELECT * FROM `contest` WHERE ( `cid` = 1 )  [ RunTime:0.000364s ]
NOTIC: [8] Undefined index: item /var/www/html/oj/php/Lib/Action/Contest/IndexAction.class.php 第 64 行.

[ 2015-02-01T01:44:46+08:00 ] 192.168.1.103 /oj/index.php/Contest/Index/Form
INFO: [ app_begin ] --START--
INFO: ReadHtmlCache Behavior ::run [ RunTime:0.000640s ]
INFO: [ app_begin ] --END-- [ RunTime:0.000731s ]
NOTIC: [8192] mysql_connect(): The mysql extension is deprecated and will be removed in the future: use mysqli or PDO instead /var/www/html/oj/ThinkPHP/Lib/Driver/Db/DbMysql.class.php 第 55 行.
SQL: SHOW COLUMNS FROM `contest` [ RunTime:0.002793s ]
NOTIC: [8192] preg_replace(): The /e modifier is deprecated, use preg_replace_callback instead /var/www/html/oj/ThinkPHP/Lib/Core/Db.class.php 第 604 行.
SQL: SELECT * FROM `contest` WHERE ( `cid` = 1 )  [ RunTime:0.000381s ]
NOTIC: [8] Undefined index: item /var/www/html/oj/php/Lib/Action/Contest/IndexAction.class.php 第 63 行.

[ 2015-02-01T01:44:50+08:00 ] 192.168.1.103 /oj/index.php/Contest/Index/Form
INFO: [ app_begin ] --START--
INFO: ReadHtmlCache Behavior ::run [ RunTime:0.000455s ]
INFO: [ app_begin ] --END-- [ RunTime:0.000527s ]
NOTIC: [8192] mysql_connect(): The mysql extension is deprecated and will be removed in the future: use mysqli or PDO instead /var/www/html/oj/ThinkPHP/Lib/Driver/Db/DbMysql.class.php 第 55 行.
SQL: SHOW COLUMNS FROM `contest` [ RunTime:0.000530s ]
NOTIC: [8192] preg_replace(): The /e modifier is deprecated, use preg_replace_callback instead /var/www/html/oj/ThinkPHP/Lib/Core/Db.class.php 第 604 行.
SQL: SELECT * FROM `contest` WHERE ( `cid` = 1 )  [ RunTime:0.000315s ]
NOTIC: [8] Undefined index: item /var/www/html/oj/php/Lib/Action/Contest/IndexAction.class.php 第 63 行.
NOTIC: [8] Undefined index: item /var/www/html/oj/php/Lib/Action/Contest/IndexAction.class.php 第 90 行.

[ 2015-02-01T01:44:52+08:00 ] 192.168.1.103 /oj/index.php/Contest/Index/Newscount
INFO: [ app_begin ] --START--
INFO: ReadHtmlCache Behavior ::run [ RunTime:0.000531s ]
INFO: [ app_begin ] --END-- [ RunTime:0.000604s ]
NOTIC: [8192] mysql_connect(): The mysql extension is deprecated and will be removed in the future: use mysqli or PDO instead /var/www/html/oj/ThinkPHP/Lib/Driver/Db/DbMysql.class.php 第 55 行.
SQL: select * from news where cid=1 [ RunTime:0.000827s ]

[ 2015-02-01T01:44:53+08:00 ] 192.168.1.103 /oj/index.php/Contest/Index/Newscount
INFO: [ app_begin ] --START--
INFO: ReadHtmlCache Behavior ::run [ RunTime:0.000964s ]
INFO: [ app_begin ] --END-- [ RunTime:0.001108s ]
NOTIC: [8192] mysql_connect(): The mysql extension is deprecated and will be removed in the future: use mysqli or PDO instead /var/www/html/oj/ThinkPHP/Lib/Driver/Db/DbMysql.class.php 第 55 行.
SQL: select * from news where cid=1 [ RunTime:0.000265s ]

[ 2015-02-01T01:44:54+08:00 ] 192.168.1.103 /oj/index.php/Contest/Index/Newscount
INFO: [ app_begin ] --START--
INFO: ReadHtmlCache Behavior ::run [ RunTime:0.000665s ]
INFO: [ app_begin ] --END-- [ RunTime:0.000755s ]
NOTIC: [8192] mysql_connect(): The mysql extension is deprecated and will be removed in the future: use mysqli or PDO instead /var/www/html/oj/ThinkPHP/Lib/Driver/Db/DbMysql.class.php 第 55 行.
SQL: select * from news where cid=1 [ RunTime:0.000528s ]

[ 2015-02-01T01:44:57+08:00 ] 192.168.1.103 /oj/index.php/Contest/Index/Newscount
INFO: [ app_begin ] --START--
INFO: ReadHtmlCache Behavior ::run [ RunTime:0.000597s ]
INFO: [ app_begin ] --END-- [ RunTime:0.000669s ]
NOTIC: [8192] mysql_connect(): The mysql extension is deprecated and will be removed in the future: use mysqli or PDO instead /var/www/html/oj/ThinkPHP/Lib/Driver/Db/DbMysql.class.php 第 55 行.
SQL: select * from news where cid=1 [ RunTime:0.000427s ]

[ 2015-02-01T01:44:58+08:00 ] 192.168.1.103 /oj/index.php/Contest/Index/Newscount
INFO: [ app_begin ] --START--
INFO: ReadHtmlCache Behavior ::run [ RunTime:0.000667s ]
INFO: [ app_begin ] --END-- [ RunTime:0.000792s ]
NOTIC: [8192] mysql_connect(): The mysql extension is deprecated and will be removed in the future: use mysqli or PDO instead /var/www/html/oj/ThinkPHP/Lib/Driver/Db/DbMysql.class.php 第 55 行.
SQL: select * from news where cid=1 [ RunTime:0.000418s ]

[ 2015-02-01T01:44:59+08:00 ] 192.168.1.103 /oj/index.php/Contest/Index/Newscount
INFO: [ app_begin ] --START--
INFO: ReadHtmlCache Behavior ::run [ RunTime:0.000442s ]
INFO: [ app_begin ] --END-- [ RunTime:0.000505s ]
NOTIC: [8192] mysql_connect(): The mysql extension is deprecated and will be removed in the future: use mysqli or PDO instead /var/www/html/oj/ThinkPHP/Lib/Driver/Db/DbMysql.class.php 第 55 行.
SQL: select * from news where cid=1 [ RunTime:0.000641s ]

[ 2015-02-01T01:45:00+08:00 ] 192.168.1.103 /oj/index.php/Contest/Index/Newscount
INFO: [ app_begin ] --START--
INFO: ReadHtmlCache Behavior ::run [ RunTime:0.000359s ]
INFO: [ app_begin ] --END-- [ RunTime:0.000451s ]
NOTIC: [8192] mysql_connect(): The mysql extension is deprecated and will be removed in the future: use mysqli or PDO instead /var/www/html/oj/ThinkPHP/Lib/Driver/Db/DbMysql.class.php 第 55 行.
SQL: select * from news where cid=1 [ RunTime:0.000473s ]

[ 2015-02-01T01:45:01+08:00 ] 192.168.1.103 /oj/index.php/Contest/Index/Newscount
INFO: [ app_begin ] --START--
INFO: ReadHtmlCache Behavior ::run [ RunTime:0.000488s ]
INFO: [ app_begin ] --END-- [ RunTime:0.000551s ]
NOTIC: [8192] mysql_connect(): The mysql extension is deprecated and will be removed in the future: use mysqli or PDO instead /var/www/html/oj/ThinkPHP/Lib/Driver/Db/DbMysql.class.php 第 55 行.
SQL: select * from news where cid=1 [ RunTime:0.000456s ]

[ 2015-02-01T01:45:02+08:00 ] 192.168.1.103 /oj/index.php/Contest/Index/Newscount
INFO: [ app_begin ] --START--
INFO: ReadHtmlCache Behavior ::run [ RunTime:0.000770s ]
INFO: [ app_begin ] --END-- [ RunTime:0.000865s ]
NOTIC: [8192] mysql_connect(): The mysql extension is deprecated and will be removed in the future: use mysqli or PDO instead /var/www/html/oj/ThinkPHP/Lib/Driver/Db/DbMysql.class.php 第 55 行.
SQL: select * from news where cid=1 [ RunTime:0.000639s ]

[ 2015-02-01T01:45:03+08:00 ] 192.168.1.103 /oj/index.php/Contest/Index/Newscount
INFO: [ app_begin ] --START--
INFO: ReadHtmlCache Behavior ::run [ RunTime:0.000395s ]
INFO: [ app_begin ] --END-- [ RunTime:0.000448s ]
NOTIC: [8192] mysql_connect(): The mysql extension is deprecated and will be removed in the future: use mysqli or PDO instead /var/www/html/oj/ThinkPHP/Lib/Driver/Db/DbMysql.class.php 第 55 行.
SQL: select * from news where cid=1 [ RunTime:0.000365s ]

[ 2015-02-01T01:45:04+08:00 ] 192.168.1.103 /oj/index.php/Contest/Index/Newscount
INFO: [ app_begin ] --START--
INFO: ReadHtmlCache Behavior ::run [ RunTime:0.000509s ]
INFO: [ app_begin ] --END-- [ RunTime:0.000575s ]
NOTIC: [8192] mysql_connect(): The mysql extension is deprecated and will be removed in the future: use mysqli or PDO instead /var/www/html/oj/ThinkPHP/Lib/Driver/Db/DbMysql.class.php 第 55 行.
SQL: select * from news where cid=1 [ RunTime:0.000478s ]

[ 2015-02-01T01:45:05+08:00 ] 192.168.1.103 /oj/index.php/Contest/Index/Newscount
INFO: [ app_begin ] --START--
INFO: ReadHtmlCache Behavior ::run [ RunTime:0.000816s ]
INFO: [ app_begin ] --END-- [ RunTime:0.000939s ]
NOTIC: [8192] mysql_connect(): The mysql extension is deprecated and will be removed in the future: use mysqli or PDO instead /var/www/html/oj/ThinkPHP/Lib/Driver/Db/DbMysql.class.php 第 55 行.
SQL: select * from news where cid=1 [ RunTime:0.000341s ]

[ 2015-02-01T01:45:06+08:00 ] 192.168.1.103 /oj/index.php/Contest/Index/Newscount
INFO: [ app_begin ] --START--
INFO: ReadHtmlCache Behavior ::run [ RunTime:0.000534s ]
INFO: [ app_begin ] --END-- [ RunTime:0.000612s ]
NOTIC: [8192] mysql_connect(): The mysql extension is deprecated and will be removed in the future: use mysqli or PDO instead /var/www/html/oj/ThinkPHP/Lib/Driver/Db/DbMysql.class.php 第 55 行.
SQL: select * from news where cid=1 [ RunTime:0.000297s ]

[ 2015-02-01T01:45:07+08:00 ] 192.168.1.103 /oj/index.php/Contest/Index/Newscount
INFO: [ app_begin ] --START--
INFO: ReadHtmlCache Behavior ::run [ RunTime:0.000658s ]
INFO: [ app_begin ] --END-- [ RunTime:0.000765s ]
NOTIC: [8192] mysql_connect(): The mysql extension is deprecated and will be removed in the future: use mysqli or PDO instead /var/www/html/oj/ThinkPHP/Lib/Driver/Db/DbMysql.class.php 第 55 行.
SQL: select * from news where cid=1 [ RunTime:0.000278s ]

[ 2015-02-01T01:45:08+08:00 ] 192.168.1.103 /oj/index.php/Contest/Index/Newscount
INFO: [ app_begin ] --START--
INFO: ReadHtmlCache Behavior ::run [ RunTime:0.000841s ]
INFO: [ app_begin ] --END-- [ RunTime:0.000987s ]
NOTIC: [8192] mysql_connect(): The mysql extension is deprecated and will be removed in the future: use mysqli or PDO instead /var/www/html/oj/ThinkPHP/Lib/Driver/Db/DbMysql.class.php 第 55 行.
SQL: select * from news where cid=1 [ RunTime:0.000455s ]

[ 2015-02-01T01:45:09+08:00 ] 192.168.1.103 /oj/index.php/Contest/Index/Newscount
INFO: [ app_begin ] --START--
INFO: ReadHtmlCache Behavior ::run [ RunTime:0.000361s ]
INFO: [ app_begin ] --END-- [ RunTime:0.000408s ]
NOTIC: [8192] mysql_connect(): The mysql extension is deprecated and will be removed in the future: use mysqli or PDO instead /var/www/html/oj/ThinkPHP/Lib/Driver/Db/DbMysql.class.php 第 55 行.
SQL: select * from news where cid=1 [ RunTime:0.000434s ]

[ 2015-02-01T01:45:10+08:00 ] 192.168.1.103 /oj/index.php/Contest/Index/Newscount
INFO: [ app_begin ] --START--
INFO: ReadHtmlCache Behavior ::run [ RunTime:0.001248s ]
INFO: [ app_begin ] --END-- [ RunTime:0.001449s ]
NOTIC: [8192] mysql_connect(): The mysql extension is deprecated and will be removed in the future: use mysqli or PDO instead /var/www/html/oj/ThinkPHP/Lib/Driver/Db/DbMysql.class.php 第 55 行.
SQL: select * from news where cid=1 [ RunTime:0.000619s ]

[ 2015-02-01T01:45:11+08:00 ] 192.168.1.103 /oj/index.php/Contest/Index/Newscount
INFO: [ app_begin ] --START--
INFO: ReadHtmlCache Behavior ::run [ RunTime:0.000443s ]
INFO: [ app_begin ] --END-- [ RunTime:0.000525s ]
NOTIC: [8192] mysql_connect(): The mysql extension is deprecated and will be removed in the future: use mysqli or PDO instead /var/www/html/oj/ThinkPHP/Lib/Driver/Db/DbMysql.class.php 第 55 行.
SQL: select * from news where cid=1 [ RunTime:0.000672s ]

[ 2015-02-01T01:45:12+08:00 ] 192.168.1.103 /oj/index.php/Contest/Index/Newscount
INFO: [ app_begin ] --START--
INFO: ReadHtmlCache Behavior ::run [ RunTime:0.000534s ]
INFO: [ app_begin ] --END-- [ RunTime:0.000618s ]
NOTIC: [8192] mysql_connect(): The mysql extension is deprecated and will be removed in the future: use mysqli or PDO instead /var/www/html/oj/ThinkPHP/Lib/Driver/Db/DbMysql.class.php 第 55 行.
SQL: select * from news where cid=1 [ RunTime:0.000668s ]

[ 2015-02-01T01:45:13+08:00 ] 192.168.1.103 /oj/index.php/Contest/Index/Newscount
INFO: [ app_begin ] --START--
INFO: ReadHtmlCache Behavior ::run [ RunTime:0.000563s ]
INFO: [ app_begin ] --END-- [ RunTime:0.000756s ]
NOTIC: [8192] mysql_connect(): The mysql extension is deprecated and will be removed in the future: use mysqli or PDO instead /var/www/html/oj/ThinkPHP/Lib/Driver/Db/DbMysql.class.php 第 55 行.
SQL: select * from news where cid=1 [ RunTime:0.000415s ]

[ 2015-02-01T01:45:14+08:00 ] 192.168.1.103 /oj/index.php/Contest/Index/Newscount
INFO: [ app_begin ] --START--
INFO: ReadHtmlCache Behavior ::run [ RunTime:0.000447s ]
INFO: [ app_begin ] --END-- [ RunTime:0.000505s ]
NOTIC: [8192] mysql_connect(): The mysql extension is deprecated and will be removed in the future: use mysqli or PDO instead /var/www/html/oj/ThinkPHP/Lib/Driver/Db/DbMysql.class.php 第 55 行.
SQL: select * from news where cid=1 [ RunTime:0.000258s ]

[ 2015-02-01T01:45:15+08:00 ] 192.168.1.103 /oj/index.php/Contest/Index/Newscount
INFO: [ app_begin ] --START--
INFO: ReadHtmlCache Behavior ::run [ RunTime:0.000387s ]
INFO: [ app_begin ] --END-- [ RunTime:0.000434s ]
NOTIC: [8192] mysql_connect(): The mysql extension is deprecated and will be removed in the future: use mysqli or PDO instead /var/www/html/oj/ThinkPHP/Lib/Driver/Db/DbMysql.class.php 第 55 行.
SQL: select * from news where cid=1 [ RunTime:0.000459s ]

[ 2015-02-01T01:45:16+08:00 ] 192.168.1.103 /oj/index.php/Contest/Index/Newscount
INFO: [ app_begin ] --START--
INFO: ReadHtmlCache Behavior ::run [ RunTime:0.000617s ]
INFO: [ app_begin ] --END-- [ RunTime:0.000696s ]
NOTIC: [8192] mysql_connect(): The mysql extension is deprecated and will be removed in the future: use mysqli or PDO instead /var/www/html/oj/ThinkPHP/Lib/Driver/Db/DbMysql.class.php 第 55 行.
SQL: select * from news where cid=1 [ RunTime:0.000431s ]

[ 2015-02-01T01:45:17+08:00 ] 192.168.1.103 /oj/index.php/Contest/Index/Newscount
INFO: [ app_begin ] --START--
INFO: ReadHtmlCache Behavior ::run [ RunTime:0.000960s ]
INFO: [ app_begin ] --END-- [ RunTime:0.001144s ]
NOTIC: [8192] mysql_connect(): The mysql extension is deprecated and will be removed in the future: use mysqli or PDO instead /var/www/html/oj/ThinkPHP/Lib/Driver/Db/DbMysql.class.php 第 55 行.
SQL: select * from news where cid=1 [ RunTime:0.000533s ]

[ 2015-02-01T01:45:18+08:00 ] 192.168.1.103 /oj/index.php/Contest/Index/Newscount
INFO: [ app_begin ] --START--
INFO: ReadHtmlCache Behavior ::run [ RunTime:0.000641s ]
INFO: [ app_begin ] --END-- [ RunTime:0.000727s ]
NOTIC: [8192] mysql_connect(): The mysql extension is deprecated and will be removed in the future: use mysqli or PDO instead /var/www/html/oj/ThinkPHP/Lib/Driver/Db/DbMysql.class.php 第 55 行.
SQL: select * from news where cid=1 [ RunTime:0.000602s ]

[ 2015-02-01T01:45:19+08:00 ] 192.168.1.103 /oj/index.php/Contest/Index/Newscount
INFO: [ app_begin ] --START--
INFO: ReadHtmlCache Behavior ::run [ RunTime:0.000593s ]
INFO: [ app_begin ] --END-- [ RunTime:0.000693s ]
NOTIC: [8192] mysql_connect(): The mysql extension is deprecated and will be removed in the future: use mysqli or PDO instead /var/www/html/oj/ThinkPHP/Lib/Driver/Db/DbMysql.class.php 第 55 行.
SQL: select * from news where cid=1 [ RunTime:0.000618s ]

[ 2015-02-01T01:45:20+08:00 ] 192.168.1.103 /oj/index.php/Contest/Index/Newscount
INFO: [ app_begin ] --START--
INFO: ReadHtmlCache Behavior ::run [ RunTime:0.002061s ]
INFO: [ app_begin ] --END-- [ RunTime:0.002163s ]
NOTIC: [8192] mysql_connect(): The mysql extension is deprecated and will be removed in the future: use mysqli or PDO instead /var/www/html/oj/ThinkPHP/Lib/Driver/Db/DbMysql.class.php 第 55 行.
SQL: select * from news where cid=1 [ RunTime:0.000477s ]

[ 2015-02-01T01:45:21+08:00 ] 192.168.1.103 /oj/index.php/Contest/Index/Newscount
INFO: [ app_begin ] --START--
INFO: ReadHtmlCache Behavior ::run [ RunTime:0.000352s ]
INFO: [ app_begin ] --END-- [ RunTime:0.000420s ]
NOTIC: [8192] mysql_connect(): The mysql extension is deprecated and will be removed in the future: use mysqli or PDO instead /var/www/html/oj/ThinkPHP/Lib/Driver/Db/DbMysql.class.php 第 55 行.
SQL: select * from news where cid=1 [ RunTime:0.000413s ]

[ 2015-02-01T01:45:22+08:00 ] 192.168.1.103 /oj/index.php/Contest/Index/Newscount
INFO: [ app_begin ] --START--
INFO: ReadHtmlCache Behavior ::run [ RunTime:0.000772s ]
INFO: [ app_begin ] --END-- [ RunTime:0.001015s ]
NOTIC: [8192] mysql_connect(): The mysql extension is deprecated and will be removed in the future: use mysqli or PDO instead /var/www/html/oj/ThinkPHP/Lib/Driver/Db/DbMysql.class.php 第 55 行.
SQL: select * from news where cid=1 [ RunTime:0.000997s ]

[ 2015-02-01T01:45:23+08:00 ] 192.168.1.103 /oj/index.php/Contest/Index/Newscount
INFO: [ app_begin ] --START--
INFO: ReadHtmlCache Behavior ::run [ RunTime:0.000894s ]
INFO: [ app_begin ] --END-- [ RunTime:0.000990s ]
NOTIC: [8192] mysql_connect(): The mysql extension is deprecated and will be removed in the future: use mysqli or PDO instead /var/www/html/oj/ThinkPHP/Lib/Driver/Db/DbMysql.class.php 第 55 行.
SQL: select * from news where cid=1 [ RunTime:0.000474s ]

[ 2015-02-01T01:45:24+08:00 ] 192.168.1.103 /oj/index.php/Contest/Index/Newscount
INFO: [ app_begin ] --START--
INFO: ReadHtmlCache Behavior ::run [ RunTime:0.000680s ]
INFO: [ app_begin ] --END-- [ RunTime:0.000782s ]
NOTIC: [8192] mysql_connect(): The mysql extension is deprecated and will be removed in the future: use mysqli or PDO instead /var/www/html/oj/ThinkPHP/Lib/Driver/Db/DbMysql.class.php 第 55 行.
SQL: select * from news where cid=1 [ RunTime:0.000469s ]

[ 2015-02-01T01:45:25+08:00 ] 192.168.1.103 /oj/index.php/Contest/Index/Newscount
INFO: [ app_begin ] --START--
INFO: ReadHtmlCache Behavior ::run [ RunTime:0.000881s ]
INFO: [ app_begin ] --END-- [ RunTime:0.001004s ]
NOTIC: [8192] mysql_connect(): The mysql extension is deprecated and will be removed in the future: use mysqli or PDO instead /var/www/html/oj/ThinkPHP/Lib/Driver/Db/DbMysql.class.php 第 55 行.
SQL: select * from news where cid=1 [ RunTime:0.001148s ]

[ 2015-02-01T01:45:26+08:00 ] 192.168.1.103 /oj/index.php/Contest/Index/Newscount
INFO: [ app_begin ] --START--
INFO: ReadHtmlCache Behavior ::run [ RunTime:0.000681s ]
INFO: [ app_begin ] --END-- [ RunTime:0.000880s ]
NOTIC: [8192] mysql_connect(): The mysql extension is deprecated and will be removed in the future: use mysqli or PDO instead /var/www/html/oj/ThinkPHP/Lib/Driver/Db/DbMysql.class.php 第 55 行.
SQL: select * from news where cid=1 [ RunTime:0.000580s ]

[ 2015-02-01T01:45:27+08:00 ] 192.168.1.103 /oj/index.php/Contest/Index/Newscount
INFO: [ app_begin ] --START--
INFO: ReadHtmlCache Behavior ::run [ RunTime:0.000538s ]
INFO: [ app_begin ] --END-- [ RunTime:0.000612s ]
NOTIC: [8192] mysql_connect(): The mysql extension is deprecated and will be removed in the future: use mysqli or PDO instead /var/www/html/oj/ThinkPHP/Lib/Driver/Db/DbMysql.class.php 第 55 行.
SQL: select * from news where cid=1 [ RunTime:0.000474s ]

[ 2015-02-01T01:45:28+08:00 ] 192.168.1.103 /oj/index.php/Contest/Index/Newscount
INFO: [ app_begin ] --START--
INFO: ReadHtmlCache Behavior ::run [ RunTime:0.000659s ]
INFO: [ app_begin ] --END-- [ RunTime:0.000762s ]
NOTIC: [8192] mysql_connect(): The mysql extension is deprecated and will be removed in the future: use mysqli or PDO instead /var/www/html/oj/ThinkPHP/Lib/Driver/Db/DbMysql.class.php 第 55 行.
SQL: select * from news where cid=1 [ RunTime:0.000540s ]

[ 2015-02-01T01:45:29+08:00 ] 192.168.1.103 /oj/index.php/Contest/Index/Newscount
INFO: [ app_begin ] --START--
INFO: ReadHtmlCache Behavior ::run [ RunTime:0.000332s ]
INFO: [ app_begin ] --END-- [ RunTime:0.000371s ]
NOTIC: [8192] mysql_connect(): The mysql extension is deprecated and will be removed in the future: use mysqli or PDO instead /var/www/html/oj/ThinkPHP/Lib/Driver/Db/DbMysql.class.php 第 55 行.
SQL: select * from news where cid=1 [ RunTime:0.001254s ]

[ 2015-02-01T01:45:30+08:00 ] 192.168.1.103 /oj/index.php/Contest/Index/Newscount
INFO: [ app_begin ] --START--
INFO: ReadHtmlCache Behavior ::run [ RunTime:0.000356s ]
INFO: [ app_begin ] --END-- [ RunTime:0.000402s ]
NOTIC: [8192] mysql_connect(): The mysql extension is deprecated and will be removed in the future: use mysqli or PDO instead /var/www/html/oj/ThinkPHP/Lib/Driver/Db/DbMysql.class.php 第 55 行.
SQL: select * from news where cid=1 [ RunTime:0.000295s ]

[ 2015-02-01T01:45:32+08:00 ] 192.168.1.103 /oj/index.php/Contest/Index/Newscount
INFO: [ app_begin ] --START--
INFO: ReadHtmlCache Behavior ::run [ RunTime:0.001751s ]
INFO: [ app_begin ] --END-- [ RunTime:0.001931s ]
NOTIC: [8192] mysql_connect(): The mysql extension is deprecated and will be removed in the future: use mysqli or PDO instead /var/www/html/oj/ThinkPHP/Lib/Driver/Db/DbMysql.class.php 第 55 行.
SQL: select * from news where cid=1 [ RunTime:0.000405s ]

[ 2015-02-01T01:45:32+08:00 ] 192.168.1.103 /oj/index.php/Contest/Index/Rankdata?cid=1
INFO: [ app_begin ] --START--
INFO: ReadHtmlCache Behavior ::run [ RunTime:0.000563s ]
INFO: [ app_begin ] --END-- [ RunTime:0.000619s ]
NOTIC: [8192] mysql_connect(): The mysql extension is deprecated and will be removed in the future: use mysqli or PDO instead /var/www/html/oj/ThinkPHP/Lib/Driver/Db/DbMysql.class.php 第 55 行.
SQL: select uid as pa_id,pid,result,create_time from solution where cid=1 order by pa_id,pid,create_time; [ RunTime:0.001054s ]
SQL: select create_time,type,private from contest where cid=1 [ RunTime:0.000380s ]
SQL: select pid from contest_problem where cid=1 order by newid; [ RunTime:0.000366s ]
NOTIC: [8] Undefined variable: users /var/www/html/oj/php/Lib/Action/Contest/IndexAction.class.php 第 704 行.

[ 2015-02-01T01:45:34+08:00 ] 192.168.1.103 /oj/index.php/Contest/Index/Newscount
INFO: [ app_begin ] --START--
INFO: ReadHtmlCache Behavior ::run [ RunTime:0.001414s ]
INFO: [ app_begin ] --END-- [ RunTime:0.001744s ]
NOTIC: [8192] mysql_connect(): The mysql extension is deprecated and will be removed in the future: use mysqli or PDO instead /var/www/html/oj/ThinkPHP/Lib/Driver/Db/DbMysql.class.php 第 55 行.
SQL: select * from news where cid=1 [ RunTime:0.000423s ]

[ 2015-02-01T01:45:37+08:00 ] 192.168.1.103 /oj/index.php/Contest/Index/Newscount
INFO: [ app_begin ] --START--
INFO: ReadHtmlCache Behavior ::run [ RunTime:0.001922s ]
INFO: [ app_begin ] --END-- [ RunTime:0.002049s ]
NOTIC: [8192] mysql_connect(): The mysql extension is deprecated and will be removed in the future: use mysqli or PDO instead /var/www/html/oj/ThinkPHP/Lib/Driver/Db/DbMysql.class.php 第 55 行.
SQL: select * from news where cid=1 [ RunTime:0.001003s ]

[ 2015-02-01T01:45:38+08:00 ] 192.168.1.103 /oj/index.php/Contest/Index/Newscount
INFO: [ app_begin ] --START--
INFO: ReadHtmlCache Behavior ::run [ RunTime:0.000861s ]
INFO: [ app_begin ] --END-- [ RunTime:0.000968s ]
NOTIC: [8192] mysql_connect(): The mysql extension is deprecated and will be removed in the future: use mysqli or PDO instead /var/www/html/oj/ThinkPHP/Lib/Driver/Db/DbMysql.class.php 第 55 行.
SQL: select * from news where cid=1 [ RunTime:0.000288s ]

[ 2015-02-01T01:45:39+08:00 ] 192.168.1.103 /oj/index.php/Contest/Index/Newscount
INFO: [ app_begin ] --START--
INFO: ReadHtmlCache Behavior ::run [ RunTime:0.003070s ]
INFO: [ app_begin ] --END-- [ RunTime:0.003200s ]
NOTIC: [8192] mysql_connect(): The mysql extension is deprecated and will be removed in the future: use mysqli or PDO instead /var/www/html/oj/ThinkPHP/Lib/Driver/Db/DbMysql.class.php 第 55 行.
SQL: select * from news where cid=1 [ RunTime:0.000916s ]

[ 2015-02-01T01:45:40+08:00 ] 192.168.1.103 /oj/index.php/Contest/Index/Newscount
INFO: [ app_begin ] --START--
INFO: ReadHtmlCache Behavior ::run [ RunTime:0.000894s ]
INFO: [ app_begin ] --END-- [ RunTime:0.001029s ]
NOTIC: [8192] mysql_connect(): The mysql extension is deprecated and will be removed in the future: use mysqli or PDO instead /var/www/html/oj/ThinkPHP/Lib/Driver/Db/DbMysql.class.php 第 55 行.
SQL: select * from news where cid=1 [ RunTime:0.000336s ]

[ 2015-02-01T01:45:41+08:00 ] 192.168.1.103 /oj/index.php/Contest/Index/Newscount
INFO: [ app_begin ] --START--
INFO: ReadHtmlCache Behavior ::run [ RunTime:0.001281s ]
INFO: [ app_begin ] --END-- [ RunTime:0.001474s ]
NOTIC: [8192] mysql_connect(): The mysql extension is deprecated and will be removed in the future: use mysqli or PDO instead /var/www/html/oj/ThinkPHP/Lib/Driver/Db/DbMysql.class.php 第 55 行.
SQL: select * from news where cid=1 [ RunTime:0.000850s ]

[ 2015-02-01T01:45:42+08:00 ] 192.168.1.103 /oj/index.php/Contest/Index/Newscount
INFO: [ app_begin ] --START--
INFO: ReadHtmlCache Behavior ::run [ RunTime:0.002856s ]
INFO: [ app_begin ] --END-- [ RunTime:0.003023s ]
NOTIC: [8192] mysql_connect(): The mysql extension is deprecated and will be removed in the future: use mysqli or PDO instead /var/www/html/oj/ThinkPHP/Lib/Driver/Db/DbMysql.class.php 第 55 行.
SQL: select * from news where cid=1 [ RunTime:0.000424s ]

[ 2015-02-01T01:45:43+08:00 ] 192.168.1.103 /oj/index.php/Contest/Index/Newscount
INFO: [ app_begin ] --START--
INFO: ReadHtmlCache Behavior ::run [ RunTime:0.000595s ]
INFO: [ app_begin ] --END-- [ RunTime:0.000685s ]
NOTIC: [8192] mysql_connect(): The mysql extension is deprecated and will be removed in the future: use mysqli or PDO instead /var/www/html/oj/ThinkPHP/Lib/Driver/Db/DbMysql.class.php 第 55 行.
SQL: select * from news where cid=1 [ RunTime:0.000365s ]

[ 2015-02-01T01:45:44+08:00 ] 192.168.1.103 /oj/index.php/Contest/Index/Newscount
INFO: [ app_begin ] --START--
INFO: ReadHtmlCache Behavior ::run [ RunTime:0.000617s ]
INFO: [ app_begin ] --END-- [ RunTime:0.000696s ]
NOTIC: [8192] mysql_connect(): The mysql extension is deprecated and will be removed in the future: use mysqli or PDO instead /var/www/html/oj/ThinkPHP/Lib/Driver/Db/DbMysql.class.php 第 55 行.
SQL: select * from news where cid=1 [ RunTime:0.000280s ]

[ 2015-02-01T01:45:45+08:00 ] 192.168.1.103 /oj/index.php/Contest/Index/Newscount
INFO: [ app_begin ] --START--
INFO: ReadHtmlCache Behavior ::run [ RunTime:0.000962s ]
INFO: [ app_begin ] --END-- [ RunTime:0.001109s ]
NOTIC: [8192] mysql_connect(): The mysql extension is deprecated and will be removed in the future: use mysqli or PDO instead /var/www/html/oj/ThinkPHP/Lib/Driver/Db/DbMysql.class.php 第 55 行.
SQL: select * from news where cid=1 [ RunTime:0.001141s ]

[ 2015-02-01T01:45:46+08:00 ] 192.168.1.103 /oj/index.php/Contest/Index/Newscount
INFO: [ app_begin ] --START--
INFO: ReadHtmlCache Behavior ::run [ RunTime:0.000671s ]
INFO: [ app_begin ] --END-- [ RunTime:0.000829s ]
NOTIC: [8192] mysql_connect(): The mysql extension is deprecated and will be removed in the future: use mysqli or PDO instead /var/www/html/oj/ThinkPHP/Lib/Driver/Db/DbMysql.class.php 第 55 行.
SQL: select * from news where cid=1 [ RunTime:0.000754s ]

[ 2015-02-01T01:45:47+08:00 ] 192.168.1.103 /oj/index.php/Contest/Index/Newscount
INFO: [ app_begin ] --START--
INFO: ReadHtmlCache Behavior ::run [ RunTime:0.000342s ]
INFO: [ app_begin ] --END-- [ RunTime:0.000440s ]
NOTIC: [8192] mysql_connect(): The mysql extension is deprecated and will be removed in the future: use mysqli or PDO instead /var/www/html/oj/ThinkPHP/Lib/Driver/Db/DbMysql.class.php 第 55 行.
SQL: select * from news where cid=1 [ RunTime:0.000412s ]

[ 2015-02-01T01:45:48+08:00 ] 192.168.1.103 /oj/index.php/Contest/Index/Newscount
INFO: [ app_begin ] --START--
INFO: ReadHtmlCache Behavior ::run [ RunTime:0.000600s ]
INFO: [ app_begin ] --END-- [ RunTime:0.000692s ]
NOTIC: [8192] mysql_connect(): The mysql extension is deprecated and will be removed in the future: use mysqli or PDO instead /var/www/html/oj/ThinkPHP/Lib/Driver/Db/DbMysql.class.php 第 55 行.
SQL: select * from news where cid=1 [ RunTime:0.000904s ]

[ 2015-02-01T01:45:49+08:00 ] 192.168.1.103 /oj/index.php/Contest/Index/Newscount
INFO: [ app_begin ] --START--
INFO: ReadHtmlCache Behavior ::run [ RunTime:0.000629s ]
INFO: [ app_begin ] --END-- [ RunTime:0.000712s ]
NOTIC: [8192] mysql_connect(): The mysql extension is deprecated and will be removed in the future: use mysqli or PDO instead /var/www/html/oj/ThinkPHP/Lib/Driver/Db/DbMysql.class.php 第 55 行.
SQL: select * from news where cid=1 [ RunTime:0.000282s ]

[ 2015-02-01T01:45:50+08:00 ] 192.168.1.103 /oj/index.php/Contest/Index/Newscount
INFO: [ app_begin ] --START--
INFO: ReadHtmlCache Behavior ::run [ RunTime:0.000634s ]
INFO: [ app_begin ] --END-- [ RunTime:0.000720s ]
NOTIC: [8192] mysql_connect(): The mysql extension is deprecated and will be removed in the future: use mysqli or PDO instead /var/www/html/oj/ThinkPHP/Lib/Driver/Db/DbMysql.class.php 第 55 行.
SQL: select * from news where cid=1 [ RunTime:0.000529s ]

[ 2015-02-01T01:45:51+08:00 ] 192.168.1.103 /oj/index.php/Contest/Index/Newscount
INFO: [ app_begin ] --START--
INFO: ReadHtmlCache Behavior ::run [ RunTime:0.000969s ]
INFO: [ app_begin ] --END-- [ RunTime:0.001117s ]
NOTIC: [8192] mysql_connect(): The mysql extension is deprecated and will be removed in the future: use mysqli or PDO instead /var/www/html/oj/ThinkPHP/Lib/Driver/Db/DbMysql.class.php 第 55 行.
SQL: select * from news where cid=1 [ RunTime:0.000538s ]

[ 2015-02-01T01:45:52+08:00 ] 192.168.1.103 /oj/index.php/Contest/Index/Newscount
INFO: [ app_begin ] --START--
INFO: ReadHtmlCache Behavior ::run [ RunTime:0.000971s ]
INFO: [ app_begin ] --END-- [ RunTime:0.001213s ]
NOTIC: [8192] mysql_connect(): The mysql extension is deprecated and will be removed in the future: use mysqli or PDO instead /var/www/html/oj/ThinkPHP/Lib/Driver/Db/DbMysql.class.php 第 55 行.
SQL: select * from news where cid=1 [ RunTime:0.000654s ]

[ 2015-02-01T01:45:53+08:00 ] 192.168.1.103 /oj/index.php/Contest/Index/Newscount
INFO: [ app_begin ] --START--
INFO: ReadHtmlCache Behavior ::run [ RunTime:0.000337s ]
INFO: [ app_begin ] --END-- [ RunTime:0.000382s ]
NOTIC: [8192] mysql_connect(): The mysql extension is deprecated and will be removed in the future: use mysqli or PDO instead /var/www/html/oj/ThinkPHP/Lib/Driver/Db/DbMysql.class.php 第 55 行.
SQL: select * from news where cid=1 [ RunTime:0.000527s ]

[ 2015-02-01T01:45:54+08:00 ] 192.168.1.103 /oj/index.php/Contest/Index/Newscount
INFO: [ app_begin ] --START--
INFO: ReadHtmlCache Behavior ::run [ RunTime:0.001017s ]
INFO: [ app_begin ] --END-- [ RunTime:0.001188s ]
NOTIC: [8192] mysql_connect(): The mysql extension is deprecated and will be removed in the future: use mysqli or PDO instead /var/www/html/oj/ThinkPHP/Lib/Driver/Db/DbMysql.class.php 第 55 行.
SQL: select * from news where cid=1 [ RunTime:0.000746s ]

[ 2015-02-01T01:45:55+08:00 ] 192.168.1.103 /oj/index.php/Contest/Index/Newscount
INFO: [ app_begin ] --START--
INFO: ReadHtmlCache Behavior ::run [ RunTime:0.001378s ]
INFO: [ app_begin ] --END-- [ RunTime:0.001951s ]
NOTIC: [8192] mysql_connect(): The mysql extension is deprecated and will be removed in the future: use mysqli or PDO instead /var/www/html/oj/ThinkPHP/Lib/Driver/Db/DbMysql.class.php 第 55 行.
SQL: select * from news where cid=1 [ RunTime:0.000537s ]

[ 2015-02-01T01:45:56+08:00 ] 192.168.1.103 /oj/index.php/Contest/Index/Newscount
INFO: [ app_begin ] --START--
INFO: ReadHtmlCache Behavior ::run [ RunTime:0.000502s ]
INFO: [ app_begin ] --END-- [ RunTime:0.000565s ]
NOTIC: [8192] mysql_connect(): The mysql extension is deprecated and will be removed in the future: use mysqli or PDO instead /var/www/html/oj/ThinkPHP/Lib/Driver/Db/DbMysql.class.php 第 55 行.
SQL: select * from news where cid=1 [ RunTime:0.000420s ]

[ 2015-02-01T01:45:57+08:00 ] 192.168.1.103 /oj/index.php/Contest/Index/Newscount
INFO: [ app_begin ] --START--
INFO: ReadHtmlCache Behavior ::run [ RunTime:0.000530s ]
INFO: [ app_begin ] --END-- [ RunTime:0.000606s ]
NOTIC: [8192] mysql_connect(): The mysql extension is deprecated and will be removed in the future: use mysqli or PDO instead /var/www/html/oj/ThinkPHP/Lib/Driver/Db/DbMysql.class.php 第 55 行.
SQL: select * from news where cid=1 [ RunTime:0.000448s ]

[ 2015-02-01T01:45:58+08:00 ] 192.168.1.103 /oj/index.php/Contest/Index/Newscount
INFO: [ app_begin ] --START--
INFO: ReadHtmlCache Behavior ::run [ RunTime:0.000647s ]
INFO: [ app_begin ] --END-- [ RunTime:0.000759s ]
NOTIC: [8192] mysql_connect(): The mysql extension is deprecated and will be removed in the future: use mysqli or PDO instead /var/www/html/oj/ThinkPHP/Lib/Driver/Db/DbMysql.class.php 第 55 行.
SQL: select * from news where cid=1 [ RunTime:0.000544s ]

[ 2015-02-01T01:45:59+08:00 ] 192.168.1.103 /oj/index.php/Contest/Index/Newscount
INFO: [ app_begin ] --START--
INFO: ReadHtmlCache Behavior ::run [ RunTime:0.000605s ]
INFO: [ app_begin ] --END-- [ RunTime:0.000677s ]
NOTIC: [8192] mysql_connect(): The mysql extension is deprecated and will be removed in the future: use mysqli or PDO instead /var/www/html/oj/ThinkPHP/Lib/Driver/Db/DbMysql.class.php 第 55 行.
SQL: select * from news where cid=1 [ RunTime:0.000419s ]

[ 2015-02-01T01:46:00+08:00 ] 192.168.1.103 /oj/index.php/Contest/Index/Newscount
INFO: [ app_begin ] --START--
INFO: ReadHtmlCache Behavior ::run [ RunTime:0.000604s ]
INFO: [ app_begin ] --END-- [ RunTime:0.000716s ]
NOTIC: [8192] mysql_connect(): The mysql extension is deprecated and will be removed in the future: use mysqli or PDO instead /var/www/html/oj/ThinkPHP/Lib/Driver/Db/DbMysql.class.php 第 55 行.
SQL: select * from news where cid=1 [ RunTime:0.000323s ]

[ 2015-02-01T01:46:01+08:00 ] 192.168.1.103 /oj/index.php/Contest/Index/Newscount
INFO: [ app_begin ] --START--
INFO: ReadHtmlCache Behavior ::run [ RunTime:0.000509s ]
INFO: [ app_begin ] --END-- [ RunTime:0.000581s ]
NOTIC: [8192] mysql_connect(): The mysql extension is deprecated and will be removed in the future: use mysqli or PDO instead /var/www/html/oj/ThinkPHP/Lib/Driver/Db/DbMysql.class.php 第 55 行.
SQL: select * from news where cid=1 [ RunTime:0.000511s ]

[ 2015-02-01T01:46:02+08:00 ] 192.168.1.103 /oj/index.php/Contest/Index/Newscount
INFO: [ app_begin ] --START--
INFO: ReadHtmlCache Behavior ::run [ RunTime:0.000706s ]
INFO: [ app_begin ] --END-- [ RunTime:0.000785s ]
NOTIC: [8192] mysql_connect(): The mysql extension is deprecated and will be removed in the future: use mysqli or PDO instead /var/www/html/oj/ThinkPHP/Lib/Driver/Db/DbMysql.class.php 第 55 行.
SQL: select * from news where cid=1 [ RunTime:0.000679s ]

[ 2015-02-01T01:46:03+08:00 ] 192.168.1.103 /oj/index.php/Contest/Index/Newscount
INFO: [ app_begin ] --START--
INFO: ReadHtmlCache Behavior ::run [ RunTime:0.001006s ]
INFO: [ app_begin ] --END-- [ RunTime:0.001159s ]
NOTIC: [8192] mysql_connect(): The mysql extension is deprecated and will be removed in the future: use mysqli or PDO instead /var/www/html/oj/ThinkPHP/Lib/Driver/Db/DbMysql.class.php 第 55 行.
SQL: select * from news where cid=1 [ RunTime:0.000914s ]

[ 2015-02-01T01:46:04+08:00 ] 192.168.1.103 /oj/index.php/Contest/Index/Newscount
INFO: [ app_begin ] --START--
INFO: ReadHtmlCache Behavior ::run [ RunTime:0.000442s ]
INFO: [ app_begin ] --END-- [ RunTime:0.000588s ]
NOTIC: [8192] mysql_connect(): The mysql extension is deprecated and will be removed in the future: use mysqli or PDO instead /var/www/html/oj/ThinkPHP/Lib/Driver/Db/DbMysql.class.php 第 55 行.
SQL: select * from news where cid=1 [ RunTime:0.000438s ]

[ 2015-02-01T01:46:05+08:00 ] 192.168.1.103 /oj/index.php/Contest/Index/Newscount
INFO: [ app_begin ] --START--
INFO: ReadHtmlCache Behavior ::run [ RunTime:0.000761s ]
INFO: [ app_begin ] --END-- [ RunTime:0.000895s ]
NOTIC: [8192] mysql_connect(): The mysql extension is deprecated and will be removed in the future: use mysqli or PDO instead /var/www/html/oj/ThinkPHP/Lib/Driver/Db/DbMysql.class.php 第 55 行.
SQL: select * from news where cid=1 [ RunTime:0.000556s ]

[ 2015-02-01T01:46:06+08:00 ] 192.168.1.103 /oj/index.php/Contest/Index/Newscount
INFO: [ app_begin ] --START--
INFO: ReadHtmlCache Behavior ::run [ RunTime:0.000360s ]
INFO: [ app_begin ] --END-- [ RunTime:0.000405s ]
NOTIC: [8192] mysql_connect(): The mysql extension is deprecated and will be removed in the future: use mysqli or PDO instead /var/www/html/oj/ThinkPHP/Lib/Driver/Db/DbMysql.class.php 第 55 行.
SQL: select * from news where cid=1 [ RunTime:0.000902s ]

[ 2015-02-01T01:46:07+08:00 ] 192.168.1.103 /oj/index.php/Contest/Index/Newscount
INFO: [ app_begin ] --START--
INFO: ReadHtmlCache Behavior ::run [ RunTime:0.000660s ]
INFO: [ app_begin ] --END-- [ RunTime:0.000785s ]
NOTIC: [8192] mysql_connect(): The mysql extension is deprecated and will be removed in the future: use mysqli or PDO instead /var/www/html/oj/ThinkPHP/Lib/Driver/Db/DbMysql.class.php 第 55 行.
SQL: select * from news where cid=1 [ RunTime:0.000554s ]

[ 2015-02-01T01:46:08+08:00 ] 192.168.1.103 /oj/index.php/Contest/Index/Newscount
INFO: [ app_begin ] --START--
INFO: ReadHtmlCache Behavior ::run [ RunTime:0.001273s ]
INFO: [ app_begin ] --END-- [ RunTime:0.001420s ]
NOTIC: [8192] mysql_connect(): The mysql extension is deprecated and will be removed in the future: use mysqli or PDO instead /var/www/html/oj/ThinkPHP/Lib/Driver/Db/DbMysql.class.php 第 55 行.
SQL: select * from news where cid=1 [ RunTime:0.001427s ]

[ 2015-02-01T01:46:09+08:00 ] 192.168.1.103 /oj/index.php/Contest/Index/Newscount
INFO: [ app_begin ] --START--
INFO: ReadHtmlCache Behavior ::run [ RunTime:0.000979s ]
INFO: [ app_begin ] --END-- [ RunTime:0.001160s ]
NOTIC: [8192] mysql_connect(): The mysql extension is deprecated and will be removed in the future: use mysqli or PDO instead /var/www/html/oj/ThinkPHP/Lib/Driver/Db/DbMysql.class.php 第 55 行.
SQL: select * from news where cid=1 [ RunTime:0.000931s ]

[ 2015-02-01T01:46:10+08:00 ] 192.168.1.103 /oj/index.php/Contest/Index/Newscount
INFO: [ app_begin ] --START--
INFO: ReadHtmlCache Behavior ::run [ RunTime:0.000944s ]
INFO: [ app_begin ] --END-- [ RunTime:0.001090s ]
NOTIC: [8192] mysql_connect(): The mysql extension is deprecated and will be removed in the future: use mysqli or PDO instead /var/www/html/oj/ThinkPHP/Lib/Driver/Db/DbMysql.class.php 第 55 行.
SQL: select * from news where cid=1 [ RunTime:0.000437s ]

[ 2015-02-01T01:46:12+08:00 ] 192.168.1.103 /oj/index.php/Contest/Index/Newscount
INFO: [ app_begin ] --START--
INFO: ReadHtmlCache Behavior ::run [ RunTime:0.000437s ]
INFO: [ app_begin ] --END-- [ RunTime:0.000488s ]
NOTIC: [8192] mysql_connect(): The mysql extension is deprecated and will be removed in the future: use mysqli or PDO instead /var/www/html/oj/ThinkPHP/Lib/Driver/Db/DbMysql.class.php 第 55 行.
SQL: select * from news where cid=1 [ RunTime:0.001255s ]

[ 2015-02-01T01:46:13+08:00 ] 192.168.1.103 /oj/index.php/Contest/Index/Newscount
INFO: [ app_begin ] --START--
INFO: ReadHtmlCache Behavior ::run [ RunTime:0.001167s ]
INFO: [ app_begin ] --END-- [ RunTime:0.001340s ]
NOTIC: [8192] mysql_connect(): The mysql extension is deprecated and will be removed in the future: use mysqli or PDO instead /var/www/html/oj/ThinkPHP/Lib/Driver/Db/DbMysql.class.php 第 55 行.
SQL: select * from news where cid=1 [ RunTime:0.000707s ]

[ 2015-02-01T01:46:15+08:00 ] 192.168.1.103 /oj/index.php/Contest/Index/Newscount
INFO: [ app_begin ] --START--
INFO: ReadHtmlCache Behavior ::run [ RunTime:0.001258s ]
INFO: [ app_begin ] --END-- [ RunTime:0.001426s ]
NOTIC: [8192] mysql_connect(): The mysql extension is deprecated and will be removed in the future: use mysqli or PDO instead /var/www/html/oj/ThinkPHP/Lib/Driver/Db/DbMysql.class.php 第 55 行.
SQL: select * from news where cid=1 [ RunTime:0.000747s ]

[ 2015-02-01T01:46:19+08:00 ] 192.168.1.103 /oj/index.php/Contest/Index/Newscount
INFO: [ app_begin ] --START--
INFO: ReadHtmlCache Behavior ::run [ RunTime:0.000546s ]
INFO: [ app_begin ] --END-- [ RunTime:0.000610s ]
NOTIC: [8192] mysql_connect(): The mysql extension is deprecated and will be removed in the future: use mysqli or PDO instead /var/www/html/oj/ThinkPHP/Lib/Driver/Db/DbMysql.class.php 第 55 行.
SQL: select * from news where cid=1 [ RunTime:0.000324s ]

[ 2015-02-01T01:46:20+08:00 ] 192.168.1.103 /oj/index.php/Contest/Index/Newscount
INFO: [ app_begin ] --START--
INFO: ReadHtmlCache Behavior ::run [ RunTime:0.000280s ]
INFO: [ app_begin ] --END-- [ RunTime:0.000319s ]
NOTIC: [8192] mysql_connect(): The mysql extension is deprecated and will be removed in the future: use mysqli or PDO instead /var/www/html/oj/ThinkPHP/Lib/Driver/Db/DbMysql.class.php 第 55 行.
SQL: select * from news where cid=1 [ RunTime:0.000342s ]

[ 2015-02-01T01:46:21+08:00 ] 192.168.1.103 /oj/index.php/Contest/Index/Newscount
INFO: [ app_begin ] --START--
INFO: ReadHtmlCache Behavior ::run [ RunTime:0.000632s ]
INFO: [ app_begin ] --END-- [ RunTime:0.000704s ]
NOTIC: [8192] mysql_connect(): The mysql extension is deprecated and will be removed in the future: use mysqli or PDO instead /var/www/html/oj/ThinkPHP/Lib/Driver/Db/DbMysql.class.php 第 55 行.
SQL: select * from news where cid=1 [ RunTime:0.000416s ]

[ 2015-02-01T01:46:22+08:00 ] 192.168.1.103 /oj/index.php/Contest/Index/Newscount
INFO: [ app_begin ] --START--
INFO: ReadHtmlCache Behavior ::run [ RunTime:0.000424s ]
INFO: [ app_begin ] --END-- [ RunTime:0.000475s ]
NOTIC: [8192] mysql_connect(): The mysql extension is deprecated and will be removed in the future: use mysqli or PDO instead /var/www/html/oj/ThinkPHP/Lib/Driver/Db/DbMysql.class.php 第 55 行.
SQL: select * from news where cid=1 [ RunTime:0.000256s ]

[ 2015-02-01T01:46:23+08:00 ] 192.168.1.103 /oj/index.php/Contest/Index/Newscount
INFO: [ app_begin ] --START--
INFO: ReadHtmlCache Behavior ::run [ RunTime:0.000534s ]
INFO: [ app_begin ] --END-- [ RunTime:0.000603s ]
NOTIC: [8192] mysql_connect(): The mysql extension is deprecated and will be removed in the future: use mysqli or PDO instead /var/www/html/oj/ThinkPHP/Lib/Driver/Db/DbMysql.class.php 第 55 行.
SQL: select * from news where cid=1 [ RunTime:0.001283s ]

[ 2015-02-01T01:46:24+08:00 ] 192.168.1.103 /oj/index.php/Contest/Index/Newscount
INFO: [ app_begin ] --START--
INFO: ReadHtmlCache Behavior ::run [ RunTime:0.000285s ]
INFO: [ app_begin ] --END-- [ RunTime:0.000325s ]
NOTIC: [8192] mysql_connect(): The mysql extension is deprecated and will be removed in the future: use mysqli or PDO instead /var/www/html/oj/ThinkPHP/Lib/Driver/Db/DbMysql.class.php 第 55 行.
SQL: select * from news where cid=1 [ RunTime:0.000285s ]

[ 2015-02-01T01:46:25+08:00 ] 192.168.1.103 /oj/index.php/Contest/Index/Newscount
INFO: [ app_begin ] --START--
INFO: ReadHtmlCache Behavior ::run [ RunTime:0.000257s ]
INFO: [ app_begin ] --END-- [ RunTime:0.000292s ]
NOTIC: [8192] mysql_connect(): The mysql extension is deprecated and will be removed in the future: use mysqli or PDO instead /var/www/html/oj/ThinkPHP/Lib/Driver/Db/DbMysql.class.php 第 55 行.
SQL: select * from news where cid=1 [ RunTime:0.000767s ]

[ 2015-02-01T01:46:26+08:00 ] 192.168.1.103 /oj/index.php/Contest/Index/Newscount
INFO: [ app_begin ] --START--
INFO: ReadHtmlCache Behavior ::run [ RunTime:0.000265s ]
INFO: [ app_begin ] --END-- [ RunTime:0.000300s ]
NOTIC: [8192] mysql_connect(): The mysql extension is deprecated and will be removed in the future: use mysqli or PDO instead /var/www/html/oj/ThinkPHP/Lib/Driver/Db/DbMysql.class.php 第 55 行.
SQL: select * from news where cid=1 [ RunTime:0.000251s ]

[ 2015-02-01T01:46:27+08:00 ] 192.168.1.103 /oj/index.php/Contest/Index/Newscount
INFO: [ app_begin ] --START--
INFO: ReadHtmlCache Behavior ::run [ RunTime:0.000265s ]
INFO: [ app_begin ] --END-- [ RunTime:0.000304s ]
NOTIC: [8192] mysql_connect(): The mysql extension is deprecated and will be removed in the future: use mysqli or PDO instead /var/www/html/oj/ThinkPHP/Lib/Driver/Db/DbMysql.class.php 第 55 行.
SQL: select * from news where cid=1 [ RunTime:0.000354s ]

[ 2015-02-01T01:46:28+08:00 ] 192.168.1.103 /oj/index.php/Contest/Index/Newscount
INFO: [ app_begin ] --START--
INFO: ReadHtmlCache Behavior ::run [ RunTime:0.000248s ]
INFO: [ app_begin ] --END-- [ RunTime:0.000282s ]
NOTIC: [8192] mysql_connect(): The mysql extension is deprecated and will be removed in the future: use mysqli or PDO instead /var/www/html/oj/ThinkPHP/Lib/Driver/Db/DbMysql.class.php 第 55 行.
SQL: select * from news where cid=1 [ RunTime:0.000421s ]

[ 2015-02-01T01:46:29+08:00 ] 192.168.1.103 /oj/index.php/Contest/Index/Newscount
INFO: [ app_begin ] --START--
INFO: ReadHtmlCache Behavior ::run [ RunTime:0.000356s ]
INFO: [ app_begin ] --END-- [ RunTime:0.000404s ]
NOTIC: [8192] mysql_connect(): The mysql extension is deprecated and will be removed in the future: use mysqli or PDO instead /var/www/html/oj/ThinkPHP/Lib/Driver/Db/DbMysql.class.php 第 55 行.
SQL: select * from news where cid=1 [ RunTime:0.000316s ]

[ 2015-02-01T01:46:30+08:00 ] 192.168.1.103 /oj/index.php/Contest/Index/Newscount
INFO: [ app_begin ] --START--
INFO: ReadHtmlCache Behavior ::run [ RunTime:0.000245s ]
INFO: [ app_begin ] --END-- [ RunTime:0.000278s ]
NOTIC: [8192] mysql_connect(): The mysql extension is deprecated and will be removed in the future: use mysqli or PDO instead /var/www/html/oj/ThinkPHP/Lib/Driver/Db/DbMysql.class.php 第 55 行.
SQL: select * from news where cid=1 [ RunTime:0.000316s ]

[ 2015-02-01T01:46:31+08:00 ] 192.168.1.103 /oj/index.php/Contest/Index/Newscount
INFO: [ app_begin ] --START--
INFO: ReadHtmlCache Behavior ::run [ RunTime:0.000241s ]
INFO: [ app_begin ] --END-- [ RunTime:0.000275s ]
NOTIC: [8192] mysql_connect(): The mysql extension is deprecated and will be removed in the future: use mysqli or PDO instead /var/www/html/oj/ThinkPHP/Lib/Driver/Db/DbMysql.class.php 第 55 行.
SQL: select * from news where cid=1 [ RunTime:0.000271s ]

[ 2015-02-01T01:46:32+08:00 ] 192.168.1.103 /oj/index.php/Contest/Index/Newscount
INFO: [ app_begin ] --START--
INFO: ReadHtmlCache Behavior ::run [ RunTime:0.000312s ]
INFO: [ app_begin ] --END-- [ RunTime:0.000356s ]
NOTIC: [8192] mysql_connect(): The mysql extension is deprecated and will be removed in the future: use mysqli or PDO instead /var/www/html/oj/ThinkPHP/Lib/Driver/Db/DbMysql.class.php 第 55 行.
SQL: select * from news where cid=1 [ RunTime:0.000561s ]

[ 2015-02-01T01:46:33+08:00 ] 192.168.1.103 /oj/index.php/Contest/Index/Newscount
INFO: [ app_begin ] --START--
INFO: ReadHtmlCache Behavior ::run [ RunTime:0.000340s ]
INFO: [ app_begin ] --END-- [ RunTime:0.000378s ]
NOTIC: [8192] mysql_connect(): The mysql extension is deprecated and will be removed in the future: use mysqli or PDO instead /var/www/html/oj/ThinkPHP/Lib/Driver/Db/DbMysql.class.php 第 55 行.
SQL: select * from news where cid=1 [ RunTime:0.000252s ]

[ 2015-02-01T01:46:34+08:00 ] 192.168.1.103 /oj/index.php/Contest/Index/Newscount
INFO: [ app_begin ] --START--
INFO: ReadHtmlCache Behavior ::run [ RunTime:0.000273s ]
INFO: [ app_begin ] --END-- [ RunTime:0.000312s ]
NOTIC: [8192] mysql_connect(): The mysql extension is deprecated and will be removed in the future: use mysqli or PDO instead /var/www/html/oj/ThinkPHP/Lib/Driver/Db/DbMysql.class.php 第 55 行.
SQL: select * from news where cid=1 [ RunTime:0.000334s ]

[ 2015-02-01T01:46:35+08:00 ] 192.168.1.103 /oj/index.php/Contest/Index/Newscount
INFO: [ app_begin ] --START--
INFO: ReadHtmlCache Behavior ::run [ RunTime:0.000690s ]
INFO: [ app_begin ] --END-- [ RunTime:0.000805s ]
NOTIC: [8192] mysql_connect(): The mysql extension is deprecated and will be removed in the future: use mysqli or PDO instead /var/www/html/oj/ThinkPHP/Lib/Driver/Db/DbMysql.class.php 第 55 行.
SQL: select * from news where cid=1 [ RunTime:0.000294s ]

[ 2015-02-01T01:46:36+08:00 ] 192.168.1.103 /oj/index.php/Contest/Index/Newscount
INFO: [ app_begin ] --START--
INFO: ReadHtmlCache Behavior ::run [ RunTime:0.000396s ]
INFO: [ app_begin ] --END-- [ RunTime:0.000465s ]
NOTIC: [8192] mysql_connect(): The mysql extension is deprecated and will be removed in the future: use mysqli or PDO instead /var/www/html/oj/ThinkPHP/Lib/Driver/Db/DbMysql.class.php 第 55 行.
SQL: select * from news where cid=1 [ RunTime:0.000349s ]

[ 2015-02-01T01:46:38+08:00 ] 192.168.1.103 /oj/index.php/Contest/Index/Newscount
INFO: [ app_begin ] --START--
INFO: ReadHtmlCache Behavior ::run [ RunTime:0.000463s ]
INFO: [ app_begin ] --END-- [ RunTime:0.000531s ]
NOTIC: [8192] mysql_connect(): The mysql extension is deprecated and will be removed in the future: use mysqli or PDO instead /var/www/html/oj/ThinkPHP/Lib/Driver/Db/DbMysql.class.php 第 55 行.
SQL: select * from news where cid=1 [ RunTime:0.000270s ]

[ 2015-02-01T01:46:39+08:00 ] 192.168.1.103 /oj/index.php/Contest/Index/Newscount
INFO: [ app_begin ] --START--
INFO: ReadHtmlCache Behavior ::run [ RunTime:0.000522s ]
INFO: [ app_begin ] --END-- [ RunTime:0.000701s ]
NOTIC: [8192] mysql_connect(): The mysql extension is deprecated and will be removed in the future: use mysqli or PDO instead /var/www/html/oj/ThinkPHP/Lib/Driver/Db/DbMysql.class.php 第 55 行.
SQL: select * from news where cid=1 [ RunTime:0.000279s ]

[ 2015-02-01T01:46:40+08:00 ] 192.168.1.103 /oj/index.php/Contest/Index/Newscount
INFO: [ app_begin ] --START--
INFO: ReadHtmlCache Behavior ::run [ RunTime:0.000541s ]
INFO: [ app_begin ] --END-- [ RunTime:0.000617s ]
NOTIC: [8192] mysql_connect(): The mysql extension is deprecated and will be removed in the future: use mysqli or PDO instead /var/www/html/oj/ThinkPHP/Lib/Driver/Db/DbMysql.class.php 第 55 行.
SQL: select * from news where cid=1 [ RunTime:0.000374s ]

[ 2015-02-01T01:46:41+08:00 ] 192.168.1.103 /oj/index.php/Contest/Index/Newscount
INFO: [ app_begin ] --START--
INFO: ReadHtmlCache Behavior ::run [ RunTime:0.001140s ]
INFO: [ app_begin ] --END-- [ RunTime:0.001331s ]
NOTIC: [8192] mysql_connect(): The mysql extension is deprecated and will be removed in the future: use mysqli or PDO instead /var/www/html/oj/ThinkPHP/Lib/Driver/Db/DbMysql.class.php 第 55 行.
SQL: select * from news where cid=1 [ RunTime:0.000349s ]

