[ 2015-04-10T22:28:45+08:00 ] 192.168.1.104 /oj/index.php/Index/Index/Checkvalue
INFO: [ app_begin ] --START--
INFO: ReadHtmlCache Behavior ::run [ RunTime:0.000517s ]
INFO: [ app_begin ] --END-- [ RunTime:0.000568s ]
NOTIC: [8192] mysql_connect(): The mysql extension is deprecated and will be removed in the future: use mysqli or PDO instead /var/www/html/oj/ThinkPHP/Lib/Driver/Db/DbMysql.class.php 第 55 行.
SQL: SHOW COLUMNS FROM `user` [ RunTime:0.020860s ]
NOTIC: [8192] preg_replace(): The /e modifier is deprecated, use preg_replace_callback instead /var/www/html/oj/ThinkPHP/Lib/Core/Db.class.php 第 604 行.
SQL: SELECT * FROM `user` WHERE ( `username` = '11310320631' ) LIMIT 1   [ RunTime:0.001973s ]

[ 2015-04-10T22:29:13+08:00 ] 192.168.1.104 /oj/index.php/Index/Index/Checkvalue
INFO: [ app_begin ] --START--
INFO: ReadHtmlCache Behavior ::run [ RunTime:0.000684s ]
INFO: [ app_begin ] --END-- [ RunTime:0.000785s ]

[ 2015-04-10T22:29:13+08:00 ] 192.168.1.104 /oj/index.php/Index/Index/Checkvalue
INFO: [ app_begin ] --START--
INFO: ReadHtmlCache Behavior ::run [ RunTime:0.000450s ]
INFO: [ app_begin ] --END-- [ RunTime:0.000598s ]
NOTIC: [8192] mysql_connect(): The mysql extension is deprecated and will be removed in the future: use mysqli or PDO instead /var/www/html/oj/ThinkPHP/Lib/Driver/Db/DbMysql.class.php 第 55 行.
SQL: SHOW COLUMNS FROM `user` [ RunTime:0.001559s ]
NOTIC: [8192] preg_replace(): The /e modifier is deprecated, use preg_replace_callback instead /var/www/html/oj/ThinkPHP/Lib/Core/Db.class.php 第 604 行.
SQL: SELECT * FROM `user` WHERE ( `username` = '11310320631' ) LIMIT 1   [ RunTime:0.002509s ]

[ 2015-04-10T22:29:13+08:00 ] 192.168.1.104 /oj/index.php/Index/Index/Checkvalue
INFO: [ app_begin ] --START--
INFO: ReadHtmlCache Behavior ::run [ RunTime:0.000470s ]
INFO: [ app_begin ] --END-- [ RunTime:0.000552s ]

[ 2015-04-10T22:29:29+08:00 ] 192.168.1.104 /oj/index.php/Index/Index/Checkvalue
INFO: [ app_begin ] --START--
INFO: ReadHtmlCache Behavior ::run [ RunTime:0.000694s ]
INFO: [ app_begin ] --END-- [ RunTime:0.005537s ]

[ 2015-04-10T22:29:29+08:00 ] 192.168.1.104 /oj/index.php/Index/Index/Checkvalue
INFO: [ app_begin ] --START--
INFO: ReadHtmlCache Behavior ::run [ RunTime:0.000792s ]
INFO: [ app_begin ] --END-- [ RunTime:0.000944s ]
NOTIC: [8192] mysql_connect(): The mysql extension is deprecated and will be removed in the future: use mysqli or PDO instead /var/www/html/oj/ThinkPHP/Lib/Driver/Db/DbMysql.class.php 第 55 行.
SQL: SHOW COLUMNS FROM `user` [ RunTime:0.000689s ]
NOTIC: [8192] preg_replace(): The /e modifier is deprecated, use preg_replace_callback instead /var/www/html/oj/ThinkPHP/Lib/Core/Db.class.php 第 604 行.
SQL: SELECT * FROM `user` WHERE ( `username` = '11310320631' ) LIMIT 1   [ RunTime:0.001231s ]

[ 2015-04-10T22:29:29+08:00 ] 192.168.1.104 /oj/index.php/Index/Index/Checkvalue
INFO: [ app_begin ] --START--
INFO: ReadHtmlCache Behavior ::run [ RunTime:0.000397s ]
INFO: [ app_begin ] --END-- [ RunTime:0.000462s ]

[ 2015-04-10T22:29:32+08:00 ] 192.168.1.104 /oj/index.php/Index/Index/Checkvalue
INFO: [ app_begin ] --START--
INFO: ReadHtmlCache Behavior ::run [ RunTime:0.000372s ]
INFO: [ app_begin ] --END-- [ RunTime:0.000424s ]
NOTIC: [8192] mysql_connect(): The mysql extension is deprecated and will be removed in the future: use mysqli or PDO instead /var/www/html/oj/ThinkPHP/Lib/Driver/Db/DbMysql.class.php 第 55 行.
SQL: SHOW COLUMNS FROM `user` [ RunTime:0.008731s ]
NOTIC: [8192] preg_replace(): The /e modifier is deprecated, use preg_replace_callback instead /var/www/html/oj/ThinkPHP/Lib/Core/Db.class.php 第 604 行.
SQL: SELECT * FROM `user` WHERE ( `username` = '11310320631' ) LIMIT 1   [ RunTime:0.000611s ]

[ 2015-04-10T22:29:32+08:00 ] 192.168.1.104 /oj/index.php/Index/Index/Checkvalue
INFO: [ app_begin ] --START--
INFO: ReadHtmlCache Behavior ::run [ RunTime:0.000337s ]
INFO: [ app_begin ] --END-- [ RunTime:0.000399s ]

[ 2015-04-10T22:29:33+08:00 ] 192.168.1.104 /oj/index.php/Index/Index/Checkvalue
INFO: [ app_begin ] --START--
INFO: ReadHtmlCache Behavior ::run [ RunTime:0.003581s ]
INFO: [ app_begin ] --END-- [ RunTime:0.003674s ]
NOTIC: [8192] mysql_connect(): The mysql extension is deprecated and will be removed in the future: use mysqli or PDO instead /var/www/html/oj/ThinkPHP/Lib/Driver/Db/DbMysql.class.php 第 55 行.
SQL: SHOW COLUMNS FROM `user` [ RunTime:0.001277s ]
NOTIC: [8192] preg_replace(): The /e modifier is deprecated, use preg_replace_callback instead /var/www/html/oj/ThinkPHP/Lib/Core/Db.class.php 第 604 行.
SQL: SELECT * FROM `user` WHERE ( `username` = '11310320631' ) LIMIT 1   [ RunTime:0.000886s ]

[ 2015-04-10T22:29:33+08:00 ] 192.168.1.104 /oj/index.php/Index/Index/Checkvalue
INFO: [ app_begin ] --START--
INFO: ReadHtmlCache Behavior ::run [ RunTime:0.000573s ]
INFO: [ app_begin ] --END-- [ RunTime:0.001002s ]

