[ 2015-01-14T19:28:45+08:00 ] 0.0.0.0 /OJ1/index.php/Index/Index/Checkvalue
INFO: [ app_begin ] --START--
INFO: ReadHtmlCache Behavior ::run [ RunTime:0.000419s ]
INFO: [ app_begin ] --END-- [ RunTime:0.000464s ]
NOTIC: [8192] mysql_connect(): The mysql extension is deprecated and will be removed in the future: use mysqli or PDO instead G:\WWW\OJ1\ThinkPHP\Lib\Driver\Db\DbMysql.class.php 第 55 行.
SQL: SHOW COLUMNS FROM `user` [ RunTime:0.002948s ]
NOTIC: [8192] preg_replace(): The /e modifier is deprecated, use preg_replace_callback instead G:\WWW\OJ1\ThinkPHP\Lib\Core\Db.class.php 第 604 行.
SQL: SELECT * FROM `user` WHERE ( `username` = 'xxx' ) LIMIT 1   [ RunTime:0.000324s ]

[ 2015-01-14T19:29:05+08:00 ] 0.0.0.0 /OJ1/index.php/Index/Index/Checkvalue
INFO: [ app_begin ] --START--
INFO: ReadHtmlCache Behavior ::run [ RunTime:0.000418s ]
INFO: [ app_begin ] --END-- [ RunTime:0.000467s ]

[ 2015-01-14T19:29:05+08:00 ] 0.0.0.0 /OJ1/index.php/Index/Index/Register
INFO: [ app_begin ] --START--
INFO: ReadHtmlCache Behavior ::run [ RunTime:0.000381s ]
INFO: [ app_begin ] --END-- [ RunTime:0.000427s ]
NOTIC: [8192] mysql_connect(): The mysql extension is deprecated and will be removed in the future: use mysqli or PDO instead G:\WWW\OJ1\ThinkPHP\Lib\Driver\Db\DbMysql.class.php 第 55 行.
SQL: SHOW COLUMNS FROM `user` [ RunTime:0.002984s ]
SQL: INSERT INTO `user` (`username`,`password`,`email`) VALUES ('xxx','4297f44b13955235245b2497399d7a93','123@qq.com') [ RunTime:0.068746s ]

[ 2015-01-14T19:29:05+08:00 ] 0.0.0.0 /OJ1/index.php/Index/Index/Checkvalue
INFO: [ app_begin ] --START--
INFO: ReadHtmlCache Behavior ::run [ RunTime:0.000663s ]
INFO: [ app_begin ] --END-- [ RunTime:0.000762s ]
NOTIC: [8192] mysql_connect(): The mysql extension is deprecated and will be removed in the future: use mysqli or PDO instead G:\WWW\OJ1\ThinkPHP\Lib\Driver\Db\DbMysql.class.php 第 55 行.
SQL: SHOW COLUMNS FROM `user` [ RunTime:0.004304s ]
NOTIC: [8192] preg_replace(): The /e modifier is deprecated, use preg_replace_callback instead G:\WWW\OJ1\ThinkPHP\Lib\Core\Db.class.php 第 604 行.
SQL: SELECT * FROM `user` WHERE ( `username` = 'xxx' ) LIMIT 1   [ RunTime:0.000584s ]

[ 2015-01-14T19:29:05+08:00 ] 0.0.0.0 /OJ1/index.php/Index/Index/Checkvalue
INFO: [ app_begin ] --START--
INFO: ReadHtmlCache Behavior ::run [ RunTime:0.000715s ]
INFO: [ app_begin ] --END-- [ RunTime:0.000817s ]

[ 2015-01-14T19:32:02+08:00 ] 0.0.0.0 /OJ1/index.php/Index/Index/Checkvalue
INFO: [ app_begin ] --START--
INFO: ReadHtmlCache Behavior ::run [ RunTime:0.000380s ]
INFO: [ app_begin ] --END-- [ RunTime:0.000422s ]

[ 2015-01-14T19:32:07+08:00 ] 0.0.0.0 /OJ1/index.php/Index/Index/Checkvalue
INFO: [ app_begin ] --START--
INFO: ReadHtmlCache Behavior ::run [ RunTime:0.000418s ]
INFO: [ app_begin ] --END-- [ RunTime:0.000461s ]
NOTIC: [8192] mysql_connect(): The mysql extension is deprecated and will be removed in the future: use mysqli or PDO instead G:\WWW\OJ1\ThinkPHP\Lib\Driver\Db\DbMysql.class.php 第 55 行.
SQL: SHOW COLUMNS FROM `user` [ RunTime:0.003029s ]
NOTIC: [8192] preg_replace(): The /e modifier is deprecated, use preg_replace_callback instead G:\WWW\OJ1\ThinkPHP\Lib\Core\Db.class.php 第 604 行.
SQL: SELECT * FROM `user` WHERE ( `username` = 'qwe' ) LIMIT 1   [ RunTime:0.000289s ]

[ 2015-01-14T19:32:21+08:00 ] 0.0.0.0 /OJ1/index.php/Index/Index/Checkvalue
INFO: [ app_begin ] --START--
INFO: ReadHtmlCache Behavior ::run [ RunTime:0.000336s ]
INFO: [ app_begin ] --END-- [ RunTime:0.000382s ]

[ 2015-01-14T19:32:27+08:00 ] 0.0.0.0 /OJ1/index.php/Index/Index/Checkvalue
INFO: [ app_begin ] --START--
INFO: ReadHtmlCache Behavior ::run [ RunTime:0.000358s ]
INFO: [ app_begin ] --END-- [ RunTime:0.000400s ]

[ 2015-01-14T19:32:28+08:00 ] 0.0.0.0 /OJ1/index.php/Index/Index/Register
INFO: [ app_begin ] --START--
INFO: ReadHtmlCache Behavior ::run [ RunTime:0.000491s ]
INFO: [ app_begin ] --END-- [ RunTime:0.000566s ]
NOTIC: [8192] mysql_connect(): The mysql extension is deprecated and will be removed in the future: use mysqli or PDO instead G:\WWW\OJ1\ThinkPHP\Lib\Driver\Db\DbMysql.class.php 第 55 行.
SQL: SHOW COLUMNS FROM `user` [ RunTime:0.003190s ]
SQL: INSERT INTO `user` (`username`,`password`,`email`) VALUES ('qwe','4297f44b13955235245b2497399d7a93','123@qq.com') [ RunTime:0.088093s ]

[ 2015-01-14T19:32:28+08:00 ] 0.0.0.0 /OJ1/index.php/Index/Index/Checkvalue
INFO: [ app_begin ] --START--
INFO: ReadHtmlCache Behavior ::run [ RunTime:0.000425s ]
INFO: [ app_begin ] --END-- [ RunTime:0.000492s ]
NOTIC: [8192] mysql_connect(): The mysql extension is deprecated and will be removed in the future: use mysqli or PDO instead G:\WWW\OJ1\ThinkPHP\Lib\Driver\Db\DbMysql.class.php 第 55 行.
SQL: SHOW COLUMNS FROM `user` [ RunTime:0.004113s ]
NOTIC: [8192] preg_replace(): The /e modifier is deprecated, use preg_replace_callback instead G:\WWW\OJ1\ThinkPHP\Lib\Core\Db.class.php 第 604 行.
SQL: SELECT * FROM `user` WHERE ( `username` = 'qwe' ) LIMIT 1   [ RunTime:0.000553s ]

[ 2015-01-14T19:32:28+08:00 ] 0.0.0.0 /OJ1/index.php/Index/Index/Checkvalue
INFO: [ app_begin ] --START--
INFO: ReadHtmlCache Behavior ::run [ RunTime:0.000462s ]
INFO: [ app_begin ] --END-- [ RunTime:0.000518s ]

[ 2015-01-14T19:57:47+08:00 ] 0.0.0.0 /OJ1/index.php/User?user=
ERR: 无法加载模块:User

[ 2015-01-14T20:00:51+08:00 ] 0.0.0.0 /OJ1/index.php/Index/Index/Checkvalue
INFO: [ app_begin ] --START--
INFO: ReadHtmlCache Behavior ::run [ RunTime:0.000337s ]
INFO: [ app_begin ] --END-- [ RunTime:0.000376s ]

[ 2015-01-14T20:00:59+08:00 ] 0.0.0.0 /OJ1/index.php/Index/Index/Login
INFO: [ app_begin ] --START--
INFO: ReadHtmlCache Behavior ::run [ RunTime:0.000353s ]
INFO: [ app_begin ] --END-- [ RunTime:0.000394s ]
NOTIC: [8192] mysql_connect(): The mysql extension is deprecated and will be removed in the future: use mysqli or PDO instead G:\WWW\OJ1\ThinkPHP\Lib\Driver\Db\DbMysql.class.php 第 55 行.
SQL: SHOW COLUMNS FROM `user` [ RunTime:0.003093s ]
NOTIC: [8192] preg_replace(): The /e modifier is deprecated, use preg_replace_callback instead G:\WWW\OJ1\ThinkPHP\Lib\Core\Db.class.php 第 604 行.
SQL: SELECT * FROM `user` WHERE ( `username` = 'qwe' ) LIMIT 1   [ RunTime:0.000285s ]

[ 2015-01-14T20:02:43+08:00 ] 0.0.0.0 /OJ1/index.php/Index/Index/Checkvalue
INFO: [ app_begin ] --START--
INFO: ReadHtmlCache Behavior ::run [ RunTime:0.000393s ]
INFO: [ app_begin ] --END-- [ RunTime:0.000432s ]

[ 2015-01-14T20:02:49+08:00 ] 0.0.0.0 /OJ1/index.php/Index/Index/Checkvalue
INFO: [ app_begin ] --START--
INFO: ReadHtmlCache Behavior ::run [ RunTime:0.000428s ]
INFO: [ app_begin ] --END-- [ RunTime:0.000471s ]
NOTIC: [8192] mysql_connect(): The mysql extension is deprecated and will be removed in the future: use mysqli or PDO instead G:\WWW\OJ1\ThinkPHP\Lib\Driver\Db\DbMysql.class.php 第 55 行.
SQL: SHOW COLUMNS FROM `user` [ RunTime:0.003247s ]
NOTIC: [8192] preg_replace(): The /e modifier is deprecated, use preg_replace_callback instead G:\WWW\OJ1\ThinkPHP\Lib\Core\Db.class.php 第 604 行.
SQL: SELECT * FROM `user` WHERE ( `username` = '123123' ) LIMIT 1   [ RunTime:0.000701s ]

[ 2015-01-14T20:03:09+08:00 ] 0.0.0.0 /OJ1/index.php/Index/Index/Checkvalue
INFO: [ app_begin ] --START--
INFO: ReadHtmlCache Behavior ::run [ RunTime:0.000441s ]
INFO: [ app_begin ] --END-- [ RunTime:0.000503s ]

[ 2015-01-14T20:03:10+08:00 ] 0.0.0.0 /OJ1/index.php/Index/Index/Register
INFO: [ app_begin ] --START--
INFO: ReadHtmlCache Behavior ::run [ RunTime:0.000548s ]
INFO: [ app_begin ] --END-- [ RunTime:0.000626s ]
NOTIC: [8192] mysql_connect(): The mysql extension is deprecated and will be removed in the future: use mysqli or PDO instead G:\WWW\OJ1\ThinkPHP\Lib\Driver\Db\DbMysql.class.php 第 55 行.
SQL: SHOW COLUMNS FROM `user` [ RunTime:0.003215s ]
SQL: INSERT INTO `user` (`username`,`name`,`password`,`email`) VALUES ('123123','123123','4297f44b13955235245b2497399d7a93','123@qq.com') [ RunTime:0.150196s ]

[ 2015-01-14T20:03:10+08:00 ] 0.0.0.0 /OJ1/index.php/Index/Index/Checkvalue
INFO: [ app_begin ] --START--
INFO: ReadHtmlCache Behavior ::run [ RunTime:0.000429s ]
INFO: [ app_begin ] --END-- [ RunTime:0.000479s ]
NOTIC: [8192] mysql_connect(): The mysql extension is deprecated and will be removed in the future: use mysqli or PDO instead G:\WWW\OJ1\ThinkPHP\Lib\Driver\Db\DbMysql.class.php 第 55 行.
SQL: SHOW COLUMNS FROM `user` [ RunTime:0.002978s ]
NOTIC: [8192] preg_replace(): The /e modifier is deprecated, use preg_replace_callback instead G:\WWW\OJ1\ThinkPHP\Lib\Core\Db.class.php 第 604 行.
SQL: SELECT * FROM `user` WHERE ( `username` = '123123' ) LIMIT 1   [ RunTime:0.000291s ]

[ 2015-01-14T20:03:10+08:00 ] 0.0.0.0 /OJ1/index.php/Index/Index/Checkvalue
INFO: [ app_begin ] --START--
INFO: ReadHtmlCache Behavior ::run [ RunTime:0.000416s ]
INFO: [ app_begin ] --END-- [ RunTime:0.000475s ]

[ 2015-01-14T20:03:10+08:00 ] 0.0.0.0 /OJ1/index.php/Index/Index/Register
INFO: [ app_begin ] --START--
INFO: ReadHtmlCache Behavior ::run [ RunTime:0.000425s ]
INFO: [ app_begin ] --END-- [ RunTime:0.000478s ]
NOTIC: [8192] mysql_connect(): The mysql extension is deprecated and will be removed in the future: use mysqli or PDO instead G:\WWW\OJ1\ThinkPHP\Lib\Driver\Db\DbMysql.class.php 第 55 行.
SQL: SHOW COLUMNS FROM `user` [ RunTime:0.003430s ]
SQL: INSERT INTO `user` (`username`,`name`,`password`,`email`) VALUES ('123123','123123','4297f44b13955235245b2497399d7a93','123@qq.com') [ RunTime:0.044201s ]

[ 2015-01-14T20:03:10+08:00 ] 0.0.0.0 /OJ1/index.php/Index/Index/Checkvalue
INFO: [ app_begin ] --START--
INFO: ReadHtmlCache Behavior ::run [ RunTime:0.000409s ]
INFO: [ app_begin ] --END-- [ RunTime:0.000457s ]
NOTIC: [8192] mysql_connect(): The mysql extension is deprecated and will be removed in the future: use mysqli or PDO instead G:\WWW\OJ1\ThinkPHP\Lib\Driver\Db\DbMysql.class.php 第 55 行.
SQL: SHOW COLUMNS FROM `user` [ RunTime:0.002864s ]
NOTIC: [8192] preg_replace(): The /e modifier is deprecated, use preg_replace_callback instead G:\WWW\OJ1\ThinkPHP\Lib\Core\Db.class.php 第 604 行.
SQL: SELECT * FROM `user` WHERE ( `username` = '123123' ) LIMIT 1   [ RunTime:0.000306s ]

[ 2015-01-14T20:03:10+08:00 ] 0.0.0.0 /OJ1/index.php/Index/Index/Checkvalue
INFO: [ app_begin ] --START--
INFO: ReadHtmlCache Behavior ::run [ RunTime:0.000427s ]
INFO: [ app_begin ] --END-- [ RunTime:0.000478s ]

[ 2015-01-14T20:03:14+08:00 ] 0.0.0.0 /OJ1/index.php/Index/Index/Checkvalue
INFO: [ app_begin ] --START--
INFO: ReadHtmlCache Behavior ::run [ RunTime:0.000458s ]
INFO: [ app_begin ] --END-- [ RunTime:0.000524s ]
NOTIC: [8192] mysql_connect(): The mysql extension is deprecated and will be removed in the future: use mysqli or PDO instead G:\WWW\OJ1\ThinkPHP\Lib\Driver\Db\DbMysql.class.php 第 55 行.
SQL: SHOW COLUMNS FROM `user` [ RunTime:0.003101s ]
NOTIC: [8192] preg_replace(): The /e modifier is deprecated, use preg_replace_callback instead G:\WWW\OJ1\ThinkPHP\Lib\Core\Db.class.php 第 604 行.
SQL: SELECT * FROM `user` WHERE ( `username` = 'xczcz' ) LIMIT 1   [ RunTime:0.000293s ]

[ 2015-01-14T20:03:15+08:00 ] 0.0.0.0 /OJ1/index.php/Index/Index/Register
INFO: [ app_begin ] --START--
INFO: ReadHtmlCache Behavior ::run [ RunTime:0.000472s ]
INFO: [ app_begin ] --END-- [ RunTime:0.000541s ]
NOTIC: [8192] mysql_connect(): The mysql extension is deprecated and will be removed in the future: use mysqli or PDO instead G:\WWW\OJ1\ThinkPHP\Lib\Driver\Db\DbMysql.class.php 第 55 行.
SQL: SHOW COLUMNS FROM `user` [ RunTime:0.004370s ]
SQL: INSERT INTO `user` (`username`,`name`,`password`,`email`) VALUES ('xczcz','xczcz','4297f44b13955235245b2497399d7a93','123@qq.com') [ RunTime:0.112354s ]

[ 2015-01-14T20:03:15+08:00 ] 0.0.0.0 /OJ1/index.php/Index/Index/Checkvalue
INFO: [ app_begin ] --START--
INFO: ReadHtmlCache Behavior ::run [ RunTime:0.000432s ]
INFO: [ app_begin ] --END-- [ RunTime:0.000491s ]
NOTIC: [8192] mysql_connect(): The mysql extension is deprecated and will be removed in the future: use mysqli or PDO instead G:\WWW\OJ1\ThinkPHP\Lib\Driver\Db\DbMysql.class.php 第 55 行.
SQL: SHOW COLUMNS FROM `user` [ RunTime:0.002961s ]
NOTIC: [8192] preg_replace(): The /e modifier is deprecated, use preg_replace_callback instead G:\WWW\OJ1\ThinkPHP\Lib\Core\Db.class.php 第 604 行.
SQL: SELECT * FROM `user` WHERE ( `username` = 'xczcz' ) LIMIT 1   [ RunTime:0.000344s ]

[ 2015-01-14T20:03:15+08:00 ] 0.0.0.0 /OJ1/index.php/Index/Index/Checkvalue
INFO: [ app_begin ] --START--
INFO: ReadHtmlCache Behavior ::run [ RunTime:0.000387s ]
INFO: [ app_begin ] --END-- [ RunTime:0.000438s ]

[ 2015-01-14T20:03:18+08:00 ] 0.0.0.0 /OJ1/index.php/Index/Index/Checkvalue
INFO: [ app_begin ] --START--
INFO: ReadHtmlCache Behavior ::run [ RunTime:0.000522s ]
INFO: [ app_begin ] --END-- [ RunTime:0.000608s ]
NOTIC: [8192] mysql_connect(): The mysql extension is deprecated and will be removed in the future: use mysqli or PDO instead G:\WWW\OJ1\ThinkPHP\Lib\Driver\Db\DbMysql.class.php 第 55 行.
SQL: SHOW COLUMNS FROM `user` [ RunTime:0.003006s ]
NOTIC: [8192] preg_replace(): The /e modifier is deprecated, use preg_replace_callback instead G:\WWW\OJ1\ThinkPHP\Lib\Core\Db.class.php 第 604 行.
SQL: SELECT * FROM `user` WHERE ( `username` = 'xczczcc' ) LIMIT 1   [ RunTime:0.000328s ]

[ 2015-01-14T20:03:18+08:00 ] 0.0.0.0 /OJ1/index.php/Index/Index/Register
INFO: [ app_begin ] --START--
INFO: ReadHtmlCache Behavior ::run [ RunTime:0.000347s ]
INFO: [ app_begin ] --END-- [ RunTime:0.000397s ]
NOTIC: [8192] mysql_connect(): The mysql extension is deprecated and will be removed in the future: use mysqli or PDO instead G:\WWW\OJ1\ThinkPHP\Lib\Driver\Db\DbMysql.class.php 第 55 行.
SQL: SHOW COLUMNS FROM `user` [ RunTime:0.002874s ]
SQL: INSERT INTO `user` (`username`,`name`,`password`,`email`) VALUES ('xczczcc','xczczcc','4297f44b13955235245b2497399d7a93','123@qq.com') [ RunTime:0.051168s ]

[ 2015-01-14T20:03:18+08:00 ] 0.0.0.0 /OJ1/index.php/Index/Index/Checkvalue
INFO: [ app_begin ] --START--
INFO: ReadHtmlCache Behavior ::run [ RunTime:0.000351s ]
INFO: [ app_begin ] --END-- [ RunTime:0.000409s ]
NOTIC: [8192] mysql_connect(): The mysql extension is deprecated and will be removed in the future: use mysqli or PDO instead G:\WWW\OJ1\ThinkPHP\Lib\Driver\Db\DbMysql.class.php 第 55 行.
SQL: SHOW COLUMNS FROM `user` [ RunTime:0.003013s ]
NOTIC: [8192] preg_replace(): The /e modifier is deprecated, use preg_replace_callback instead G:\WWW\OJ1\ThinkPHP\Lib\Core\Db.class.php 第 604 行.
SQL: SELECT * FROM `user` WHERE ( `username` = 'xczczcc' ) LIMIT 1   [ RunTime:0.000327s ]

[ 2015-01-14T20:03:18+08:00 ] 0.0.0.0 /OJ1/index.php/Index/Index/Checkvalue
INFO: [ app_begin ] --START--
INFO: ReadHtmlCache Behavior ::run [ RunTime:0.000363s ]
INFO: [ app_begin ] --END-- [ RunTime:0.000410s ]

[ 2015-01-14T20:03:19+08:00 ] 0.0.0.0 /OJ1/index.php/Index/Index/Checkvalue
INFO: [ app_begin ] --START--
INFO: ReadHtmlCache Behavior ::run [ RunTime:0.000346s ]
INFO: [ app_begin ] --END-- [ RunTime:0.000389s ]
NOTIC: [8192] mysql_connect(): The mysql extension is deprecated and will be removed in the future: use mysqli or PDO instead G:\WWW\OJ1\ThinkPHP\Lib\Driver\Db\DbMysql.class.php 第 55 行.
SQL: SHOW COLUMNS FROM `user` [ RunTime:0.002883s ]
NOTIC: [8192] preg_replace(): The /e modifier is deprecated, use preg_replace_callback instead G:\WWW\OJ1\ThinkPHP\Lib\Core\Db.class.php 第 604 行.
SQL: SELECT * FROM `user` WHERE ( `username` = 'xczczcc' ) LIMIT 1   [ RunTime:0.000348s ]

[ 2015-01-14T20:03:19+08:00 ] 0.0.0.0 /OJ1/index.php/Index/Index/Checkvalue
INFO: [ app_begin ] --START--
INFO: ReadHtmlCache Behavior ::run [ RunTime:0.000443s ]
INFO: [ app_begin ] --END-- [ RunTime:0.000494s ]

[ 2015-01-14T20:03:20+08:00 ] 0.0.0.0 /OJ1/index.php/Index/Index/Checkvalue
INFO: [ app_begin ] --START--
INFO: ReadHtmlCache Behavior ::run [ RunTime:0.000379s ]
INFO: [ app_begin ] --END-- [ RunTime:0.000422s ]
NOTIC: [8192] mysql_connect(): The mysql extension is deprecated and will be removed in the future: use mysqli or PDO instead G:\WWW\OJ1\ThinkPHP\Lib\Driver\Db\DbMysql.class.php 第 55 行.
SQL: SHOW COLUMNS FROM `user` [ RunTime:0.003350s ]
NOTIC: [8192] preg_replace(): The /e modifier is deprecated, use preg_replace_callback instead G:\WWW\OJ1\ThinkPHP\Lib\Core\Db.class.php 第 604 行.
SQL: SELECT * FROM `user` WHERE ( `username` = 'xczczcc' ) LIMIT 1   [ RunTime:0.000371s ]

[ 2015-01-14T20:03:20+08:00 ] 0.0.0.0 /OJ1/index.php/Index/Index/Checkvalue
INFO: [ app_begin ] --START--
INFO: ReadHtmlCache Behavior ::run [ RunTime:0.000381s ]
INFO: [ app_begin ] --END-- [ RunTime:0.000426s ]

[ 2015-01-14T20:03:20+08:00 ] 0.0.0.0 /OJ1/index.php/Index/Index/Checkvalue
INFO: [ app_begin ] --START--
INFO: ReadHtmlCache Behavior ::run [ RunTime:0.000349s ]
INFO: [ app_begin ] --END-- [ RunTime:0.000390s ]
NOTIC: [8192] mysql_connect(): The mysql extension is deprecated and will be removed in the future: use mysqli or PDO instead G:\WWW\OJ1\ThinkPHP\Lib\Driver\Db\DbMysql.class.php 第 55 行.
SQL: SHOW COLUMNS FROM `user` [ RunTime:0.002805s ]
NOTIC: [8192] preg_replace(): The /e modifier is deprecated, use preg_replace_callback instead G:\WWW\OJ1\ThinkPHP\Lib\Core\Db.class.php 第 604 行.
SQL: SELECT * FROM `user` WHERE ( `username` = 'xczczcc' ) LIMIT 1   [ RunTime:0.000308s ]

[ 2015-01-14T20:03:20+08:00 ] 0.0.0.0 /OJ1/index.php/Index/Index/Checkvalue
INFO: [ app_begin ] --START--
INFO: ReadHtmlCache Behavior ::run [ RunTime:0.000347s ]
INFO: [ app_begin ] --END-- [ RunTime:0.000395s ]

[ 2015-01-14T20:03:20+08:00 ] 0.0.0.0 /OJ1/index.php/Index/Index/Checkvalue
INFO: [ app_begin ] --START--
INFO: ReadHtmlCache Behavior ::run [ RunTime:0.000370s ]
INFO: [ app_begin ] --END-- [ RunTime:0.000418s ]
NOTIC: [8192] mysql_connect(): The mysql extension is deprecated and will be removed in the future: use mysqli or PDO instead G:\WWW\OJ1\ThinkPHP\Lib\Driver\Db\DbMysql.class.php 第 55 行.
SQL: SHOW COLUMNS FROM `user` [ RunTime:0.002803s ]
NOTIC: [8192] preg_replace(): The /e modifier is deprecated, use preg_replace_callback instead G:\WWW\OJ1\ThinkPHP\Lib\Core\Db.class.php 第 604 行.
SQL: SELECT * FROM `user` WHERE ( `username` = 'xczczcc' ) LIMIT 1   [ RunTime:0.000331s ]

[ 2015-01-14T20:03:20+08:00 ] 0.0.0.0 /OJ1/index.php/Index/Index/Checkvalue
INFO: [ app_begin ] --START--
INFO: ReadHtmlCache Behavior ::run [ RunTime:0.000367s ]
INFO: [ app_begin ] --END-- [ RunTime:0.000412s ]

[ 2015-01-14T20:03:20+08:00 ] 0.0.0.0 /OJ1/index.php/Index/Index/Checkvalue
INFO: [ app_begin ] --START--
INFO: ReadHtmlCache Behavior ::run [ RunTime:0.000435s ]
INFO: [ app_begin ] --END-- [ RunTime:0.000479s ]
NOTIC: [8192] mysql_connect(): The mysql extension is deprecated and will be removed in the future: use mysqli or PDO instead G:\WWW\OJ1\ThinkPHP\Lib\Driver\Db\DbMysql.class.php 第 55 行.
SQL: SHOW COLUMNS FROM `user` [ RunTime:0.002955s ]
NOTIC: [8192] preg_replace(): The /e modifier is deprecated, use preg_replace_callback instead G:\WWW\OJ1\ThinkPHP\Lib\Core\Db.class.php 第 604 行.
SQL: SELECT * FROM `user` WHERE ( `username` = 'xczczcc' ) LIMIT 1   [ RunTime:0.000334s ]

[ 2015-01-14T20:03:20+08:00 ] 0.0.0.0 /OJ1/index.php/Index/Index/Checkvalue
INFO: [ app_begin ] --START--
INFO: ReadHtmlCache Behavior ::run [ RunTime:0.000343s ]
INFO: [ app_begin ] --END-- [ RunTime:0.000388s ]

[ 2015-01-14T20:03:20+08:00 ] 0.0.0.0 /OJ1/index.php/Index/Index/Checkvalue
INFO: [ app_begin ] --START--
INFO: ReadHtmlCache Behavior ::run [ RunTime:0.000345s ]
INFO: [ app_begin ] --END-- [ RunTime:0.000386s ]
NOTIC: [8192] mysql_connect(): The mysql extension is deprecated and will be removed in the future: use mysqli or PDO instead G:\WWW\OJ1\ThinkPHP\Lib\Driver\Db\DbMysql.class.php 第 55 行.
SQL: SHOW COLUMNS FROM `user` [ RunTime:0.002801s ]
NOTIC: [8192] preg_replace(): The /e modifier is deprecated, use preg_replace_callback instead G:\WWW\OJ1\ThinkPHP\Lib\Core\Db.class.php 第 604 行.
SQL: SELECT * FROM `user` WHERE ( `username` = 'xczczcc' ) LIMIT 1   [ RunTime:0.000310s ]

[ 2015-01-14T20:03:20+08:00 ] 0.0.0.0 /OJ1/index.php/Index/Index/Checkvalue
INFO: [ app_begin ] --START--
INFO: ReadHtmlCache Behavior ::run [ RunTime:0.000356s ]
INFO: [ app_begin ] --END-- [ RunTime:0.000404s ]

[ 2015-01-14T20:03:20+08:00 ] 0.0.0.0 /OJ1/index.php/Index/Index/Checkvalue
INFO: [ app_begin ] --START--
INFO: ReadHtmlCache Behavior ::run [ RunTime:0.000437s ]
INFO: [ app_begin ] --END-- [ RunTime:0.000484s ]
NOTIC: [8192] mysql_connect(): The mysql extension is deprecated and will be removed in the future: use mysqli or PDO instead G:\WWW\OJ1\ThinkPHP\Lib\Driver\Db\DbMysql.class.php 第 55 行.
SQL: SHOW COLUMNS FROM `user` [ RunTime:0.003011s ]
NOTIC: [8192] preg_replace(): The /e modifier is deprecated, use preg_replace_callback instead G:\WWW\OJ1\ThinkPHP\Lib\Core\Db.class.php 第 604 行.
SQL: SELECT * FROM `user` WHERE ( `username` = 'xczczcc' ) LIMIT 1   [ RunTime:0.000329s ]

[ 2015-01-14T20:03:20+08:00 ] 0.0.0.0 /OJ1/index.php/Index/Index/Checkvalue
INFO: [ app_begin ] --START--
INFO: ReadHtmlCache Behavior ::run [ RunTime:0.000347s ]
INFO: [ app_begin ] --END-- [ RunTime:0.000397s ]

[ 2015-01-14T20:03:21+08:00 ] 0.0.0.0 /OJ1/index.php/Index/Index/Checkvalue
INFO: [ app_begin ] --START--
INFO: ReadHtmlCache Behavior ::run [ RunTime:0.000351s ]
INFO: [ app_begin ] --END-- [ RunTime:0.000390s ]
NOTIC: [8192] mysql_connect(): The mysql extension is deprecated and will be removed in the future: use mysqli or PDO instead G:\WWW\OJ1\ThinkPHP\Lib\Driver\Db\DbMysql.class.php 第 55 行.
SQL: SHOW COLUMNS FROM `user` [ RunTime:0.002881s ]
NOTIC: [8192] preg_replace(): The /e modifier is deprecated, use preg_replace_callback instead G:\WWW\OJ1\ThinkPHP\Lib\Core\Db.class.php 第 604 行.
SQL: SELECT * FROM `user` WHERE ( `username` = 'xczczcc' ) LIMIT 1   [ RunTime:0.000341s ]

[ 2015-01-14T20:03:21+08:00 ] 0.0.0.0 /OJ1/index.php/Index/Index/Checkvalue
INFO: [ app_begin ] --START--
INFO: ReadHtmlCache Behavior ::run [ RunTime:0.000396s ]
INFO: [ app_begin ] --END-- [ RunTime:0.000446s ]

[ 2015-01-14T20:03:21+08:00 ] 0.0.0.0 /OJ1/index.php/Index/Index/Checkvalue
INFO: [ app_begin ] --START--
INFO: ReadHtmlCache Behavior ::run [ RunTime:0.000364s ]
INFO: [ app_begin ] --END-- [ RunTime:0.000403s ]
NOTIC: [8192] mysql_connect(): The mysql extension is deprecated and will be removed in the future: use mysqli or PDO instead G:\WWW\OJ1\ThinkPHP\Lib\Driver\Db\DbMysql.class.php 第 55 行.
SQL: SHOW COLUMNS FROM `user` [ RunTime:0.002822s ]
NOTIC: [8192] preg_replace(): The /e modifier is deprecated, use preg_replace_callback instead G:\WWW\OJ1\ThinkPHP\Lib\Core\Db.class.php 第 604 行.
SQL: SELECT * FROM `user` WHERE ( `username` = 'xczczcc' ) LIMIT 1   [ RunTime:0.000334s ]

[ 2015-01-14T20:03:21+08:00 ] 0.0.0.0 /OJ1/index.php/Index/Index/Checkvalue
INFO: [ app_begin ] --START--
INFO: ReadHtmlCache Behavior ::run [ RunTime:0.000430s ]
INFO: [ app_begin ] --END-- [ RunTime:0.000482s ]

[ 2015-01-14T20:03:22+08:00 ] 0.0.0.0 /OJ1/index.php/Index/Index/Checkvalue
INFO: [ app_begin ] --START--
INFO: ReadHtmlCache Behavior ::run [ RunTime:0.000392s ]
INFO: [ app_begin ] --END-- [ RunTime:0.000436s ]
NOTIC: [8192] mysql_connect(): The mysql extension is deprecated and will be removed in the future: use mysqli or PDO instead G:\WWW\OJ1\ThinkPHP\Lib\Driver\Db\DbMysql.class.php 第 55 行.
SQL: SHOW COLUMNS FROM `user` [ RunTime:0.002824s ]
NOTIC: [8192] preg_replace(): The /e modifier is deprecated, use preg_replace_callback instead G:\WWW\OJ1\ThinkPHP\Lib\Core\Db.class.php 第 604 行.
SQL: SELECT * FROM `user` WHERE ( `username` = 'xczczcc' ) LIMIT 1   [ RunTime:0.000307s ]

[ 2015-01-14T20:03:22+08:00 ] 0.0.0.0 /OJ1/index.php/Index/Index/Checkvalue
INFO: [ app_begin ] --START--
INFO: ReadHtmlCache Behavior ::run [ RunTime:0.000345s ]
INFO: [ app_begin ] --END-- [ RunTime:0.000391s ]

[ 2015-01-14T20:03:22+08:00 ] 0.0.0.0 /OJ1/index.php/Index/Index/Checkvalue
INFO: [ app_begin ] --START--
INFO: ReadHtmlCache Behavior ::run [ RunTime:0.000375s ]
INFO: [ app_begin ] --END-- [ RunTime:0.000418s ]
NOTIC: [8192] mysql_connect(): The mysql extension is deprecated and will be removed in the future: use mysqli or PDO instead G:\WWW\OJ1\ThinkPHP\Lib\Driver\Db\DbMysql.class.php 第 55 行.
SQL: SHOW COLUMNS FROM `user` [ RunTime:0.002944s ]
NOTIC: [8192] preg_replace(): The /e modifier is deprecated, use preg_replace_callback instead G:\WWW\OJ1\ThinkPHP\Lib\Core\Db.class.php 第 604 行.
SQL: SELECT * FROM `user` WHERE ( `username` = 'xczczcc' ) LIMIT 1   [ RunTime:0.000312s ]

[ 2015-01-14T20:03:22+08:00 ] 0.0.0.0 /OJ1/index.php/Index/Index/Checkvalue
INFO: [ app_begin ] --START--
INFO: ReadHtmlCache Behavior ::run [ RunTime:0.000366s ]
INFO: [ app_begin ] --END-- [ RunTime:0.000412s ]

[ 2015-01-14T20:03:26+08:00 ] 0.0.0.0 /OJ1/index.php/Index/Index/Checkvalue
INFO: [ app_begin ] --START--
INFO: ReadHtmlCache Behavior ::run [ RunTime:0.000518s ]
INFO: [ app_begin ] --END-- [ RunTime:0.000585s ]
NOTIC: [8192] mysql_connect(): The mysql extension is deprecated and will be removed in the future: use mysqli or PDO instead G:\WWW\OJ1\ThinkPHP\Lib\Driver\Db\DbMysql.class.php 第 55 行.
SQL: SHOW COLUMNS FROM `user` [ RunTime:0.031082s ]
NOTIC: [8192] preg_replace(): The /e modifier is deprecated, use preg_replace_callback instead G:\WWW\OJ1\ThinkPHP\Lib\Core\Db.class.php 第 604 行.
SQL: SELECT * FROM `user` WHERE ( `username` = '123' ) LIMIT 1   [ RunTime:0.000309s ]

[ 2015-01-14T20:03:26+08:00 ] 0.0.0.0 /OJ1/index.php/Index/Index/Checkvalue
INFO: [ app_begin ] --START--
INFO: ReadHtmlCache Behavior ::run [ RunTime:0.000372s ]
INFO: [ app_begin ] --END-- [ RunTime:0.000421s ]
NOTIC: [8192] mysql_connect(): The mysql extension is deprecated and will be removed in the future: use mysqli or PDO instead G:\WWW\OJ1\ThinkPHP\Lib\Driver\Db\DbMysql.class.php 第 55 行.
SQL: SHOW COLUMNS FROM `user` [ RunTime:0.002930s ]
NOTIC: [8192] preg_replace(): The /e modifier is deprecated, use preg_replace_callback instead G:\WWW\OJ1\ThinkPHP\Lib\Core\Db.class.php 第 604 行.
SQL: SELECT * FROM `user` WHERE ( `username` = '123' ) LIMIT 1   [ RunTime:0.000306s ]

[ 2015-01-14T20:03:27+08:00 ] 0.0.0.0 /OJ1/index.php/Index/Index/Register
INFO: [ app_begin ] --START--
INFO: ReadHtmlCache Behavior ::run [ RunTime:0.000345s ]
INFO: [ app_begin ] --END-- [ RunTime:0.000393s ]
NOTIC: [8192] mysql_connect(): The mysql extension is deprecated and will be removed in the future: use mysqli or PDO instead G:\WWW\OJ1\ThinkPHP\Lib\Driver\Db\DbMysql.class.php 第 55 行.
SQL: SHOW COLUMNS FROM `user` [ RunTime:0.003140s ]
SQL: INSERT INTO `user` (`username`,`name`,`password`,`email`) VALUES ('123','123','4297f44b13955235245b2497399d7a93','123@qq.com') [ RunTime:0.151141s ]

[ 2015-01-14T20:03:27+08:00 ] 0.0.0.0 /OJ1/index.php/Index/Index/Checkvalue
INFO: [ app_begin ] --START--
INFO: ReadHtmlCache Behavior ::run [ RunTime:0.000374s ]
INFO: [ app_begin ] --END-- [ RunTime:0.000419s ]

[ 2015-01-14T20:03:28+08:00 ] 0.0.0.0 /OJ1/index.php/Index/Index/Register
INFO: [ app_begin ] --START--
INFO: ReadHtmlCache Behavior ::run [ RunTime:0.000471s ]
INFO: [ app_begin ] --END-- [ RunTime:0.000526s ]
NOTIC: [8192] mysql_connect(): The mysql extension is deprecated and will be removed in the future: use mysqli or PDO instead G:\WWW\OJ1\ThinkPHP\Lib\Driver\Db\DbMysql.class.php 第 55 行.
SQL: SHOW COLUMNS FROM `user` [ RunTime:0.003408s ]
SQL: INSERT INTO `user` (`username`,`name`,`password`,`email`) VALUES ('123','123','4297f44b13955235245b2497399d7a93','123@qq.com') [ RunTime:0.057954s ]

[ 2015-01-14T20:03:28+08:00 ] 0.0.0.0 /OJ1/index.php/Index/Index/Checkvalue
INFO: [ app_begin ] --START--
INFO: ReadHtmlCache Behavior ::run [ RunTime:0.000397s ]
INFO: [ app_begin ] --END-- [ RunTime:0.000464s ]
NOTIC: [8192] mysql_connect(): The mysql extension is deprecated and will be removed in the future: use mysqli or PDO instead G:\WWW\OJ1\ThinkPHP\Lib\Driver\Db\DbMysql.class.php 第 55 行.
SQL: SHOW COLUMNS FROM `user` [ RunTime:0.004346s ]
NOTIC: [8192] preg_replace(): The /e modifier is deprecated, use preg_replace_callback instead G:\WWW\OJ1\ThinkPHP\Lib\Core\Db.class.php 第 604 行.
SQL: SELECT * FROM `user` WHERE ( `username` = '123' ) LIMIT 1   [ RunTime:0.000456s ]

[ 2015-01-14T20:03:28+08:00 ] 0.0.0.0 /OJ1/index.php/Index/Index/Checkvalue
INFO: [ app_begin ] --START--
INFO: ReadHtmlCache Behavior ::run [ RunTime:0.000410s ]
INFO: [ app_begin ] --END-- [ RunTime:0.000460s ]

[ 2015-01-14T20:03:31+08:00 ] 0.0.0.0 /OJ1/index.php/Index/Index/Checkvalue
INFO: [ app_begin ] --START--
INFO: ReadHtmlCache Behavior ::run [ RunTime:0.000549s ]
INFO: [ app_begin ] --END-- [ RunTime:0.000642s ]
NOTIC: [8192] mysql_connect(): The mysql extension is deprecated and will be removed in the future: use mysqli or PDO instead G:\WWW\OJ1\ThinkPHP\Lib\Driver\Db\DbMysql.class.php 第 55 行.
SQL: SHOW COLUMNS FROM `user` [ RunTime:0.005038s ]
NOTIC: [8192] preg_replace(): The /e modifier is deprecated, use preg_replace_callback instead G:\WWW\OJ1\ThinkPHP\Lib\Core\Db.class.php 第 604 行.
SQL: SELECT * FROM `user` WHERE ( `username` = 'fffffff' ) LIMIT 1   [ RunTime:0.000452s ]

[ 2015-01-14T20:03:31+08:00 ] 0.0.0.0 /OJ1/index.php/Index/Index/Register
INFO: [ app_begin ] --START--
INFO: ReadHtmlCache Behavior ::run [ RunTime:0.000511s ]
INFO: [ app_begin ] --END-- [ RunTime:0.000586s ]
NOTIC: [8192] mysql_connect(): The mysql extension is deprecated and will be removed in the future: use mysqli or PDO instead G:\WWW\OJ1\ThinkPHP\Lib\Driver\Db\DbMysql.class.php 第 55 行.
SQL: SHOW COLUMNS FROM `user` [ RunTime:0.002998s ]
SQL: INSERT INTO `user` (`username`,`name`,`password`,`email`) VALUES ('fffffff','fffffff','4297f44b13955235245b2497399d7a93','123@qq.com') [ RunTime:0.048773s ]

[ 2015-01-14T20:03:31+08:00 ] 0.0.0.0 /OJ1/index.php/Index/Index/Checkvalue
INFO: [ app_begin ] --START--
INFO: ReadHtmlCache Behavior ::run [ RunTime:0.000370s ]
INFO: [ app_begin ] --END-- [ RunTime:0.000425s ]
NOTIC: [8192] mysql_connect(): The mysql extension is deprecated and will be removed in the future: use mysqli or PDO instead G:\WWW\OJ1\ThinkPHP\Lib\Driver\Db\DbMysql.class.php 第 55 行.
SQL: SHOW COLUMNS FROM `user` [ RunTime:0.003088s ]
NOTIC: [8192] preg_replace(): The /e modifier is deprecated, use preg_replace_callback instead G:\WWW\OJ1\ThinkPHP\Lib\Core\Db.class.php 第 604 行.
SQL: SELECT * FROM `user` WHERE ( `username` = 'fffffff' ) LIMIT 1   [ RunTime:0.000356s ]

[ 2015-01-14T20:03:31+08:00 ] 0.0.0.0 /OJ1/index.php/Index/Index/Checkvalue
INFO: [ app_begin ] --START--
INFO: ReadHtmlCache Behavior ::run [ RunTime:0.000437s ]
INFO: [ app_begin ] --END-- [ RunTime:0.000492s ]

[ 2015-01-14T20:04:18+08:00 ] 0.0.0.0 /OJ1/index.php/Index/Index/Checkvalue
INFO: [ app_begin ] --START--
INFO: ReadHtmlCache Behavior ::run [ RunTime:0.000358s ]
INFO: [ app_begin ] --END-- [ RunTime:0.000398s ]
NOTIC: [8192] mysql_connect(): The mysql extension is deprecated and will be removed in the future: use mysqli or PDO instead G:\WWW\OJ1\ThinkPHP\Lib\Driver\Db\DbMysql.class.php 第 55 行.
SQL: SHOW COLUMNS FROM `user` [ RunTime:0.003180s ]
NOTIC: [8192] preg_replace(): The /e modifier is deprecated, use preg_replace_callback instead G:\WWW\OJ1\ThinkPHP\Lib\Core\Db.class.php 第 604 行.
SQL: SELECT * FROM `user` WHERE ( `username` = 'ffff' ) LIMIT 1   [ RunTime:0.000290s ]

[ 2015-01-14T20:04:20+08:00 ] 0.0.0.0 /OJ1/index.php/Index/Index/Checkvalue
INFO: [ app_begin ] --START--
INFO: ReadHtmlCache Behavior ::run [ RunTime:0.000371s ]
INFO: [ app_begin ] --END-- [ RunTime:0.000418s ]
NOTIC: [8192] mysql_connect(): The mysql extension is deprecated and will be removed in the future: use mysqli or PDO instead G:\WWW\OJ1\ThinkPHP\Lib\Driver\Db\DbMysql.class.php 第 55 行.
SQL: SHOW COLUMNS FROM `user` [ RunTime:0.003003s ]
NOTIC: [8192] preg_replace(): The /e modifier is deprecated, use preg_replace_callback instead G:\WWW\OJ1\ThinkPHP\Lib\Core\Db.class.php 第 604 行.
SQL: SELECT * FROM `user` WHERE ( `username` = 'ffff' ) LIMIT 1   [ RunTime:0.000352s ]

[ 2015-01-14T20:04:23+08:00 ] 0.0.0.0 /OJ1/index.php/Index/Index/Checkvalue
INFO: [ app_begin ] --START--
INFO: ReadHtmlCache Behavior ::run [ RunTime:0.000429s ]
INFO: [ app_begin ] --END-- [ RunTime:0.000482s ]
NOTIC: [8192] mysql_connect(): The mysql extension is deprecated and will be removed in the future: use mysqli or PDO instead G:\WWW\OJ1\ThinkPHP\Lib\Driver\Db\DbMysql.class.php 第 55 行.
SQL: SHOW COLUMNS FROM `user` [ RunTime:0.003032s ]
NOTIC: [8192] preg_replace(): The /e modifier is deprecated, use preg_replace_callback instead G:\WWW\OJ1\ThinkPHP\Lib\Core\Db.class.php 第 604 行.
SQL: SELECT * FROM `user` WHERE ( `username` = '123123' ) LIMIT 1   [ RunTime:0.000317s ]

[ 2015-01-14T20:04:26+08:00 ] 0.0.0.0 /OJ1/index.php/Index/Index/Checkvalue
INFO: [ app_begin ] --START--
INFO: ReadHtmlCache Behavior ::run [ RunTime:0.000399s ]
INFO: [ app_begin ] --END-- [ RunTime:0.000447s ]
NOTIC: [8192] mysql_connect(): The mysql extension is deprecated and will be removed in the future: use mysqli or PDO instead G:\WWW\OJ1\ThinkPHP\Lib\Driver\Db\DbMysql.class.php 第 55 行.
SQL: SHOW COLUMNS FROM `user` [ RunTime:0.003111s ]
NOTIC: [8192] preg_replace(): The /e modifier is deprecated, use preg_replace_callback instead G:\WWW\OJ1\ThinkPHP\Lib\Core\Db.class.php 第 604 行.
SQL: SELECT * FROM `user` WHERE ( `username` = 'fff' ) LIMIT 1   [ RunTime:0.000293s ]

[ 2015-01-14T20:04:29+08:00 ] 0.0.0.0 /OJ1/index.php/Index/Index/Checkvalue
INFO: [ app_begin ] --START--
INFO: ReadHtmlCache Behavior ::run [ RunTime:0.000342s ]
INFO: [ app_begin ] --END-- [ RunTime:0.000394s ]
NOTIC: [8192] mysql_connect(): The mysql extension is deprecated and will be removed in the future: use mysqli or PDO instead G:\WWW\OJ1\ThinkPHP\Lib\Driver\Db\DbMysql.class.php 第 55 行.
SQL: SHOW COLUMNS FROM `user` [ RunTime:0.003123s ]
NOTIC: [8192] preg_replace(): The /e modifier is deprecated, use preg_replace_callback instead G:\WWW\OJ1\ThinkPHP\Lib\Core\Db.class.php 第 604 行.
SQL: SELECT * FROM `user` WHERE ( `username` = 'fffff' ) LIMIT 1   [ RunTime:0.000329s ]

[ 2015-01-14T20:04:40+08:00 ] 0.0.0.0 /OJ1/index.php/Index/Index/Checkvalue
INFO: [ app_begin ] --START--
INFO: ReadHtmlCache Behavior ::run [ RunTime:0.000443s ]
INFO: [ app_begin ] --END-- [ RunTime:0.000511s ]

[ 2015-01-14T20:04:40+08:00 ] 0.0.0.0 /OJ1/index.php/Index/Index/Register
INFO: [ app_begin ] --START--
INFO: ReadHtmlCache Behavior ::run [ RunTime:0.000369s ]
INFO: [ app_begin ] --END-- [ RunTime:0.000411s ]
NOTIC: [8192] mysql_connect(): The mysql extension is deprecated and will be removed in the future: use mysqli or PDO instead G:\WWW\OJ1\ThinkPHP\Lib\Driver\Db\DbMysql.class.php 第 55 行.
SQL: SHOW COLUMNS FROM `user` [ RunTime:0.002889s ]
SQL: INSERT INTO `user` (`username`,`name`,`password`,`email`) VALUES ('fffff','fffff','4297f44b13955235245b2497399d7a93','123@qq.com') [ RunTime:0.090637s ]

[ 2015-01-14T20:04:40+08:00 ] 0.0.0.0 /OJ1/index.php/Index/Index/Checkvalue
INFO: [ app_begin ] --START--
INFO: ReadHtmlCache Behavior ::run [ RunTime:0.000365s ]
INFO: [ app_begin ] --END-- [ RunTime:0.000424s ]
NOTIC: [8192] mysql_connect(): The mysql extension is deprecated and will be removed in the future: use mysqli or PDO instead G:\WWW\OJ1\ThinkPHP\Lib\Driver\Db\DbMysql.class.php 第 55 行.
SQL: SHOW COLUMNS FROM `user` [ RunTime:0.003170s ]
NOTIC: [8192] preg_replace(): The /e modifier is deprecated, use preg_replace_callback instead G:\WWW\OJ1\ThinkPHP\Lib\Core\Db.class.php 第 604 行.
SQL: SELECT * FROM `user` WHERE ( `username` = 'fffff' ) LIMIT 1   [ RunTime:0.000382s ]

[ 2015-01-14T20:04:40+08:00 ] 0.0.0.0 /OJ1/index.php/Index/Index/Checkvalue
INFO: [ app_begin ] --START--
INFO: ReadHtmlCache Behavior ::run [ RunTime:0.000446s ]
INFO: [ app_begin ] --END-- [ RunTime:0.000528s ]

[ 2015-01-14T20:05:16+08:00 ] 0.0.0.0 /OJ1/index.php/Index/Index/Checkvalue
INFO: [ app_begin ] --START--
INFO: ReadHtmlCache Behavior ::run [ RunTime:0.000699s ]
INFO: [ app_begin ] --END-- [ RunTime:0.000836s ]
NOTIC: [8192] mysql_connect(): The mysql extension is deprecated and will be removed in the future: use mysqli or PDO instead G:\WWW\OJ1\ThinkPHP\Lib\Driver\Db\DbMysql.class.php 第 55 行.
SQL: SHOW COLUMNS FROM `user` [ RunTime:0.005168s ]
NOTIC: [8192] preg_replace(): The /e modifier is deprecated, use preg_replace_callback instead G:\WWW\OJ1\ThinkPHP\Lib\Core\Db.class.php 第 604 行.
SQL: SELECT * FROM `user` WHERE ( `username` = 'fffff' ) LIMIT 1   [ RunTime:0.000811s ]

[ 2015-01-14T20:05:16+08:00 ] 0.0.0.0 /OJ1/index.php/Index/Index/Checkvalue
INFO: [ app_begin ] --START--
INFO: ReadHtmlCache Behavior ::run [ RunTime:0.000421s ]
INFO: [ app_begin ] --END-- [ RunTime:0.000486s ]

[ 2015-01-14T20:07:38+08:00 ] 0.0.0.0 /OJ1/index.php/Index/Index/Checkvalue
INFO: [ app_begin ] --START--
INFO: ReadHtmlCache Behavior ::run [ RunTime:0.000474s ]
INFO: [ app_begin ] --END-- [ RunTime:0.000523s ]
NOTIC: [8192] mysql_connect(): The mysql extension is deprecated and will be removed in the future: use mysqli or PDO instead G:\WWW\OJ1\ThinkPHP\Lib\Driver\Db\DbMysql.class.php 第 55 行.
SQL: SHOW COLUMNS FROM `user` [ RunTime:0.002841s ]
NOTIC: [8192] preg_replace(): The /e modifier is deprecated, use preg_replace_callback instead G:\WWW\OJ1\ThinkPHP\Lib\Core\Db.class.php 第 604 行.
SQL: SELECT * FROM `user` WHERE ( `username` = '123123' ) LIMIT 1   [ RunTime:0.000305s ]

[ 2015-01-14T20:07:42+08:00 ] 0.0.0.0 /OJ1/index.php/Index/Index/Checkvalue
INFO: [ app_begin ] --START--
INFO: ReadHtmlCache Behavior ::run [ RunTime:0.000376s ]
INFO: [ app_begin ] --END-- [ RunTime:0.000440s ]
NOTIC: [8192] mysql_connect(): The mysql extension is deprecated and will be removed in the future: use mysqli or PDO instead G:\WWW\OJ1\ThinkPHP\Lib\Driver\Db\DbMysql.class.php 第 55 行.
SQL: SHOW COLUMNS FROM `user` [ RunTime:0.003360s ]
NOTIC: [8192] preg_replace(): The /e modifier is deprecated, use preg_replace_callback instead G:\WWW\OJ1\ThinkPHP\Lib\Core\Db.class.php 第 604 行.
SQL: SELECT * FROM `user` WHERE ( `username` = 'fff' ) LIMIT 1   [ RunTime:0.000395s ]

[ 2015-01-14T20:08:01+08:00 ] 0.0.0.0 /OJ1/index.php/Index/Index/Checkvalue
INFO: [ app_begin ] --START--
INFO: ReadHtmlCache Behavior ::run [ RunTime:0.000438s ]
INFO: [ app_begin ] --END-- [ RunTime:0.000490s ]

[ 2015-01-14T20:08:07+08:00 ] 0.0.0.0 /OJ1/index.php/Index/Index/Checkvalue
INFO: [ app_begin ] --START--
INFO: ReadHtmlCache Behavior ::run [ RunTime:0.000323s ]
INFO: [ app_begin ] --END-- [ RunTime:0.000362s ]

[ 2015-01-14T20:08:15+08:00 ] 0.0.0.0 /OJ1/index.php/Index/Index/Register
INFO: [ app_begin ] --START--
INFO: ReadHtmlCache Behavior ::run [ RunTime:0.000357s ]
INFO: [ app_begin ] --END-- [ RunTime:0.000399s ]
NOTIC: [8192] mysql_connect(): The mysql extension is deprecated and will be removed in the future: use mysqli or PDO instead G:\WWW\OJ1\ThinkPHP\Lib\Driver\Db\DbMysql.class.php 第 55 行.
SQL: SHOW COLUMNS FROM `user` [ RunTime:0.003350s ]
SQL: INSERT INTO `user` (`username`,`name`,`password`,`email`) VALUES ('fff','fff','4297f44b13955235245b2497399d7a93','123@qq.com') [ RunTime:0.057162s ]

[ 2015-01-14T20:08:15+08:00 ] 0.0.0.0 /OJ1/index.php/Index/Index/Checkvalue
INFO: [ app_begin ] --START--
INFO: ReadHtmlCache Behavior ::run [ RunTime:0.000408s ]
INFO: [ app_begin ] --END-- [ RunTime:0.000457s ]
NOTIC: [8192] mysql_connect(): The mysql extension is deprecated and will be removed in the future: use mysqli or PDO instead G:\WWW\OJ1\ThinkPHP\Lib\Driver\Db\DbMysql.class.php 第 55 行.
SQL: SHOW COLUMNS FROM `user` [ RunTime:0.003010s ]
NOTIC: [8192] preg_replace(): The /e modifier is deprecated, use preg_replace_callback instead G:\WWW\OJ1\ThinkPHP\Lib\Core\Db.class.php 第 604 行.
SQL: SELECT * FROM `user` WHERE ( `username` = 'fff' ) LIMIT 1   [ RunTime:0.000361s ]

[ 2015-01-14T20:08:15+08:00 ] 0.0.0.0 /OJ1/index.php/Index/Index/Checkvalue
INFO: [ app_begin ] --START--
INFO: ReadHtmlCache Behavior ::run [ RunTime:0.000400s ]
INFO: [ app_begin ] --END-- [ RunTime:0.000460s ]

[ 2015-01-14T20:10:06+08:00 ] 0.0.0.0 /OJ1/index.php/Index/Index/Checkvalue
INFO: [ app_begin ] --START--
INFO: ReadHtmlCache Behavior ::run [ RunTime:0.000350s ]
INFO: [ app_begin ] --END-- [ RunTime:0.000388s ]
NOTIC: [8192] mysql_connect(): The mysql extension is deprecated and will be removed in the future: use mysqli or PDO instead G:\WWW\OJ1\ThinkPHP\Lib\Driver\Db\DbMysql.class.php 第 55 行.
SQL: SHOW COLUMNS FROM `user` [ RunTime:0.002950s ]
NOTIC: [8192] preg_replace(): The /e modifier is deprecated, use preg_replace_callback instead G:\WWW\OJ1\ThinkPHP\Lib\Core\Db.class.php 第 604 行.
SQL: SELECT * FROM `user` WHERE ( `username` = '333' ) LIMIT 1   [ RunTime:0.000291s ]

[ 2015-01-14T20:10:19+08:00 ] 0.0.0.0 /OJ1/index.php/Index/Index/Checkvalue
INFO: [ app_begin ] --START--
INFO: ReadHtmlCache Behavior ::run [ RunTime:0.000395s ]
INFO: [ app_begin ] --END-- [ RunTime:0.000444s ]

[ 2015-01-14T20:10:19+08:00 ] 0.0.0.0 /OJ1/index.php/Index/Index/Register
INFO: [ app_begin ] --START--
INFO: ReadHtmlCache Behavior ::run [ RunTime:0.000366s ]
INFO: [ app_begin ] --END-- [ RunTime:0.000424s ]
NOTIC: [8192] mysql_connect(): The mysql extension is deprecated and will be removed in the future: use mysqli or PDO instead G:\WWW\OJ1\ThinkPHP\Lib\Driver\Db\DbMysql.class.php 第 55 行.
SQL: SHOW COLUMNS FROM `user` [ RunTime:0.002945s ]
SQL: INSERT INTO `user` (`username`,`name`,`password`,`email`) VALUES ('333','333','4297f44b13955235245b2497399d7a93','123@qq.com') [ RunTime:0.055180s ]

[ 2015-01-14T20:10:19+08:00 ] 0.0.0.0 /OJ1/index.php/Index/Index/Checkvalue
INFO: [ app_begin ] --START--
INFO: ReadHtmlCache Behavior ::run [ RunTime:0.000406s ]
INFO: [ app_begin ] --END-- [ RunTime:0.000461s ]
NOTIC: [8192] mysql_connect(): The mysql extension is deprecated and will be removed in the future: use mysqli or PDO instead G:\WWW\OJ1\ThinkPHP\Lib\Driver\Db\DbMysql.class.php 第 55 行.
SQL: SHOW COLUMNS FROM `user` [ RunTime:0.002951s ]
NOTIC: [8192] preg_replace(): The /e modifier is deprecated, use preg_replace_callback instead G:\WWW\OJ1\ThinkPHP\Lib\Core\Db.class.php 第 604 行.
SQL: SELECT * FROM `user` WHERE ( `username` = '333' ) LIMIT 1   [ RunTime:0.000301s ]

[ 2015-01-14T20:10:19+08:00 ] 0.0.0.0 /OJ1/index.php/Index/Index/Checkvalue
INFO: [ app_begin ] --START--
INFO: ReadHtmlCache Behavior ::run [ RunTime:0.000481s ]
INFO: [ app_begin ] --END-- [ RunTime:0.000533s ]

[ 2015-01-14T20:11:24+08:00 ] 0.0.0.0 /OJ1/index.php/Index/Index/Checkvalue
INFO: [ app_begin ] --START--
INFO: ReadHtmlCache Behavior ::run [ RunTime:0.000333s ]
INFO: [ app_begin ] --END-- [ RunTime:0.000370s ]
NOTIC: [8192] mysql_connect(): The mysql extension is deprecated and will be removed in the future: use mysqli or PDO instead G:\WWW\OJ1\ThinkPHP\Lib\Driver\Db\DbMysql.class.php 第 55 行.
SQL: SHOW COLUMNS FROM `user` [ RunTime:0.002885s ]
NOTIC: [8192] preg_replace(): The /e modifier is deprecated, use preg_replace_callback instead G:\WWW\OJ1\ThinkPHP\Lib\Core\Db.class.php 第 604 行.
SQL: SELECT * FROM `user` WHERE ( `username` = 'zxczxc' ) LIMIT 1   [ RunTime:0.000338s ]

[ 2015-01-14T20:11:36+08:00 ] 0.0.0.0 /OJ1/index.php/Index/Index/Checkvalue
INFO: [ app_begin ] --START--
INFO: ReadHtmlCache Behavior ::run [ RunTime:0.000430s ]
INFO: [ app_begin ] --END-- [ RunTime:0.000482s ]

[ 2015-01-14T20:11:46+08:00 ] 0.0.0.0 /OJ1/index.php/Index/Index/Checkvalue
INFO: [ app_begin ] --START--
INFO: ReadHtmlCache Behavior ::run [ RunTime:0.000379s ]
INFO: [ app_begin ] --END-- [ RunTime:0.000425s ]

[ 2015-01-14T20:11:47+08:00 ] 0.0.0.0 /OJ1/index.php/Index/Index/Checkvalue
INFO: [ app_begin ] --START--
INFO: ReadHtmlCache Behavior ::run [ RunTime:0.000649s ]
INFO: [ app_begin ] --END-- [ RunTime:0.000759s ]

[ 2015-01-14T20:11:47+08:00 ] 0.0.0.0 /OJ1/index.php/Index/Index/Register
INFO: [ app_begin ] --START--
INFO: ReadHtmlCache Behavior ::run [ RunTime:0.000405s ]
INFO: [ app_begin ] --END-- [ RunTime:0.000452s ]
NOTIC: [8192] mysql_connect(): The mysql extension is deprecated and will be removed in the future: use mysqli or PDO instead G:\WWW\OJ1\ThinkPHP\Lib\Driver\Db\DbMysql.class.php 第 55 行.
SQL: SHOW COLUMNS FROM `user` [ RunTime:0.003060s ]
SQL: INSERT INTO `user` (`username`,`name`,`password`,`email`) VALUES ('zxczxc','zxczxc','4297f44b13955235245b2497399d7a93','123123@qq.com') [ RunTime:0.052173s ]

[ 2015-01-14T20:11:47+08:00 ] 0.0.0.0 /OJ1/index.php/Index/Index/Checkvalue
INFO: [ app_begin ] --START--
INFO: ReadHtmlCache Behavior ::run [ RunTime:0.000351s ]
INFO: [ app_begin ] --END-- [ RunTime:0.000402s ]
NOTIC: [8192] mysql_connect(): The mysql extension is deprecated and will be removed in the future: use mysqli or PDO instead G:\WWW\OJ1\ThinkPHP\Lib\Driver\Db\DbMysql.class.php 第 55 行.
SQL: SHOW COLUMNS FROM `user` [ RunTime:0.003278s ]
NOTIC: [8192] preg_replace(): The /e modifier is deprecated, use preg_replace_callback instead G:\WWW\OJ1\ThinkPHP\Lib\Core\Db.class.php 第 604 行.
SQL: SELECT * FROM `user` WHERE ( `username` = 'zxczxc' ) LIMIT 1   [ RunTime:0.000338s ]

[ 2015-01-14T20:11:47+08:00 ] 0.0.0.0 /OJ1/index.php/Index/Index/Checkvalue
INFO: [ app_begin ] --START--
INFO: ReadHtmlCache Behavior ::run [ RunTime:0.000373s ]
INFO: [ app_begin ] --END-- [ RunTime:0.000439s ]

[ 2015-01-14T20:11:52+08:00 ] 0.0.0.0 /OJ1/index.php/Index/Index/Checkvalue
INFO: [ app_begin ] --START--
INFO: ReadHtmlCache Behavior ::run [ RunTime:0.000368s ]
INFO: [ app_begin ] --END-- [ RunTime:0.000412s ]
NOTIC: [8192] mysql_connect(): The mysql extension is deprecated and will be removed in the future: use mysqli or PDO instead G:\WWW\OJ1\ThinkPHP\Lib\Driver\Db\DbMysql.class.php 第 55 行.
SQL: SHOW COLUMNS FROM `user` [ RunTime:0.002846s ]
NOTIC: [8192] preg_replace(): The /e modifier is deprecated, use preg_replace_callback instead G:\WWW\OJ1\ThinkPHP\Lib\Core\Db.class.php 第 604 行.
SQL: SELECT * FROM `user` WHERE ( `username` = 'zxczxc' ) LIMIT 1   [ RunTime:0.000314s ]

[ 2015-01-14T20:11:52+08:00 ] 0.0.0.0 /OJ1/index.php/Index/Index/Checkvalue
INFO: [ app_begin ] --START--
INFO: ReadHtmlCache Behavior ::run [ RunTime:0.000369s ]
INFO: [ app_begin ] --END-- [ RunTime:0.000416s ]

[ 2015-01-14T20:11:55+08:00 ] 0.0.0.0 /OJ1/index.php/Index/Index/Checkvalue
INFO: [ app_begin ] --START--
INFO: ReadHtmlCache Behavior ::run [ RunTime:0.000389s ]
INFO: [ app_begin ] --END-- [ RunTime:0.000430s ]
NOTIC: [8192] mysql_connect(): The mysql extension is deprecated and will be removed in the future: use mysqli or PDO instead G:\WWW\OJ1\ThinkPHP\Lib\Driver\Db\DbMysql.class.php 第 55 行.
SQL: SHOW COLUMNS FROM `user` [ RunTime:0.003046s ]
NOTIC: [8192] preg_replace(): The /e modifier is deprecated, use preg_replace_callback instead G:\WWW\OJ1\ThinkPHP\Lib\Core\Db.class.php 第 604 行.
SQL: SELECT * FROM `user` WHERE ( `username` = 'zxczxc' ) LIMIT 1   [ RunTime:0.000347s ]

[ 2015-01-14T20:11:55+08:00 ] 0.0.0.0 /OJ1/index.php/Index/Index/Checkvalue
INFO: [ app_begin ] --START--
INFO: ReadHtmlCache Behavior ::run [ RunTime:0.000372s ]
INFO: [ app_begin ] --END-- [ RunTime:0.000419s ]

[ 2015-01-14T20:21:35+08:00 ] 0.0.0.0 /OJ1/index.php/Index/Index/Checkvalue
INFO: [ app_begin ] --START--
INFO: ReadHtmlCache Behavior ::run [ RunTime:0.000371s ]
INFO: [ app_begin ] --END-- [ RunTime:0.000410s ]
NOTIC: [8192] mysql_connect(): The mysql extension is deprecated and will be removed in the future: use mysqli or PDO instead G:\WWW\OJ1\ThinkPHP\Lib\Driver\Db\DbMysql.class.php 第 55 行.
SQL: SHOW COLUMNS FROM `user` [ RunTime:0.002925s ]
NOTIC: [8192] preg_replace(): The /e modifier is deprecated, use preg_replace_callback instead G:\WWW\OJ1\ThinkPHP\Lib\Core\Db.class.php 第 604 行.
SQL: SELECT * FROM `user` WHERE ( `username` = 'zxc' ) LIMIT 1   [ RunTime:0.000341s ]

[ 2015-01-14T20:21:49+08:00 ] 0.0.0.0 /OJ1/index.php/Index/Index/Checkvalue
INFO: [ app_begin ] --START--
INFO: ReadHtmlCache Behavior ::run [ RunTime:0.000425s ]
INFO: [ app_begin ] --END-- [ RunTime:0.000482s ]

[ 2015-01-14T20:21:50+08:00 ] 0.0.0.0 /OJ1/index.php/Index/Index/Register
INFO: [ app_begin ] --START--
INFO: ReadHtmlCache Behavior ::run [ RunTime:0.000515s ]
INFO: [ app_begin ] --END-- [ RunTime:0.000576s ]
NOTIC: [8192] mysql_connect(): The mysql extension is deprecated and will be removed in the future: use mysqli or PDO instead G:\WWW\OJ1\ThinkPHP\Lib\Driver\Db\DbMysql.class.php 第 55 行.
SQL: SHOW COLUMNS FROM `user` [ RunTime:0.002963s ]
SQL: INSERT INTO `user` (`username`,`name`,`password`,`email`) VALUES ('zxc','zxc','ecb97ffafc1798cd2f67fcbc37226761','zxc@qq.com') [ RunTime:0.156932s ]

[ 2015-01-14T20:21:50+08:00 ] 0.0.0.0 /OJ1/index.php/Index/Index/Checkvalue
INFO: [ app_begin ] --START--
INFO: ReadHtmlCache Behavior ::run [ RunTime:0.000473s ]
INFO: [ app_begin ] --END-- [ RunTime:0.000527s ]
NOTIC: [8192] mysql_connect(): The mysql extension is deprecated and will be removed in the future: use mysqli or PDO instead G:\WWW\OJ1\ThinkPHP\Lib\Driver\Db\DbMysql.class.php 第 55 行.
SQL: SHOW COLUMNS FROM `user` [ RunTime:0.003551s ]
NOTIC: [8192] preg_replace(): The /e modifier is deprecated, use preg_replace_callback instead G:\WWW\OJ1\ThinkPHP\Lib\Core\Db.class.php 第 604 行.
SQL: SELECT * FROM `user` WHERE ( `username` = 'zxc' ) LIMIT 1   [ RunTime:0.000523s ]

[ 2015-01-14T20:21:50+08:00 ] 0.0.0.0 /OJ1/index.php/Index/Index/Checkvalue
INFO: [ app_begin ] --START--
INFO: ReadHtmlCache Behavior ::run [ RunTime:0.000491s ]
INFO: [ app_begin ] --END-- [ RunTime:0.000555s ]

[ 2015-01-14T20:23:07+08:00 ] 0.0.0.0 /OJ1/index.php/Index/Index/Checkvalue
INFO: [ app_begin ] --START--
INFO: ReadHtmlCache Behavior ::run [ RunTime:0.000369s ]
INFO: [ app_begin ] --END-- [ RunTime:0.000407s ]
NOTIC: [8192] mysql_connect(): The mysql extension is deprecated and will be removed in the future: use mysqli or PDO instead G:\WWW\OJ1\ThinkPHP\Lib\Driver\Db\DbMysql.class.php 第 55 行.
SQL: SHOW COLUMNS FROM `user` [ RunTime:0.002977s ]
NOTIC: [8192] preg_replace(): The /e modifier is deprecated, use preg_replace_callback instead G:\WWW\OJ1\ThinkPHP\Lib\Core\Db.class.php 第 604 行.
SQL: SELECT * FROM `user` WHERE ( `username` = 'zxc' ) LIMIT 1   [ RunTime:0.000339s ]

[ 2015-01-14T20:23:07+08:00 ] 0.0.0.0 /OJ1/index.php/Index/Index/Checkvalue
INFO: [ app_begin ] --START--
INFO: ReadHtmlCache Behavior ::run [ RunTime:0.000379s ]
INFO: [ app_begin ] --END-- [ RunTime:0.000439s ]

[ 2015-01-14T20:23:31+08:00 ] 0.0.0.0 /OJ1/index.php/Index/Index/Checkvalue
INFO: [ app_begin ] --START--
INFO: ReadHtmlCache Behavior ::run [ RunTime:0.000343s ]
INFO: [ app_begin ] --END-- [ RunTime:0.000383s ]
NOTIC: [8192] mysql_connect(): The mysql extension is deprecated and will be removed in the future: use mysqli or PDO instead G:\WWW\OJ1\ThinkPHP\Lib\Driver\Db\DbMysql.class.php 第 55 行.
SQL: SHOW COLUMNS FROM `user` [ RunTime:0.003099s ]
NOTIC: [8192] preg_replace(): The /e modifier is deprecated, use preg_replace_callback instead G:\WWW\OJ1\ThinkPHP\Lib\Core\Db.class.php 第 604 行.
SQL: SELECT * FROM `user` WHERE ( `username` = 'zxc' ) LIMIT 1   [ RunTime:0.000330s ]

[ 2015-01-14T20:23:31+08:00 ] 0.0.0.0 /OJ1/index.php/Index/Index/Checkvalue
INFO: [ app_begin ] --START--
INFO: ReadHtmlCache Behavior ::run [ RunTime:0.000350s ]
INFO: [ app_begin ] --END-- [ RunTime:0.000394s ]

[ 2015-01-14T20:23:35+08:00 ] 0.0.0.0 /OJ1/index.php/Index/Index/Checkvalue
INFO: [ app_begin ] --START--
INFO: ReadHtmlCache Behavior ::run [ RunTime:0.000379s ]
INFO: [ app_begin ] --END-- [ RunTime:0.000422s ]
NOTIC: [8192] mysql_connect(): The mysql extension is deprecated and will be removed in the future: use mysqli or PDO instead G:\WWW\OJ1\ThinkPHP\Lib\Driver\Db\DbMysql.class.php 第 55 行.
SQL: SHOW COLUMNS FROM `user` [ RunTime:0.002882s ]
NOTIC: [8192] preg_replace(): The /e modifier is deprecated, use preg_replace_callback instead G:\WWW\OJ1\ThinkPHP\Lib\Core\Db.class.php 第 604 行.
SQL: SELECT * FROM `user` WHERE ( `username` = 'zxc' ) LIMIT 1   [ RunTime:0.000296s ]

[ 2015-01-14T20:23:35+08:00 ] 0.0.0.0 /OJ1/index.php/Index/Index/Checkvalue
INFO: [ app_begin ] --START--
INFO: ReadHtmlCache Behavior ::run [ RunTime:0.000385s ]
INFO: [ app_begin ] --END-- [ RunTime:0.000478s ]

[ 2015-01-14T20:25:44+08:00 ] 0.0.0.0 /OJ1/index.php/Index/Index/Checkvalue
INFO: [ app_begin ] --START--
INFO: ReadHtmlCache Behavior ::run [ RunTime:0.000343s ]
INFO: [ app_begin ] --END-- [ RunTime:0.000381s ]
NOTIC: [8192] mysql_connect(): The mysql extension is deprecated and will be removed in the future: use mysqli or PDO instead G:\WWW\OJ1\ThinkPHP\Lib\Driver\Db\DbMysql.class.php 第 55 行.
SQL: SHOW COLUMNS FROM `user` [ RunTime:0.003425s ]
NOTIC: [8192] preg_replace(): The /e modifier is deprecated, use preg_replace_callback instead G:\WWW\OJ1\ThinkPHP\Lib\Core\Db.class.php 第 604 行.
SQL: SELECT * FROM `user` WHERE ( `username` = 'zxc' ) LIMIT 1   [ RunTime:0.000371s ]

[ 2015-01-14T20:25:46+08:00 ] 0.0.0.0 /OJ1/index.php/Index/Index/Checkvalue
INFO: [ app_begin ] --START--
INFO: ReadHtmlCache Behavior ::run [ RunTime:0.000465s ]
INFO: [ app_begin ] --END-- [ RunTime:0.000518s ]
NOTIC: [8192] mysql_connect(): The mysql extension is deprecated and will be removed in the future: use mysqli or PDO instead G:\WWW\OJ1\ThinkPHP\Lib\Driver\Db\DbMysql.class.php 第 55 行.
SQL: SHOW COLUMNS FROM `user` [ RunTime:0.002867s ]
NOTIC: [8192] preg_replace(): The /e modifier is deprecated, use preg_replace_callback instead G:\WWW\OJ1\ThinkPHP\Lib\Core\Db.class.php 第 604 行.
SQL: SELECT * FROM `user` WHERE ( `username` = 'zxczxc' ) LIMIT 1   [ RunTime:0.000292s ]

[ 2015-01-14T20:25:48+08:00 ] 0.0.0.0 /OJ1/index.php/Index/Index/Checkvalue
INFO: [ app_begin ] --START--
INFO: ReadHtmlCache Behavior ::run [ RunTime:0.000411s ]
INFO: [ app_begin ] --END-- [ RunTime:0.000463s ]
NOTIC: [8192] mysql_connect(): The mysql extension is deprecated and will be removed in the future: use mysqli or PDO instead G:\WWW\OJ1\ThinkPHP\Lib\Driver\Db\DbMysql.class.php 第 55 行.
SQL: SHOW COLUMNS FROM `user` [ RunTime:0.003398s ]
NOTIC: [8192] preg_replace(): The /e modifier is deprecated, use preg_replace_callback instead G:\WWW\OJ1\ThinkPHP\Lib\Core\Db.class.php 第 604 行.
SQL: SELECT * FROM `user` WHERE ( `username` = 'zxczxcz' ) LIMIT 1   [ RunTime:0.000353s ]

[ 2015-01-14T20:26:12+08:00 ] 0.0.0.0 /OJ1/index.php/Index/Index/Checkvalue
INFO: [ app_begin ] --START--
INFO: ReadHtmlCache Behavior ::run [ RunTime:0.000353s ]
INFO: [ app_begin ] --END-- [ RunTime:0.000402s ]

[ 2015-01-14T20:26:14+08:00 ] 0.0.0.0 /OJ1/index.php/Index/Index/Checkvalue
INFO: [ app_begin ] --START--
INFO: ReadHtmlCache Behavior ::run [ RunTime:0.000368s ]
INFO: [ app_begin ] --END-- [ RunTime:0.000410s ]

[ 2015-01-14T20:26:14+08:00 ] 0.0.0.0 /OJ1/index.php/Index/Index/Register
INFO: [ app_begin ] --START--
INFO: ReadHtmlCache Behavior ::run [ RunTime:0.000418s ]
INFO: [ app_begin ] --END-- [ RunTime:0.000464s ]
NOTIC: [8192] mysql_connect(): The mysql extension is deprecated and will be removed in the future: use mysqli or PDO instead G:\WWW\OJ1\ThinkPHP\Lib\Driver\Db\DbMysql.class.php 第 55 行.
SQL: SHOW COLUMNS FROM `user` [ RunTime:0.003070s ]
SQL: INSERT INTO `user` (`username`,`name`,`password`,`email`) VALUES ('zxczxcz','zxczxcz','4297f44b13955235245b2497399d7a93','123@qq.com') [ RunTime:0.088284s ]

[ 2015-01-14T20:26:14+08:00 ] 0.0.0.0 /OJ1/index.php/Index/Index/Checkvalue
INFO: [ app_begin ] --START--
INFO: ReadHtmlCache Behavior ::run [ RunTime:0.000416s ]
INFO: [ app_begin ] --END-- [ RunTime:0.000478s ]
NOTIC: [8192] mysql_connect(): The mysql extension is deprecated and will be removed in the future: use mysqli or PDO instead G:\WWW\OJ1\ThinkPHP\Lib\Driver\Db\DbMysql.class.php 第 55 行.
SQL: SHOW COLUMNS FROM `user` [ RunTime:0.002862s ]
NOTIC: [8192] preg_replace(): The /e modifier is deprecated, use preg_replace_callback instead G:\WWW\OJ1\ThinkPHP\Lib\Core\Db.class.php 第 604 行.
SQL: SELECT * FROM `user` WHERE ( `username` = 'zxczxcz' ) LIMIT 1   [ RunTime:0.000337s ]

[ 2015-01-14T20:26:14+08:00 ] 0.0.0.0 /OJ1/index.php/Index/Index/Checkvalue
INFO: [ app_begin ] --START--
INFO: ReadHtmlCache Behavior ::run [ RunTime:0.000478s ]
INFO: [ app_begin ] --END-- [ RunTime:0.000534s ]

[ 2015-01-14T20:28:16+08:00 ] 0.0.0.0 /OJ1/index.php/Index/Index/Checkvalue
INFO: [ app_begin ] --START--
INFO: ReadHtmlCache Behavior ::run [ RunTime:0.000402s ]
INFO: [ app_begin ] --END-- [ RunTime:0.000442s ]
NOTIC: [8192] mysql_connect(): The mysql extension is deprecated and will be removed in the future: use mysqli or PDO instead G:\WWW\OJ1\ThinkPHP\Lib\Driver\Db\DbMysql.class.php 第 55 行.
SQL: SHOW COLUMNS FROM `user` [ RunTime:0.003071s ]
NOTIC: [8192] preg_replace(): The /e modifier is deprecated, use preg_replace_callback instead G:\WWW\OJ1\ThinkPHP\Lib\Core\Db.class.php 第 604 行.
SQL: SELECT * FROM `user` WHERE ( `username` = 'qwe' ) LIMIT 1   [ RunTime:0.000291s ]

[ 2015-01-14T20:28:18+08:00 ] 0.0.0.0 /OJ1/index.php/Index/Index/Checkvalue
INFO: [ app_begin ] --START--
INFO: ReadHtmlCache Behavior ::run [ RunTime:0.000338s ]
INFO: [ app_begin ] --END-- [ RunTime:0.000381s ]
NOTIC: [8192] mysql_connect(): The mysql extension is deprecated and will be removed in the future: use mysqli or PDO instead G:\WWW\OJ1\ThinkPHP\Lib\Driver\Db\DbMysql.class.php 第 55 行.
SQL: SHOW COLUMNS FROM `user` [ RunTime:0.003042s ]
NOTIC: [8192] preg_replace(): The /e modifier is deprecated, use preg_replace_callback instead G:\WWW\OJ1\ThinkPHP\Lib\Core\Db.class.php 第 604 行.
SQL: SELECT * FROM `user` WHERE ( `username` = 'qwe1' ) LIMIT 1   [ RunTime:0.000318s ]

[ 2015-01-14T20:28:43+08:00 ] 0.0.0.0 /OJ1/index.php/Index/Index/Checkvalue
INFO: [ app_begin ] --START--
INFO: ReadHtmlCache Behavior ::run [ RunTime:0.000340s ]
INFO: [ app_begin ] --END-- [ RunTime:0.000387s ]

[ 2015-01-14T20:28:43+08:00 ] 0.0.0.0 /OJ1/index.php/Index/Index/Register
INFO: [ app_begin ] --START--
INFO: ReadHtmlCache Behavior ::run [ RunTime:0.000375s ]
INFO: [ app_begin ] --END-- [ RunTime:0.000427s ]
NOTIC: [8192] mysql_connect(): The mysql extension is deprecated and will be removed in the future: use mysqli or PDO instead G:\WWW\OJ1\ThinkPHP\Lib\Driver\Db\DbMysql.class.php 第 55 行.
SQL: SHOW COLUMNS FROM `user` [ RunTime:0.002993s ]
SQL: INSERT INTO `user` (`username`,`name`,`password`,`email`) VALUES ('qwe1','qwe1','4297f44b13955235245b2497399d7a93','123@qq.com') [ RunTime:0.081929s ]

[ 2015-01-14T20:28:43+08:00 ] 0.0.0.0 /OJ1/index.php/Index/Index/Checkvalue
INFO: [ app_begin ] --START--
INFO: ReadHtmlCache Behavior ::run [ RunTime:0.000589s ]
INFO: [ app_begin ] --END-- [ RunTime:0.000672s ]
NOTIC: [8192] mysql_connect(): The mysql extension is deprecated and will be removed in the future: use mysqli or PDO instead G:\WWW\OJ1\ThinkPHP\Lib\Driver\Db\DbMysql.class.php 第 55 行.
SQL: SHOW COLUMNS FROM `user` [ RunTime:0.002883s ]
NOTIC: [8192] preg_replace(): The /e modifier is deprecated, use preg_replace_callback instead G:\WWW\OJ1\ThinkPHP\Lib\Core\Db.class.php 第 604 行.
SQL: SELECT * FROM `user` WHERE ( `username` = 'qwe1' ) LIMIT 1   [ RunTime:0.000288s ]

[ 2015-01-14T20:28:43+08:00 ] 0.0.0.0 /OJ1/index.php/Index/Index/Checkvalue
INFO: [ app_begin ] --START--
INFO: ReadHtmlCache Behavior ::run [ RunTime:0.000562s ]
INFO: [ app_begin ] --END-- [ RunTime:0.000656s ]

[ 2015-01-14T20:29:52+08:00 ] 0.0.0.0 /OJ1/index.php/Index/Index/Checkvalue
INFO: [ app_begin ] --START--
INFO: ReadHtmlCache Behavior ::run [ RunTime:0.000356s ]
INFO: [ app_begin ] --END-- [ RunTime:0.000394s ]
NOTIC: [8192] mysql_connect(): The mysql extension is deprecated and will be removed in the future: use mysqli or PDO instead G:\WWW\OJ1\ThinkPHP\Lib\Driver\Db\DbMysql.class.php 第 55 行.
SQL: SHOW COLUMNS FROM `user` [ RunTime:0.003261s ]
NOTIC: [8192] preg_replace(): The /e modifier is deprecated, use preg_replace_callback instead G:\WWW\OJ1\ThinkPHP\Lib\Core\Db.class.php 第 604 行.
SQL: SELECT * FROM `user` WHERE ( `username` = 'dddd' ) LIMIT 1   [ RunTime:0.000336s ]

[ 2015-01-14T20:30:09+08:00 ] 0.0.0.0 /OJ1/index.php/Index/Index/Checkvalue
INFO: [ app_begin ] --START--
INFO: ReadHtmlCache Behavior ::run [ RunTime:0.000450s ]
INFO: [ app_begin ] --END-- [ RunTime:0.000506s ]

[ 2015-01-14T20:30:09+08:00 ] 0.0.0.0 /OJ1/index.php/Index/Index/Register
INFO: [ app_begin ] --START--
INFO: ReadHtmlCache Behavior ::run [ RunTime:0.000368s ]
INFO: [ app_begin ] --END-- [ RunTime:0.000419s ]
NOTIC: [8192] mysql_connect(): The mysql extension is deprecated and will be removed in the future: use mysqli or PDO instead G:\WWW\OJ1\ThinkPHP\Lib\Driver\Db\DbMysql.class.php 第 55 行.
SQL: SHOW COLUMNS FROM `user` [ RunTime:0.003182s ]
SQL: INSERT INTO `user` (`username`,`password`,`email`) VALUES ('dddd','4297f44b13955235245b2497399d7a93','123@qq.com') [ RunTime:0.065357s ]

[ 2015-01-14T20:30:09+08:00 ] 0.0.0.0 /OJ1/index.php/Index/Index/Checkvalue
INFO: [ app_begin ] --START--
INFO: ReadHtmlCache Behavior ::run [ RunTime:0.000356s ]
INFO: [ app_begin ] --END-- [ RunTime:0.000409s ]
NOTIC: [8192] mysql_connect(): The mysql extension is deprecated and will be removed in the future: use mysqli or PDO instead G:\WWW\OJ1\ThinkPHP\Lib\Driver\Db\DbMysql.class.php 第 55 行.
SQL: SHOW COLUMNS FROM `user` [ RunTime:0.003434s ]
NOTIC: [8192] preg_replace(): The /e modifier is deprecated, use preg_replace_callback instead G:\WWW\OJ1\ThinkPHP\Lib\Core\Db.class.php 第 604 行.
SQL: SELECT * FROM `user` WHERE ( `username` = 'dddd' ) LIMIT 1   [ RunTime:0.000396s ]

[ 2015-01-14T20:30:09+08:00 ] 0.0.0.0 /OJ1/index.php/Index/Index/Checkvalue
INFO: [ app_begin ] --START--
INFO: ReadHtmlCache Behavior ::run [ RunTime:0.000342s ]
INFO: [ app_begin ] --END-- [ RunTime:0.000393s ]

[ 2015-01-14T20:30:37+08:00 ] 0.0.0.0 /OJ1/index.php/Index/Index/Checkvalue
INFO: [ app_begin ] --START--
INFO: ReadHtmlCache Behavior ::run [ RunTime:0.000331s ]
INFO: [ app_begin ] --END-- [ RunTime:0.000371s ]
NOTIC: [8192] mysql_connect(): The mysql extension is deprecated and will be removed in the future: use mysqli or PDO instead G:\WWW\OJ1\ThinkPHP\Lib\Driver\Db\DbMysql.class.php 第 55 行.
SQL: SHOW COLUMNS FROM `user` [ RunTime:0.003281s ]
NOTIC: [8192] preg_replace(): The /e modifier is deprecated, use preg_replace_callback instead G:\WWW\OJ1\ThinkPHP\Lib\Core\Db.class.php 第 604 行.
SQL: SELECT * FROM `user` WHERE ( `username` = 'qrqr' ) LIMIT 1   [ RunTime:0.000361s ]

[ 2015-01-14T20:30:54+08:00 ] 0.0.0.0 /OJ1/index.php/Index/Index/Checkvalue
INFO: [ app_begin ] --START--
INFO: ReadHtmlCache Behavior ::run [ RunTime:0.000399s ]
INFO: [ app_begin ] --END-- [ RunTime:0.000454s ]

[ 2015-01-14T20:30:54+08:00 ] 0.0.0.0 /OJ1/index.php/Index/Index/Register
INFO: [ app_begin ] --START--
INFO: ReadHtmlCache Behavior ::run [ RunTime:0.000367s ]
INFO: [ app_begin ] --END-- [ RunTime:0.000407s ]
NOTIC: [8192] mysql_connect(): The mysql extension is deprecated and will be removed in the future: use mysqli or PDO instead G:\WWW\OJ1\ThinkPHP\Lib\Driver\Db\DbMysql.class.php 第 55 行.
SQL: SHOW COLUMNS FROM `user` [ RunTime:0.002929s ]
SQL: INSERT INTO `user` (`username`,`password`,`email`) VALUES ('qrqr','4297f44b13955235245b2497399d7a93','123@qq.com') [ RunTime:0.142397s ]

[ 2015-01-14T20:30:54+08:00 ] 0.0.0.0 /OJ1/index.php/Index/Index/Checkvalue
INFO: [ app_begin ] --START--
INFO: ReadHtmlCache Behavior ::run [ RunTime:0.000689s ]
INFO: [ app_begin ] --END-- [ RunTime:0.000811s ]
NOTIC: [8192] mysql_connect(): The mysql extension is deprecated and will be removed in the future: use mysqli or PDO instead G:\WWW\OJ1\ThinkPHP\Lib\Driver\Db\DbMysql.class.php 第 55 行.
SQL: SHOW COLUMNS FROM `user` [ RunTime:0.002992s ]
NOTIC: [8192] preg_replace(): The /e modifier is deprecated, use preg_replace_callback instead G:\WWW\OJ1\ThinkPHP\Lib\Core\Db.class.php 第 604 行.
SQL: SELECT * FROM `user` WHERE ( `username` = 'qrqr' ) LIMIT 1   [ RunTime:0.000371s ]

[ 2015-01-14T20:30:54+08:00 ] 0.0.0.0 /OJ1/index.php/Index/Index/Checkvalue
INFO: [ app_begin ] --START--
INFO: ReadHtmlCache Behavior ::run [ RunTime:0.000469s ]
INFO: [ app_begin ] --END-- [ RunTime:0.000534s ]

[ 2015-01-14T20:32:13+08:00 ] 0.0.0.0 /OJ1/index.php/Index/Index/Checkvalue
INFO: [ app_begin ] --START--
INFO: ReadHtmlCache Behavior ::run [ RunTime:0.000369s ]
INFO: [ app_begin ] --END-- [ RunTime:0.000408s ]

[ 2015-01-14T20:32:17+08:00 ] 0.0.0.0 /OJ1/index.php/Index/Index/Checkvalue
INFO: [ app_begin ] --START--
INFO: ReadHtmlCache Behavior ::run [ RunTime:0.000363s ]
INFO: [ app_begin ] --END-- [ RunTime:0.000403s ]
NOTIC: [8192] mysql_connect(): The mysql extension is deprecated and will be removed in the future: use mysqli or PDO instead G:\WWW\OJ1\ThinkPHP\Lib\Driver\Db\DbMysql.class.php 第 55 行.
SQL: SHOW COLUMNS FROM `user` [ RunTime:0.003100s ]
NOTIC: [8192] preg_replace(): The /e modifier is deprecated, use preg_replace_callback instead G:\WWW\OJ1\ThinkPHP\Lib\Core\Db.class.php 第 604 行.
SQL: SELECT * FROM `user` WHERE ( `username` = 'dddd' ) LIMIT 1   [ RunTime:0.000426s ]

[ 2015-01-14T20:32:19+08:00 ] 0.0.0.0 /OJ1/index.php/Index/Index/Checkvalue
INFO: [ app_begin ] --START--
INFO: ReadHtmlCache Behavior ::run [ RunTime:0.000401s ]
INFO: [ app_begin ] --END-- [ RunTime:0.000455s ]
NOTIC: [8192] mysql_connect(): The mysql extension is deprecated and will be removed in the future: use mysqli or PDO instead G:\WWW\OJ1\ThinkPHP\Lib\Driver\Db\DbMysql.class.php 第 55 行.
SQL: SHOW COLUMNS FROM `user` [ RunTime:0.002903s ]
NOTIC: [8192] preg_replace(): The /e modifier is deprecated, use preg_replace_callback instead G:\WWW\OJ1\ThinkPHP\Lib\Core\Db.class.php 第 604 行.
SQL: SELECT * FROM `user` WHERE ( `username` = 'ddddd' ) LIMIT 1   [ RunTime:0.000328s ]

[ 2015-01-14T20:32:40+08:00 ] 0.0.0.0 /OJ1/index.php/Index/Index/Checkvalue
INFO: [ app_begin ] --START--
INFO: ReadHtmlCache Behavior ::run [ RunTime:0.000395s ]
INFO: [ app_begin ] --END-- [ RunTime:0.000454s ]

[ 2015-01-14T20:32:40+08:00 ] 0.0.0.0 /OJ1/index.php/Index/Index/Register
INFO: [ app_begin ] --START--
INFO: ReadHtmlCache Behavior ::run [ RunTime:0.000480s ]
INFO: [ app_begin ] --END-- [ RunTime:0.000579s ]
NOTIC: [8192] mysql_connect(): The mysql extension is deprecated and will be removed in the future: use mysqli or PDO instead G:\WWW\OJ1\ThinkPHP\Lib\Driver\Db\DbMysql.class.php 第 55 行.
SQL: SHOW COLUMNS FROM `user` [ RunTime:0.002971s ]
SQL: INSERT INTO `user` (`username`,`password`,`email`) VALUES ('ddddd','4297f44b13955235245b2497399d7a93','123@qq.com') [ RunTime:0.517354s ]

[ 2015-01-14T20:32:40+08:00 ] 0.0.0.0 /OJ1/index.php/Index/Index/Checkvalue
INFO: [ app_begin ] --START--
INFO: ReadHtmlCache Behavior ::run [ RunTime:0.000584s ]
INFO: [ app_begin ] --END-- [ RunTime:0.000696s ]
NOTIC: [8192] mysql_connect(): The mysql extension is deprecated and will be removed in the future: use mysqli or PDO instead G:\WWW\OJ1\ThinkPHP\Lib\Driver\Db\DbMysql.class.php 第 55 行.
SQL: SHOW COLUMNS FROM `user` [ RunTime:0.002866s ]
NOTIC: [8192] preg_replace(): The /e modifier is deprecated, use preg_replace_callback instead G:\WWW\OJ1\ThinkPHP\Lib\Core\Db.class.php 第 604 行.
SQL: SELECT * FROM `user` WHERE ( `username` = 'ddddd' ) LIMIT 1   [ RunTime:0.000339s ]

[ 2015-01-14T20:32:40+08:00 ] 0.0.0.0 /OJ1/index.php/Index/Index/Checkvalue
INFO: [ app_begin ] --START--
INFO: ReadHtmlCache Behavior ::run [ RunTime:0.000474s ]
INFO: [ app_begin ] --END-- [ RunTime:0.000540s ]

[ 2015-01-14T20:33:20+08:00 ] 0.0.0.0 /OJ1/index.php/Index/Index/Checkvalue
INFO: [ app_begin ] --START--
INFO: ReadHtmlCache Behavior ::run [ RunTime:0.000362s ]
INFO: [ app_begin ] --END-- [ RunTime:0.000404s ]
NOTIC: [8192] mysql_connect(): The mysql extension is deprecated and will be removed in the future: use mysqli or PDO instead G:\WWW\OJ1\ThinkPHP\Lib\Driver\Db\DbMysql.class.php 第 55 行.
SQL: SHOW COLUMNS FROM `user` [ RunTime:0.003011s ]
NOTIC: [8192] preg_replace(): The /e modifier is deprecated, use preg_replace_callback instead G:\WWW\OJ1\ThinkPHP\Lib\Core\Db.class.php 第 604 行.
SQL: SELECT * FROM `user` WHERE ( `username` = 'ddddd' ) LIMIT 1   [ RunTime:0.000327s ]

[ 2015-01-14T20:33:20+08:00 ] 0.0.0.0 /OJ1/index.php/Index/Index/Checkvalue
INFO: [ app_begin ] --START--
INFO: ReadHtmlCache Behavior ::run [ RunTime:0.000372s ]
INFO: [ app_begin ] --END-- [ RunTime:0.000423s ]

[ 2015-01-14T20:33:28+08:00 ] 0.0.0.0 /OJ1/index.php/Index/Index/Checkvalue
INFO: [ app_begin ] --START--
INFO: ReadHtmlCache Behavior ::run [ RunTime:0.000379s ]
INFO: [ app_begin ] --END-- [ RunTime:0.000422s ]
NOTIC: [8192] mysql_connect(): The mysql extension is deprecated and will be removed in the future: use mysqli or PDO instead G:\WWW\OJ1\ThinkPHP\Lib\Driver\Db\DbMysql.class.php 第 55 行.
SQL: SHOW COLUMNS FROM `user` [ RunTime:0.003100s ]
NOTIC: [8192] preg_replace(): The /e modifier is deprecated, use preg_replace_callback instead G:\WWW\OJ1\ThinkPHP\Lib\Core\Db.class.php 第 604 行.
SQL: SELECT * FROM `user` WHERE ( `username` = 'ddddd' ) LIMIT 1   [ RunTime:0.000341s ]

[ 2015-01-14T20:33:28+08:00 ] 0.0.0.0 /OJ1/index.php/Index/Index/Checkvalue
INFO: [ app_begin ] --START--
INFO: ReadHtmlCache Behavior ::run [ RunTime:0.000344s ]
INFO: [ app_begin ] --END-- [ RunTime:0.000390s ]

[ 2015-01-14T20:34:04+08:00 ] 0.0.0.0 /OJ1/index.php/Index/Index/Checkvalue
INFO: [ app_begin ] --START--
INFO: ReadHtmlCache Behavior ::run [ RunTime:0.000359s ]
INFO: [ app_begin ] --END-- [ RunTime:0.000405s ]
NOTIC: [8192] mysql_connect(): The mysql extension is deprecated and will be removed in the future: use mysqli or PDO instead G:\WWW\OJ1\ThinkPHP\Lib\Driver\Db\DbMysql.class.php 第 55 行.
SQL: SHOW COLUMNS FROM `user` [ RunTime:0.003193s ]
NOTIC: [8192] preg_replace(): The /e modifier is deprecated, use preg_replace_callback instead G:\WWW\OJ1\ThinkPHP\Lib\Core\Db.class.php 第 604 行.
SQL: SELECT * FROM `user` WHERE ( `username` = 'tttt' ) LIMIT 1   [ RunTime:0.000360s ]

[ 2015-01-14T20:34:19+08:00 ] 0.0.0.0 /OJ1/index.php/Index/Index/Checkvalue
INFO: [ app_begin ] --START--
INFO: ReadHtmlCache Behavior ::run [ RunTime:0.000358s ]
INFO: [ app_begin ] --END-- [ RunTime:0.000413s ]

[ 2015-01-14T20:34:19+08:00 ] 0.0.0.0 /OJ1/index.php/Index/Index/Register
INFO: [ app_begin ] --START--
INFO: ReadHtmlCache Behavior ::run [ RunTime:0.000428s ]
INFO: [ app_begin ] --END-- [ RunTime:0.000488s ]
NOTIC: [8192] mysql_connect(): The mysql extension is deprecated and will be removed in the future: use mysqli or PDO instead G:\WWW\OJ1\ThinkPHP\Lib\Driver\Db\DbMysql.class.php 第 55 行.
SQL: SHOW COLUMNS FROM `user` [ RunTime:0.003710s ]
SQL: INSERT INTO `user` (`username`,`name`,`password`,`email`) VALUES ('tttt','tttt','4297f44b13955235245b2497399d7a93','123@qq.com') [ RunTime:0.122990s ]

[ 2015-01-14T20:34:19+08:00 ] 0.0.0.0 /OJ1/index.php/Index/Index/Checkvalue
INFO: [ app_begin ] --START--
INFO: ReadHtmlCache Behavior ::run [ RunTime:0.000515s ]
INFO: [ app_begin ] --END-- [ RunTime:0.000604s ]
NOTIC: [8192] mysql_connect(): The mysql extension is deprecated and will be removed in the future: use mysqli or PDO instead G:\WWW\OJ1\ThinkPHP\Lib\Driver\Db\DbMysql.class.php 第 55 行.
SQL: SHOW COLUMNS FROM `user` [ RunTime:0.003021s ]
NOTIC: [8192] preg_replace(): The /e modifier is deprecated, use preg_replace_callback instead G:\WWW\OJ1\ThinkPHP\Lib\Core\Db.class.php 第 604 行.
SQL: SELECT * FROM `user` WHERE ( `username` = 'tttt' ) LIMIT 1   [ RunTime:0.000470s ]

[ 2015-01-14T20:34:19+08:00 ] 0.0.0.0 /OJ1/index.php/Index/Index/Checkvalue
INFO: [ app_begin ] --START--
INFO: ReadHtmlCache Behavior ::run [ RunTime:0.000580s ]
INFO: [ app_begin ] --END-- [ RunTime:0.000660s ]

[ 2015-01-14T20:51:33+08:00 ] 0.0.0.0 /OJ1/index.php/Index/Index/Checkvalue
INFO: [ app_begin ] --START--
INFO: ReadHtmlCache Behavior ::run [ RunTime:0.000413s ]
INFO: [ app_begin ] --END-- [ RunTime:0.000451s ]

[ 2015-01-14T20:51:38+08:00 ] 0.0.0.0 /OJ1/index.php/Index/Index/Login
INFO: [ app_begin ] --START--
INFO: ReadHtmlCache Behavior ::run [ RunTime:0.000343s ]
INFO: [ app_begin ] --END-- [ RunTime:0.000383s ]
NOTIC: [8192] mysql_connect(): The mysql extension is deprecated and will be removed in the future: use mysqli or PDO instead G:\WWW\OJ1\ThinkPHP\Lib\Driver\Db\DbMysql.class.php 第 55 行.
SQL: SHOW COLUMNS FROM `user` [ RunTime:0.002985s ]
NOTIC: [8192] preg_replace(): The /e modifier is deprecated, use preg_replace_callback instead G:\WWW\OJ1\ThinkPHP\Lib\Core\Db.class.php 第 604 行.
SQL: SELECT * FROM `user` WHERE ( `username` = 'test' ) LIMIT 1   [ RunTime:0.000330s ]

[ 2015-01-14T20:52:38+08:00 ] 0.0.0.0 /OJ1/index.php/Index/Index/Checkvalue
INFO: [ app_begin ] --START--
INFO: ReadHtmlCache Behavior ::run [ RunTime:0.000372s ]
INFO: [ app_begin ] --END-- [ RunTime:0.000409s ]

[ 2015-01-14T20:52:53+08:00 ] 0.0.0.0 /OJ1/index.php/Index/Index/Login
INFO: [ app_begin ] --START--
INFO: ReadHtmlCache Behavior ::run [ RunTime:0.000339s ]
INFO: [ app_begin ] --END-- [ RunTime:0.000382s ]
NOTIC: [8192] mysql_connect(): The mysql extension is deprecated and will be removed in the future: use mysqli or PDO instead G:\WWW\OJ1\ThinkPHP\Lib\Driver\Db\DbMysql.class.php 第 55 行.
SQL: SHOW COLUMNS FROM `user` [ RunTime:0.003051s ]
NOTIC: [8192] preg_replace(): The /e modifier is deprecated, use preg_replace_callback instead G:\WWW\OJ1\ThinkPHP\Lib\Core\Db.class.php 第 604 行.
SQL: SELECT * FROM `user` WHERE ( `username` = '123' ) LIMIT 1   [ RunTime:0.000278s ]

[ 2015-01-14T20:56:57+08:00 ] 0.0.0.0 /OJ1/index.php/Index/Index/Checkvalue
INFO: [ app_begin ] --START--
INFO: ReadHtmlCache Behavior ::run [ RunTime:0.000322s ]
INFO: [ app_begin ] --END-- [ RunTime:0.000361s ]

[ 2015-01-14T20:57:01+08:00 ] 0.0.0.0 /OJ1/index.php/Index/Index/Login
INFO: [ app_begin ] --START--
INFO: ReadHtmlCache Behavior ::run [ RunTime:0.000432s ]
INFO: [ app_begin ] --END-- [ RunTime:0.000485s ]
NOTIC: [8192] mysql_connect(): The mysql extension is deprecated and will be removed in the future: use mysqli or PDO instead G:\WWW\OJ1\ThinkPHP\Lib\Driver\Db\DbMysql.class.php 第 55 行.
SQL: SHOW COLUMNS FROM `user` [ RunTime:0.003438s ]
NOTIC: [8192] preg_replace(): The /e modifier is deprecated, use preg_replace_callback instead G:\WWW\OJ1\ThinkPHP\Lib\Core\Db.class.php 第 604 行.
SQL: SELECT * FROM `user` WHERE ( `username` = 'test' ) LIMIT 1   [ RunTime:0.000376s ]

[ 2015-01-14T21:05:48+08:00 ] 0.0.0.0 /OJ1/index.php/Index/Index/Checkvalue
INFO: [ app_begin ] --START--
INFO: ReadHtmlCache Behavior ::run [ RunTime:0.000363s ]
INFO: [ app_begin ] --END-- [ RunTime:0.000402s ]

[ 2015-01-14T21:05:51+08:00 ] 0.0.0.0 /OJ1/index.php/Index/Index/Login
INFO: [ app_begin ] --START--
INFO: ReadHtmlCache Behavior ::run [ RunTime:0.000335s ]
INFO: [ app_begin ] --END-- [ RunTime:0.000372s ]
NOTIC: [8192] mysql_connect(): The mysql extension is deprecated and will be removed in the future: use mysqli or PDO instead G:\WWW\OJ1\ThinkPHP\Lib\Driver\Db\DbMysql.class.php 第 55 行.
SQL: SHOW COLUMNS FROM `user` [ RunTime:0.002961s ]
NOTIC: [8192] preg_replace(): The /e modifier is deprecated, use preg_replace_callback instead G:\WWW\OJ1\ThinkPHP\Lib\Core\Db.class.php 第 604 行.
SQL: SELECT * FROM `user` WHERE ( `username` = '123' ) LIMIT 1   [ RunTime:0.000368s ]

[ 2015-01-14T21:44:17+08:00 ] 0.0.0.0 /OJ1/index.php/Index/Index/Login
INFO: [ app_begin ] --START--
INFO: ReadHtmlCache Behavior ::run [ RunTime:0.000356s ]
INFO: [ app_begin ] --END-- [ RunTime:0.000397s ]
NOTIC: [8192] mysql_connect(): The mysql extension is deprecated and will be removed in the future: use mysqli or PDO instead G:\WWW\OJ1\ThinkPHP\Lib\Driver\Db\DbMysql.class.php 第 55 行.
SQL: SHOW COLUMNS FROM `user` [ RunTime:0.121651s ]
NOTIC: [8192] preg_replace(): The /e modifier is deprecated, use preg_replace_callback instead G:\WWW\OJ1\ThinkPHP\Lib\Core\Db.class.php 第 604 行.
SQL: SELECT * FROM `user` WHERE ( `username` = '' ) LIMIT 1   [ RunTime:0.013528s ]

[ 2015-01-14T21:47:09+08:00 ] 0.0.0.0 /OJ1/index.php/Index/Index/Login
INFO: [ app_begin ] --START--
INFO: ReadHtmlCache Behavior ::run [ RunTime:0.000338s ]
INFO: [ app_begin ] --END-- [ RunTime:0.000378s ]
NOTIC: [8192] mysql_connect(): The mysql extension is deprecated and will be removed in the future: use mysqli or PDO instead G:\WWW\OJ1\ThinkPHP\Lib\Driver\Db\DbMysql.class.php 第 55 行.
SQL: SHOW COLUMNS FROM `user` [ RunTime:0.031871s ]
NOTIC: [8192] preg_replace(): The /e modifier is deprecated, use preg_replace_callback instead G:\WWW\OJ1\ThinkPHP\Lib\Core\Db.class.php 第 604 行.
SQL: SELECT * FROM `user` WHERE ( `username` = '' ) LIMIT 1   [ RunTime:0.000429s ]

[ 2015-01-14T21:47:57+08:00 ] 0.0.0.0 /OJ1/index.php/Index/Index/CreateTeam
INFO: [ app_begin ] --START--
INFO: ReadHtmlCache Behavior ::run [ RunTime:0.000346s ]
INFO: [ app_begin ] --END-- [ RunTime:0.000385s ]
NOTIC: [8192] mysql_connect(): The mysql extension is deprecated and will be removed in the future: use mysqli or PDO instead G:\WWW\OJ1\ThinkPHP\Lib\Driver\Db\DbMysql.class.php 第 55 行.
SQL: SHOW COLUMNS FROM `team` [ RunTime:0.002995s ]
SQL: SHOW COLUMNS FROM `user` [ RunTime:0.170587s ]
SQL: INSERT INTO `team` (`name`,`head_id`) VALUES ('fuck',15) [ RunTime:1.984839s ]
SQL: UPDATE `user` SET `tid`=2 WHERE ( uid=15 ) [ RunTime:4.921743s ]

[ 2015-01-14T21:47:58+08:00 ] 0.0.0.0 /OJ1/index.php/Index/Index/CreateTeam
INFO: [ app_begin ] --START--
INFO: ReadHtmlCache Behavior ::run [ RunTime:0.000434s ]
INFO: [ app_begin ] --END-- [ RunTime:0.000490s ]
NOTIC: [8192] mysql_connect(): The mysql extension is deprecated and will be removed in the future: use mysqli or PDO instead G:\WWW\OJ1\ThinkPHP\Lib\Driver\Db\DbMysql.class.php 第 55 行.
SQL: SHOW COLUMNS FROM `team` [ RunTime:0.025819s ]
SQL: SHOW COLUMNS FROM `user` [ RunTime:0.010865s ]
SQL: INSERT INTO `team` (`name`,`head_id`) VALUES ('fuck',15) [ RunTime:0.223611s ]
SQL: UPDATE `user` SET `tid`=3 WHERE ( uid=15 ) [ RunTime:0.187521s ]

[ 2015-01-14T21:49:58+08:00 ] 0.0.0.0 /OJ1/index.php/Index/Index/Checkvalue
INFO: [ app_begin ] --START--
INFO: ReadHtmlCache Behavior ::run [ RunTime:0.000428s ]
INFO: [ app_begin ] --END-- [ RunTime:0.000470s ]

[ 2015-01-14T21:51:41+08:00 ] 0.0.0.0 /OJ1/index.php/Index/Index/Login
INFO: [ app_begin ] --START--
INFO: ReadHtmlCache Behavior ::run [ RunTime:0.000357s ]
INFO: [ app_begin ] --END-- [ RunTime:0.000396s ]
NOTIC: [8192] mysql_connect(): The mysql extension is deprecated and will be removed in the future: use mysqli or PDO instead G:\WWW\OJ1\ThinkPHP\Lib\Driver\Db\DbMysql.class.php 第 55 行.
SQL: SHOW COLUMNS FROM `user` [ RunTime:0.378848s ]
NOTIC: [8192] preg_replace(): The /e modifier is deprecated, use preg_replace_callback instead G:\WWW\OJ1\ThinkPHP\Lib\Core\Db.class.php 第 604 行.
SQL: SELECT * FROM `user` WHERE ( `username` = 'xxx' ) LIMIT 1   [ RunTime:0.000354s ]

[ 2015-01-14T21:51:59+08:00 ] 0.0.0.0 /OJ1/index.php/Index/Index/CreateTeam
INFO: [ app_begin ] --START--
INFO: ReadHtmlCache Behavior ::run [ RunTime:0.000380s ]
INFO: [ app_begin ] --END-- [ RunTime:0.000423s ]
NOTIC: [8192] mysql_connect(): The mysql extension is deprecated and will be removed in the future: use mysqli or PDO instead G:\WWW\OJ1\ThinkPHP\Lib\Driver\Db\DbMysql.class.php 第 55 行.
SQL: SHOW COLUMNS FROM `team` [ RunTime:0.040395s ]
SQL: SHOW COLUMNS FROM `user` [ RunTime:0.038888s ]
SQL: INSERT INTO `team` (`name`,`head_id`) VALUES ('fuck',5) [ RunTime:0.205290s ]
SQL: UPDATE `user` SET `tid`=4 WHERE ( uid=5 ) [ RunTime:0.496701s ]

