[ 2015-03-07T23:37:57+08:00 ] 192.168.1.105 /oj/index.php/Index/Index/Login
INFO: [ app_begin ] --START--
INFO: ReadHtmlCache Behavior ::run [ RunTime:0.000596s ]
INFO: [ app_begin ] --END-- [ RunTime:0.000699s ]
NOTIC: [8192] mysql_connect(): The mysql extension is deprecated and will be removed in the future: use mysqli or PDO instead /var/www/html/oj/ThinkPHP/Lib/Driver/Db/DbMysql.class.php 第 55 行.
SQL: SHOW COLUMNS FROM `user` [ RunTime:0.193941s ]
NOTIC: [8192] preg_replace(): The /e modifier is deprecated, use preg_replace_callback instead /var/www/html/oj/ThinkPHP/Lib/Core/Db.class.php 第 604 行.
SQL: SELECT * FROM `user` WHERE ( `username` = 'z309241990' ) LIMIT 1   [ RunTime:0.011925s ]

[ 2015-03-07T23:49:40+08:00 ] 192.168.1.105 /oj/index.php/Index/Index/Login
INFO: [ app_begin ] --START--
INFO: ReadHtmlCache Behavior ::run [ RunTime:0.000568s ]
INFO: [ app_begin ] --END-- [ RunTime:0.000651s ]
NOTIC: [8192] mysql_connect(): The mysql extension is deprecated and will be removed in the future: use mysqli or PDO instead /var/www/html/oj/ThinkPHP/Lib/Driver/Db/DbMysql.class.php 第 55 行.
SQL: SHOW COLUMNS FROM `user` [ RunTime:0.001369s ]
NOTIC: [8192] preg_replace(): The /e modifier is deprecated, use preg_replace_callback instead /var/www/html/oj/ThinkPHP/Lib/Core/Db.class.php 第 604 行.
SQL: SELECT * FROM `user` WHERE ( `username` = 'z309241990' ) LIMIT 1   [ RunTime:0.000925s ]

[ 2015-03-07T23:49:46+08:00 ] 192.168.1.105 /oj/index.php/Index/Index/Login
INFO: [ app_begin ] --START--
INFO: ReadHtmlCache Behavior ::run [ RunTime:0.000600s ]
INFO: [ app_begin ] --END-- [ RunTime:0.000688s ]
NOTIC: [8192] mysql_connect(): The mysql extension is deprecated and will be removed in the future: use mysqli or PDO instead /var/www/html/oj/ThinkPHP/Lib/Driver/Db/DbMysql.class.php 第 55 行.
SQL: SHOW COLUMNS FROM `user` [ RunTime:0.001046s ]
NOTIC: [8192] preg_replace(): The /e modifier is deprecated, use preg_replace_callback instead /var/www/html/oj/ThinkPHP/Lib/Core/Db.class.php 第 604 行.
SQL: SELECT * FROM `user` WHERE ( `username` = 'z309241990' ) LIMIT 1   [ RunTime:0.003813s ]

